CEPEL - CENTRO DE PESQUISAS DE ENERGIA ELETRICA - PROGRAMA DE ANALISE DE REDES - V11.07.02                                 PAG.  34

 **EPE DECENAL 2032** PESADA ** ANO 2026 ** NORTE SECO                           
 RELATORIO DE EXECUCAO DO FLUXO DE POTENCIA CONTINUADO

 Opcoes Ativadas: CREM CTAP STEP BPSI NEWT RCVG RMON FILE CONT CELO ATCR INDC STPO CTAF CTAF

 X----X----------------X--------------------------X-------------X---------X
                            AUMENTO DA CARGA                               
  NUM.   CONVERGENCIA        ATIVA E REATIVA (%)   CARGA DA AREA PASSO MAX 
          STATUS    P/Q  MAXIMO    AREA    SISTEMA   MW / Mvar    P/Q (%)  
 X----X------------X---X--------X--------X--------X-------------X---------X

     0 Convergente    1    0.000    0.000    0.000 15123.31 MW      1.0000
                      1    0.000    0.000    0.000  -628.69 Mvar    1.0000
     1 Convergente    3    1.000    1.000    1.000 15274.54 MW      1.0000
                      3    1.000    1.000    1.000  -634.98 Mvar    1.0000
     2 Convergente    3    2.000    2.000    2.000 15425.77 MW      1.0000
                      3    2.000    2.000    2.000  -641.27 Mvar    1.0000
     3 Convergente    3    3.000    3.000    3.000 15577.01 MW      1.0000
                      3    3.000    3.000    3.000  -647.55 Mvar    1.0000
     4 Convergente    3    4.000    4.000    4.000 15728.24 MW      1.0000
                      3    4.000    4.000    4.000  -653.84 Mvar    1.0000
     5 Convergente    3    5.000    5.000    5.000 15879.47 MW      1.0000
                      3    5.000    5.000    5.000  -660.13 Mvar    1.0000
     6 Convergente    3    6.000    6.000    6.000 16030.71 MW      1.0000
                      3    6.000    6.000    6.000  -666.42 Mvar    1.0000
     7 Convergente    3    7.000    7.000    7.000 16181.94 MW      1.0000
                      3    7.000    7.000    7.000  -672.70 Mvar    1.0000
     8 Convergente    3    8.000    8.000    8.000 16333.17 MW      1.0000
                      3    8.000    8.000    8.000  -678.99 Mvar    1.0000
     9 Convergente    3    9.000    9.000    9.000 16484.41 MW      1.0000
                      3    9.000    9.000    9.000  -685.28 Mvar    1.0000
    10 Convergente    3   10.000   10.000   10.000 16635.64 MW      1.0000
                      3   10.000   10.000   10.000  -691.56 Mvar    1.0000
    11 Convergente    3   11.000   11.000   11.000 16786.87 MW      1.0000
                      3   11.000   11.000   11.000  -697.85 Mvar    1.0000
    12 Convergente    2   12.000   12.000   12.000 16938.10 MW      1.0000
                      2   12.000   12.000   12.000  -704.14 Mvar    1.0000
    13 Convergente    3   13.000   13.000   13.000 17089.34 MW      1.0000
                      3   13.000   13.000   13.000  -710.42 Mvar    1.0000
    14 Convergente    2   14.000   14.000   14.000 17240.57 MW      1.0000
                      2   14.000   14.000   14.000  -716.71 Mvar    1.0000
    15 Convergente    2   15.000   15.000   15.000 17391.80 MW      1.0000
                      2   15.000   15.000   15.000  -723.00 Mvar    1.0000
    16 Convergente    2   16.000   16.000   16.000 17543.04 MW      1.0000
                      2   16.000   16.000   16.000  -729.29 Mvar    1.0000
    17 Convergente    2   17.000   17.000   17.000 17694.27 MW      1.0000
                      2   17.000   17.000   17.000  -735.57 Mvar    1.0000
    18 Convergente    2   18.000   18.000   18.000 17845.50 MW      1.0000
                      2   18.000   18.000   18.000  -741.86 Mvar    1.0000
    19 Convergente    2   19.000   19.000   19.000 17996.74 MW      1.0000
                      2   19.000   19.000   19.000  -748.15 Mvar    1.0000
    20 Convergente    2   20.000   20.000   20.000 18147.97 MW      1.0000
                      2   20.000   20.000   20.000  -754.43 Mvar    1.0000
    21 Convergente    2   21.000   21.000   21.000 18299.20 MW      1.0000
                      2   21.000   21.000   21.000  -760.72 Mvar    1.0000
CEPEL - CENTRO DE PESQUISAS DE ENERGIA ELETRICA - PROGRAMA DE ANALISE DE REDES - V11.07.02                                 PAG.  35

    22.0000                                                                      
 RELATORIO DE EXECUCAO DO FLUXO DE POTENCIA CONTINUADO

 Opcoes Ativadas: CREM CTAP STEP BPSI NEWT RCVG RMON FILE CONT CELO ATCR INDC STPO CTAF CTAF

 X----X----------------X--------------------------X-------------X---------X
                            AUMENTO DA CARGA                               
  NUM.   CONVERGENCIA        ATIVA E REATIVA (%)   CARGA DA AREA PASSO MAX 
          STATUS    P/Q  MAXIMO    AREA    SISTEMA   MW / Mvar    P/Q (%)  
 X----X------------X---X--------X--------X--------X-------------X---------X

    22 Convergente    2   22.000   22.000   22.000 18450.44 MW      1.0000
                      2   22.000   22.000   22.000  -767.01 Mvar    1.0000
    23 Convergente    2   23.000   23.000   23.000 18601.67 MW      1.0000
                      2   23.000   23.000   23.000  -773.29 Mvar    1.0000
    24 Convergente    2   24.000   24.000   24.000 18752.90 MW      1.0000
                      2   24.000   24.000   24.000  -779.58 Mvar    1.0000
    25 Convergente    2   25.000   25.000   25.000 18904.13 MW      1.0000
                      2   25.000   25.000   25.000  -785.87 Mvar    1.0000
    26 Convergente    2   26.000   26.000   26.000 19055.37 MW      1.0000
                      2   26.000   26.000   26.000  -792.15 Mvar    1.0000
    27 Convergente    2   27.000   27.000   27.000 19206.60 MW      1.0000
                      2   27.000   27.000   27.000  -798.44 Mvar    1.0000
    28 Convergente    2   28.000   28.000   28.000 19357.83 MW      1.0000
                      2   28.000   28.000   28.000  -804.73 Mvar    1.0000
    29 Convergente    2   29.000   29.000   29.000 19509.07 MW      1.0000
                      2   29.000   29.000   29.000  -811.02 Mvar    1.0000
    30 Convergente    2   30.000   30.000   30.000 19660.30 MW      1.0000
                      2   30.000   30.000   30.000  -817.30 Mvar    1.0000
 
 Numero maximo de iteracoes atingido
CEPEL - CENTRO DE PESQUISAS DE ENERGIA ELETRICA - PROGRAMA DE ANALISE DE REDES - V11.07.02                                 PAG.  36

 **EPE DECENAL 2032** PESADA ** ANO 2026 ** NORTE SECO                           
 RELATORIO DE TOTAIS DE AREA

 X----X--------X--------X--------X--------X--------X--------X--------X--------X
  AREA  GERACAO  INJ EQV   CARGA   ELO CC    SHUNT   EXPORT   IMPORT   PERDAS
  NUM.    MW/      MW/      MW/      MW/     Mvar/     MW/      MW/      MW/
         Mvar     Mvar     Mvar     Mvar     EQUIV    Mvar     Mvar     Mvar
 X----X--------X--------X--------X--------X--------X--------X--------X--------X

   200  20287.9      0.0  19660.3      0.0   2230.2      0.0      0.0    627.6
        -5693.9      0.0   -817.3      0.0      0.0      0.0      0.0  -2646.4

 TOTAL  20287.9      0.0  19660.3      0.0   2230.2      0.0      0.0    627.6
        -5693.9      0.0   -817.3      0.0      0.0      0.0      0.0  -2646.4
CEPEL - CENTRO DE PESQUISAS DE ENERGIA ELETRICA - PROGRAMA DE ANALISE DE REDES - V11.07.02                                 PAG.  37

 **EPE DECENAL 2032** PESADA ** ANO 2026 ** NORTE SECO                           
 Listagem dos casos armazenados de Fluxo de Potencia - ANAREDE
 Arquivo Historico: C:\USERS\JOAOPEDROPETERSBARBO\DROPBOX\GITPYANA\PYANA\SISTEMAS\EXIC\NE224-C1\EXLF
 X----X-------------------------------------------------------------------------------------X
  CASO                      INFORMACOES DO CASO GRAVADO
 X----X-------------------------------------------------------------------------------------X

     1 DATA: 09/01/2025 / HORA: 21:56:41   / VERSAO DO PROGRAMA: V11.07.02             
 --------------------------------------------------------------------------------
                                   Comentarios                                   
 --------------------------------------------------------------------------------
     (-------------------------------- Comentarios ------------------------------
 ---)                                                                            
 SISTEMA NE REDUZIDO                                                             
CEPEL - CENTRO DE PESQUISAS DE ENERGIA ELETRICA - PROGRAMA DE ANALISE DE REDES - V11.07.02                                 PAG.  38

 **EPE DECENAL 2032** PESADA ** ANO 2026 ** NORTE SECO                           
 RELATORIO DE PADRAO PARA OPCOES DE EXECUCAO

 X------X------X------X------X------X------X------X------X------X------X
  OPCAO  OPCAO  OPCAO  OPCAO  OPCAO  OPCAO  OPCAO  OPCAO  OPCAO  OPCAO
  NOME E NOME E NOME E NOME E NOME E NOME E NOME E NOME E NOME E NOME E
 X----X-X----X-X----X-X----X-X----X-X----X-X----X-X----X-X----X-X----X-X

  CREM L CTAP L STEP L NEWT L RCVG L RMON L FILE L SUBS L CONT L NOVO L
  CELO L MFCT L ATCR L INDC L AREG L STPO L VLCR L CPHS L


 *** AVISO ***: Nao foram encontradas inconsistencias no arquivo historico e ele sera restabelecido normalmente.
CEPEL - CENTRO DE PESQUISAS DE ENERGIA ELETRICA - PROGRAMA DE ANALISE DE REDES - V11.07.02                                 PAG.  39

 **EPE DECENAL 2032** PESADA ** ANO 2026 ** NORTE SECO                           
 RELATORIO DE CONVERGENCIA

 OPCOES ATIVADAS: CREM CTAP STEP BPSI NEWT RCVG RMON FILE CONT CELO ATCR INDC STPO VLCR CPHS





 CONVERGENCIA FINAL

 X-----------X------X------X---------------X---------------X---------------X
    ITERACAO          FREQ. ERRO MAX BARRA  ERRO MAX BARRA  ERRO MAX  CONV  
  FC  P  Q  V  M.O.   (Hz)      MW    NUM.     Mvar   NUM.  TENSAO %  NUM.  
 X--X--X--X--X------X------X---------X-----X---------X-----X---------X-----X

   0                             0.00     0      0.00     0
      0  0  0 1.0000 60.000      0.00   289      0.00   500     0.000     0
CEPEL - CENTRO DE PESQUISAS DE ENERGIA ELETRICA - PROGRAMA DE ANALISE DE REDES - V11.07.02                                 PAG.  40

 **EPE DECENAL 2032** PESADA ** ANO 2026 ** NORTE SECO                           

 --- CASO ANAREDE 06 GRAVADO. ---
 **EPE DECENAL 2032** PESADA ** ANO 2026 ** NORTE SECO                           

