CEPEL - CENTRO DE PESQUISAS DE ENERGIA ELETRICA - PROGRAMA DE ANALISE DE REDES - V11.07.02                                 PAG.  48

 **EPE DECENAL 2032** PESADA ** ANO 2026 ** NORTE SECO                           
 RELATORIO DE EXECUCAO DO FLUXO DE POTENCIA CONTINUADO

 Opcoes Ativadas: CREM CTAP STEP BPSI NEWT RCVG RMON FILE CONT CELO ATCR INDC STPO CTAF CTAF

 X----X----------------X--------------------------X-------------X---------X
                            AUMENTO DA CARGA                               
  NUM.   CONVERGENCIA        ATIVA E REATIVA (%)   CARGA DA AREA PASSO MAX 
          STATUS    P/Q  MAXIMO    AREA    SISTEMA   MW / Mvar    P/Q (%)  
 X----X------------X---X--------X--------X--------X-------------X---------X

     0 Convergente    1    0.000    0.000    0.000 10286.90 MW      1.0000
                      1    0.000    0.000    0.000  -889.39 Mvar    0.8000
     1 Convergente    3    1.000    1.000    1.000 10389.77 MW      1.0000
                      3    0.800    0.800    0.800  -896.50 Mvar    0.8000
     2 Convergente    3    2.000    2.000    2.000 10492.64 MW      1.0000
                      3    1.600    1.600    1.600  -903.62 Mvar    0.8000
     3 Convergente    3    3.000    3.000    3.000 10595.51 MW      1.0000
                      3    2.400    2.400    2.400  -910.73 Mvar    0.8000
     4 Convergente    3    4.000    4.000    4.000 10698.38 MW      1.0000
                      3    3.200    3.200    3.200  -917.85 Mvar    0.8000
     5 Convergente    3    5.000    5.000    5.000 10801.25 MW      1.0000
                      3    4.000    4.000    4.000  -924.96 Mvar    0.8000
     6 Convergente    3    6.000    6.000    6.000 10904.12 MW      1.0000
                      3    4.800    4.800    4.800  -932.08 Mvar    0.8000
     7 Convergente    3    7.000    7.000    7.000 11006.99 MW      1.0000
                      3    5.600    5.600    5.600  -939.19 Mvar    0.8000
     8 Convergente    3    8.000    8.000    8.000 11109.86 MW      1.0000
                      3    6.400    6.400    6.400  -946.31 Mvar    0.8000
     9 Convergente    3    9.000    9.000    9.000 11212.72 MW      1.0000
                      3    7.200    7.200    7.200  -953.43 Mvar    0.8000
    10 Convergente    3   10.000   10.000   10.000 11315.59 MW      1.0000
                      3    8.000    8.000    8.000  -960.54 Mvar    0.8000
    11 Convergente    3   11.000   11.000   11.000 11418.46 MW      1.0000
                      3    8.800    8.800    8.800  -967.66 Mvar    0.8000
    12 Convergente    3   12.000   12.000   12.000 11521.33 MW      1.0000
                      3    9.600    9.600    9.600  -974.77 Mvar    0.8000
    13 Convergente    3   13.000   13.000   13.000 11624.20 MW      1.0000
                      3   10.400   10.400   10.400  -981.89 Mvar    0.8000
    14 Convergente    3   14.000   14.000   14.000 11727.07 MW      1.0000
                      3   11.200   11.200   11.200  -989.00 Mvar    0.8000
    15 Convergente    3   15.000   15.000   15.000 11829.94 MW      1.0000
                      3   12.000   12.000   12.000  -996.12 Mvar    0.8000
    16 Convergente    3   16.000   16.000   16.000 11932.81 MW      1.0000
                      3   12.800   12.800   12.800 -1003.23 Mvar    0.8000
    17 Convergente    3   17.000   17.000   17.000 12035.68 MW      1.0000
                      3   13.600   13.600   13.600 -1010.35 Mvar    0.8000
    18 Convergente    3   18.000   18.000   18.000 12138.55 MW      1.0000
                      3   14.400   14.400   14.400 -1017.46 Mvar    0.8000
    19 Convergente    3   19.000   19.000   19.000 12241.41 MW      1.0000
                      3   15.200   15.200   15.200 -1024.58 Mvar    0.8000
    20 Convergente    3   20.000   20.000   20.000 12344.28 MW      1.0000
                      3   16.000   16.000   16.000 -1031.69 Mvar    0.8000
    21 Convergente    3   21.000   21.000   21.000 12447.15 MW      1.0000
                      3   16.800   16.800   16.800 -1038.81 Mvar    0.8000
CEPEL - CENTRO DE PESQUISAS DE ENERGIA ELETRICA - PROGRAMA DE ANALISE DE REDES - V11.07.02                                 PAG.  49

    22.0000                                                                      
 RELATORIO DE EXECUCAO DO FLUXO DE POTENCIA CONTINUADO

 Opcoes Ativadas: CREM CTAP STEP BPSI NEWT RCVG RMON FILE CONT CELO ATCR INDC STPO CTAF CTAF

 X----X----------------X--------------------------X-------------X---------X
                            AUMENTO DA CARGA                               
  NUM.   CONVERGENCIA        ATIVA E REATIVA (%)   CARGA DA AREA PASSO MAX 
          STATUS    P/Q  MAXIMO    AREA    SISTEMA   MW / Mvar    P/Q (%)  
 X----X------------X---X--------X--------X--------X-------------X---------X

    22 Convergente    2   22.000   22.000   22.000 12550.02 MW      1.0000
                      2   17.600   17.600   17.600 -1045.92 Mvar    0.8000
    23 Convergente    2   23.000   23.000   23.000 12652.89 MW      1.0000
                      2   18.400   18.400   18.400 -1053.04 Mvar    0.8000
    24 Convergente    2   24.000   24.000   24.000 12755.76 MW      1.0000
                      2   19.200   19.200   19.200 -1060.15 Mvar    0.8000
    25 Convergente    2   25.000   25.000   25.000 12858.63 MW      1.0000
                      2   20.000   20.000   20.000 -1067.27 Mvar    0.8000
    26 Convergente    2   26.000   26.000   26.000 12961.50 MW      1.0000
                      2   20.800   20.800   20.800 -1074.38 Mvar    0.8000
    27 Convergente    2   27.000   27.000   27.000 13064.37 MW      1.0000
                      2   21.600   21.600   21.600 -1081.50 Mvar    0.8000
    28 Convergente    2   28.000   28.000   28.000 13167.24 MW      1.0000
                      2   22.400   22.400   22.400 -1088.61 Mvar    0.8000
    29 Convergente    2   29.000   29.000   29.000 13270.10 MW      1.0000
                      2   23.200   23.200   23.200 -1095.73 Mvar    0.8000
    30 Convergente    2   30.000   30.000   30.000 13372.97 MW      1.0000
                      2   24.000   24.000   24.000 -1102.84 Mvar    0.8000
 
 Numero maximo de iteracoes atingido
CEPEL - CENTRO DE PESQUISAS DE ENERGIA ELETRICA - PROGRAMA DE ANALISE DE REDES - V11.07.02                                 PAG.  50

 **EPE DECENAL 2032** PESADA ** ANO 2026 ** NORTE SECO                           
 RELATORIO DE TOTAIS DE AREA

 X----X--------X--------X--------X--------X--------X--------X--------X--------X
  AREA  GERACAO  INJ EQV   CARGA   ELO CC    SHUNT   EXPORT   IMPORT   PERDAS
  NUM.    MW/      MW/      MW/      MW/     Mvar/     MW/      MW/      MW/
         Mvar     Mvar     Mvar     Mvar     EQUIV    Mvar     Mvar     Mvar
 X----X--------X--------X--------X--------X--------X--------X--------X--------X

   200  13983.5      0.0  13373.0      0.0   2280.9      0.0      0.0    610.5
        -5295.3      0.0  -1102.8      0.0      0.0      0.0      0.0  -1911.5

 TOTAL  13983.5      0.0  13373.0      0.0   2280.9      0.0      0.0    610.5
        -5295.3      0.0  -1102.8      0.0      0.0      0.0      0.0  -1911.5
CEPEL - CENTRO DE PESQUISAS DE ENERGIA ELETRICA - PROGRAMA DE ANALISE DE REDES - V11.07.02                                 PAG.  51

 **EPE DECENAL 2032** PESADA ** ANO 2026 ** NORTE SECO                           
 Listagem dos casos armazenados de Fluxo de Potencia - ANAREDE
 Arquivo Historico: C:\USERS\JOAOPEDROPETERSBARBO\DROPBOX\GITPYANA\PYANA\SISTEMAS\EXIC\NE224-C1\EXLF
 X----X-------------------------------------------------------------------------------------X
  CASO                      INFORMACOES DO CASO GRAVADO
 X----X-------------------------------------------------------------------------------------X

     1 DATA: 09/01/2025 / HORA: 23:13:06   / VERSAO DO PROGRAMA: V11.07.02             
 --------------------------------------------------------------------------------
                                   Comentarios                                   
 --------------------------------------------------------------------------------
     (-------------------------------- Comentarios ------------------------------
 ---)                                                                            
 SISTEMA NE REDUZIDO                                                             
CEPEL - CENTRO DE PESQUISAS DE ENERGIA ELETRICA - PROGRAMA DE ANALISE DE REDES - V11.07.02                                 PAG.  52

 **EPE DECENAL 2032** PESADA ** ANO 2026 ** NORTE SECO                           
 RELATORIO DE PADRAO PARA OPCOES DE EXECUCAO

 X------X------X------X------X------X------X------X------X------X------X
  OPCAO  OPCAO  OPCAO  OPCAO  OPCAO  OPCAO  OPCAO  OPCAO  OPCAO  OPCAO
  NOME E NOME E NOME E NOME E NOME E NOME E NOME E NOME E NOME E NOME E
 X----X-X----X-X----X-X----X-X----X-X----X-X----X-X----X-X----X-X----X-X

  CREM L CTAP L STEP L NEWT L RCVG L RMON L FILE L SUBS L CONT L NOVO L
  CELO L MFCT L ATCR L INDC L AREG L STPO L VLCR L CPHS L


 *** AVISO ***: Nao foram encontradas inconsistencias no arquivo historico e ele sera restabelecido normalmente.
CEPEL - CENTRO DE PESQUISAS DE ENERGIA ELETRICA - PROGRAMA DE ANALISE DE REDES - V11.07.02                                 PAG.  53

 **EPE DECENAL 2032** PESADA ** ANO 2026 ** NORTE SECO                           
 RELATORIO DE CONVERGENCIA

 OPCOES ATIVADAS: CREM CTAP STEP BPSI NEWT RCVG RMON FILE CONT CELO ATCR INDC STPO VLCR CPHS





 CONVERGENCIA FINAL

 X-----------X------X------X---------------X---------------X---------------X
    ITERACAO          FREQ. ERRO MAX BARRA  ERRO MAX BARRA  ERRO MAX  CONV  
  FC  P  Q  V  M.O.   (Hz)      MW    NUM.     Mvar   NUM.  TENSAO %  NUM.  
 X--X--X--X--X------X------X---------X-----X---------X-----X---------X-----X

   0                             0.00     0      0.00     0
      0  0  0 1.0000 60.000      0.00   500      0.00   500     0.000     0
CEPEL - CENTRO DE PESQUISAS DE ENERGIA ELETRICA - PROGRAMA DE ANALISE DE REDES - V11.07.02                                 PAG.  54

 **EPE DECENAL 2032** PESADA ** ANO 2026 ** NORTE SECO                           

 --- CASO ANAREDE 08 GRAVADO. ---
 **EPE DECENAL 2032** PESADA ** ANO 2026 ** NORTE SECO                           

