CEPEL - CENTRO DE PESQUISAS DE ENERGIA ELETRICA - PROGRAMA DE ANALISE DE REDES - V11.07.02                                 PAG.  55

 **EPE DECENAL 2032** PESADA ** ANO 2026 ** NORTE SECO                           
 RELATORIO DE EXECUCAO DO FLUXO DE POTENCIA CONTINUADO

 Opcoes Ativadas: CREM CTAP STEP BPSI NEWT RCVG RMON FILE CONT CELO ATCR INDC STPO CTAF CTAF

 X----X----------------X--------------------------X-------------X---------X
                            AUMENTO DA CARGA                               
  NUM.   CONVERGENCIA        ATIVA E REATIVA (%)   CARGA DA AREA PASSO MAX 
          STATUS    P/Q  MAXIMO    AREA    SISTEMA   MW / Mvar    P/Q (%)  
 X----X------------X---X--------X--------X--------X-------------X---------X

     0 Convergente    1    0.000    0.000    0.000 15123.31 MW      1.0000
                      1    0.000    0.000    0.000  -628.69 Mvar    0.7000
     1 Convergente    3    1.000    1.000    1.000 15274.54 MW      1.0000
                      3    0.700    0.700    0.700  -633.09 Mvar    0.7000
     2 Convergente    3    2.000    2.000    2.000 15425.77 MW      1.0000
                      3    1.400    1.400    1.400  -637.50 Mvar    0.7000
     3 Convergente    3    3.000    3.000    3.000 15577.01 MW      1.0000
                      3    2.100    2.100    2.100  -641.90 Mvar    0.7000
     4 Convergente    3    4.000    4.000    4.000 15728.24 MW      1.0000
                      3    2.800    2.800    2.800  -646.30 Mvar    0.7000
     5 Convergente    3    5.000    5.000    5.000 15879.47 MW      1.0000
                      3    3.500    3.500    3.500  -650.70 Mvar    0.7000
     6 Convergente    3    6.000    6.000    6.000 16030.71 MW      1.0000
                      3    4.200    4.200    4.200  -655.10 Mvar    0.7000
     7 Convergente    3    7.000    7.000    7.000 16181.94 MW      1.0000
                      3    4.900    4.900    4.900  -659.50 Mvar    0.7000
     8 Convergente    3    8.000    8.000    8.000 16333.17 MW      1.0000
                      3    5.600    5.600    5.600  -663.90 Mvar    0.7000
     9 Convergente    3    9.000    9.000    9.000 16484.41 MW      1.0000
                      3    6.300    6.300    6.300  -668.30 Mvar    0.7000
    10 Convergente    3   10.000   10.000   10.000 16635.64 MW      1.0000
                      3    7.000    7.000    7.000  -672.70 Mvar    0.7000
    11 Convergente    3   11.000   11.000   11.000 16786.87 MW      1.0000
                      3    7.700    7.700    7.700  -677.10 Mvar    0.7000
    12 Convergente    2   12.000   12.000   12.000 16938.10 MW      1.0000
                      2    8.400    8.400    8.400  -681.50 Mvar    0.7000
    13 Convergente    2   13.000   13.000   13.000 17089.34 MW      1.0000
                      2    9.100    9.100    9.100  -685.91 Mvar    0.7000
    14 Convergente    2   14.000   14.000   14.000 17240.57 MW      1.0000
                      2    9.800    9.800    9.800  -690.31 Mvar    0.7000
    15 Convergente    3   15.000   15.000   15.000 17391.80 MW      1.0000
                      3   10.500   10.500   10.500  -694.71 Mvar    0.7000
    16 Convergente    2   16.000   16.000   16.000 17543.04 MW      1.0000
                      2   11.200   11.200   11.200  -699.11 Mvar    0.7000
    17 Convergente    2   17.000   17.000   17.000 17694.27 MW      1.0000
                      2   11.900   11.900   11.900  -703.51 Mvar    0.7000
    18 Convergente    2   18.000   18.000   18.000 17845.50 MW      1.0000
                      2   12.600   12.600   12.600  -707.91 Mvar    0.7000
    19 Convergente    2   19.000   19.000   19.000 17996.74 MW      1.0000
                      2   13.300   13.300   13.300  -712.31 Mvar    0.7000
    20 Convergente    2   20.000   20.000   20.000 18147.97 MW      1.0000
                      2   14.000   14.000   14.000  -716.71 Mvar    0.7000
    21 Convergente    2   21.000   21.000   21.000 18299.20 MW      1.0000
                      2   14.700   14.700   14.700  -721.11 Mvar    0.7000
CEPEL - CENTRO DE PESQUISAS DE ENERGIA ELETRICA - PROGRAMA DE ANALISE DE REDES - V11.07.02                                 PAG.  56

    22.0000                                                                      
 RELATORIO DE EXECUCAO DO FLUXO DE POTENCIA CONTINUADO

 Opcoes Ativadas: CREM CTAP STEP BPSI NEWT RCVG RMON FILE CONT CELO ATCR INDC STPO CTAF CTAF

 X----X----------------X--------------------------X-------------X---------X
                            AUMENTO DA CARGA                               
  NUM.   CONVERGENCIA        ATIVA E REATIVA (%)   CARGA DA AREA PASSO MAX 
          STATUS    P/Q  MAXIMO    AREA    SISTEMA   MW / Mvar    P/Q (%)  
 X----X------------X---X--------X--------X--------X-------------X---------X

    22 Convergente    2   22.000   22.000   22.000 18450.44 MW      1.0000
                      2   15.400   15.400   15.400  -725.51 Mvar    0.7000
    23 Convergente    2   23.000   23.000   23.000 18601.67 MW      1.0000
                      2   16.100   16.100   16.100  -729.91 Mvar    0.7000
    24 Convergente    2   24.000   24.000   24.000 18752.90 MW      1.0000
                      2   16.800   16.800   16.800  -734.31 Mvar    0.7000
    25 Convergente    2   25.000   25.000   25.000 18904.13 MW      1.0000
                      2   17.500   17.500   17.500  -738.72 Mvar    0.7000
    26 Convergente    2   26.000   26.000   26.000 19055.37 MW      1.0000
                      2   18.200   18.200   18.200  -743.12 Mvar    0.7000
    27 Convergente    2   27.000   27.000   27.000 19206.60 MW      1.0000
                      2   18.900   18.900   18.900  -747.52 Mvar    0.7000
    28 Convergente    2   28.000   28.000   28.000 19357.83 MW      1.0000
                      2   19.600   19.600   19.600  -751.92 Mvar    0.7000
    29 Convergente    2   29.000   29.000   29.000 19509.07 MW      1.0000
                      2   20.300   20.300   20.300  -756.32 Mvar    0.7000
    30 Convergente    2   30.000   30.000   30.000 19660.30 MW      1.0000
                      2   21.000   21.000   21.000  -760.72 Mvar    0.7000
 
 Numero maximo de iteracoes atingido
CEPEL - CENTRO DE PESQUISAS DE ENERGIA ELETRICA - PROGRAMA DE ANALISE DE REDES - V11.07.02                                 PAG.  57

 **EPE DECENAL 2032** PESADA ** ANO 2026 ** NORTE SECO                           
 RELATORIO DE TOTAIS DE AREA

 X----X--------X--------X--------X--------X--------X--------X--------X--------X
  AREA  GERACAO  INJ EQV   CARGA   ELO CC    SHUNT   EXPORT   IMPORT   PERDAS
  NUM.    MW/      MW/      MW/      MW/     Mvar/     MW/      MW/      MW/
         Mvar     Mvar     Mvar     Mvar     EQUIV    Mvar     Mvar     Mvar
 X----X--------X--------X--------X--------X--------X--------X--------X--------X

   200  20284.1      0.0  19660.3      0.0   2246.1      0.0      0.0    623.8
        -5721.2      0.0   -760.7      0.0      0.0      0.0      0.0  -2714.4

 TOTAL  20284.1      0.0  19660.3      0.0   2246.1      0.0      0.0    623.8
        -5721.2      0.0   -760.7      0.0      0.0      0.0      0.0  -2714.4
CEPEL - CENTRO DE PESQUISAS DE ENERGIA ELETRICA - PROGRAMA DE ANALISE DE REDES - V11.07.02                                 PAG.  58

 **EPE DECENAL 2032** PESADA ** ANO 2026 ** NORTE SECO                           
 Listagem dos casos armazenados de Fluxo de Potencia - ANAREDE
 Arquivo Historico: C:\USERS\JOAOPEDROPETERSBARBO\DROPBOX\GITPYANA\PYANA\SISTEMAS\EXIC\NE224-C1\EXLF
 X----X-------------------------------------------------------------------------------------X
  CASO                      INFORMACOES DO CASO GRAVADO
 X----X-------------------------------------------------------------------------------------X

     1 DATA: 09/01/2025 / HORA: 21:56:41   / VERSAO DO PROGRAMA: V11.07.02             
 --------------------------------------------------------------------------------
                                   Comentarios                                   
 --------------------------------------------------------------------------------
     (-------------------------------- Comentarios ------------------------------
 ---)                                                                            
 SISTEMA NE REDUZIDO                                                             
CEPEL - CENTRO DE PESQUISAS DE ENERGIA ELETRICA - PROGRAMA DE ANALISE DE REDES - V11.07.02                                 PAG.  59

 **EPE DECENAL 2032** PESADA ** ANO 2026 ** NORTE SECO                           
 RELATORIO DE PADRAO PARA OPCOES DE EXECUCAO

 X------X------X------X------X------X------X------X------X------X------X
  OPCAO  OPCAO  OPCAO  OPCAO  OPCAO  OPCAO  OPCAO  OPCAO  OPCAO  OPCAO
  NOME E NOME E NOME E NOME E NOME E NOME E NOME E NOME E NOME E NOME E
 X----X-X----X-X----X-X----X-X----X-X----X-X----X-X----X-X----X-X----X-X

  CREM L CTAP L STEP L NEWT L RCVG L RMON L FILE L SUBS L CONT L NOVO L
  CELO L MFCT L ATCR L INDC L AREG L STPO L VLCR L CPHS L


 *** AVISO ***: Nao foram encontradas inconsistencias no arquivo historico e ele sera restabelecido normalmente.
CEPEL - CENTRO DE PESQUISAS DE ENERGIA ELETRICA - PROGRAMA DE ANALISE DE REDES - V11.07.02                                 PAG.  60

 **EPE DECENAL 2032** PESADA ** ANO 2026 ** NORTE SECO                           
 RELATORIO DE CONVERGENCIA

 OPCOES ATIVADAS: CREM CTAP STEP BPSI NEWT RCVG RMON FILE CONT CELO ATCR INDC STPO VLCR CPHS





 CONVERGENCIA FINAL

 X-----------X------X------X---------------X---------------X---------------X
    ITERACAO          FREQ. ERRO MAX BARRA  ERRO MAX BARRA  ERRO MAX  CONV  
  FC  P  Q  V  M.O.   (Hz)      MW    NUM.     Mvar   NUM.  TENSAO %  NUM.  
 X--X--X--X--X------X------X---------X-----X---------X-----X---------X-----X

   0                             0.00     0      0.00     0
      0  0  0 1.0000 60.000      0.00   289      0.00   500     0.000     0
CEPEL - CENTRO DE PESQUISAS DE ENERGIA ELETRICA - PROGRAMA DE ANALISE DE REDES - V11.07.02                                 PAG.  61

 **EPE DECENAL 2032** PESADA ** ANO 2026 ** NORTE SECO                           

 --- CASO ANAREDE 09 GRAVADO. ---
 **EPE DECENAL 2032** PESADA ** ANO 2026 ** NORTE SECO                           

