CEPEL - CENTRO DE PESQUISAS DE ENERGIA ELETRICA - PROGRAMA DE ANALISE DE REDES - V11.07.02                                 PAG.  20

 **EPE DECENAL 2032** PESADA ** ANO 2026 ** NORTE SECO                           
 RELATORIO DE EXECUCAO DO FLUXO DE POTENCIA CONTINUADO

 Opcoes Ativadas: CREM CTAP STEP BPSI NEWT RCVG RMON FILE CONT CELO ATCR INDC STPO CTAF CTAF

 X----X----------------X--------------------------X-------------X---------X
                            AUMENTO DA CARGA                               
  NUM.   CONVERGENCIA        ATIVA E REATIVA (%)   CARGA DA AREA PASSO MAX 
          STATUS    P/Q  MAXIMO    AREA    SISTEMA   MW / Mvar    P/Q (%)  
 X----X------------X---X--------X--------X--------X-------------X---------X

     0 Convergente    1    0.000    0.000    0.000 10286.90 MW      0.8000
                      1    0.000    0.000    0.000  -889.39 Mvar    1.0000
     1 Convergente    3    0.800    0.800    0.800 10369.20 MW      0.8000
                      3    1.000    1.000    1.000  -898.28 Mvar    1.0000
     2 Convergente    3    1.600    1.600    1.600 10451.49 MW      0.8000
                      3    2.000    2.000    2.000  -907.18 Mvar    1.0000
     3 Convergente    3    2.400    2.400    2.400 10533.79 MW      0.8000
                      3    3.000    3.000    3.000  -916.07 Mvar    1.0000
     4 Convergente    3    3.200    3.200    3.200 10616.08 MW      0.8000
                      3    4.000    4.000    4.000  -924.96 Mvar    1.0000
     5 Convergente    3    4.000    4.000    4.000 10698.38 MW      0.8000
                      3    5.000    5.000    5.000  -933.86 Mvar    1.0000
     6 Convergente    3    4.800    4.800    4.800 10780.67 MW      0.8000
                      3    6.000    6.000    6.000  -942.75 Mvar    1.0000
     7 Convergente    3    5.600    5.600    5.600 10862.97 MW      0.8000
                      3    7.000    7.000    7.000  -951.65 Mvar    1.0000
     8 Convergente    3    6.400    6.400    6.400 10945.26 MW      0.8000
                      3    8.000    8.000    8.000  -960.54 Mvar    1.0000
     9 Convergente    3    7.200    7.200    7.200 11027.56 MW      0.8000
                      3    9.000    9.000    9.000  -969.43 Mvar    1.0000
    10 Convergente    3    8.000    8.000    8.000 11109.86 MW      0.8000
                      3   10.000   10.000   10.000  -978.33 Mvar    1.0000
    11 Convergente    3    8.800    8.800    8.800 11192.15 MW      0.8000
                      3   11.000   11.000   11.000  -987.22 Mvar    1.0000
    12 Convergente    3    9.600    9.600    9.600 11274.45 MW      0.8000
                      3   12.000   12.000   12.000  -996.12 Mvar    1.0000
    13 Convergente    3   10.400   10.400   10.400 11356.74 MW      0.8000
                      3   13.000   13.000   13.000 -1005.01 Mvar    1.0000
    14 Convergente    3   11.200   11.200   11.200 11439.04 MW      0.8000
                      3   14.000   14.000   14.000 -1013.90 Mvar    1.0000
    15 Convergente    3   12.000   12.000   12.000 11521.33 MW      0.8000
                      3   15.000   15.000   15.000 -1022.80 Mvar    1.0000
    16 Convergente    3   12.800   12.800   12.800 11603.63 MW      0.8000
                      3   16.000   16.000   16.000 -1031.69 Mvar    1.0000
    17 Convergente    2   13.600   13.600   13.600 11685.92 MW      0.8000
                      2   17.000   17.000   17.000 -1040.59 Mvar    1.0000
    18 Convergente    2   14.400   14.400   14.400 11768.22 MW      0.8000
                      2   18.000   18.000   18.000 -1049.48 Mvar    1.0000
    19 Convergente    2   15.200   15.200   15.200 11850.51 MW      0.8000
                      2   19.000   19.000   19.000 -1058.37 Mvar    1.0000
    20 Convergente    2   16.000   16.000   16.000 11932.81 MW      0.8000
                      2   20.000   20.000   20.000 -1067.27 Mvar    1.0000
    21 Convergente    2   16.800   16.800   16.800 12015.10 MW      0.8000
                      2   21.000   21.000   21.000 -1076.16 Mvar    1.0000
CEPEL - CENTRO DE PESQUISAS DE ENERGIA ELETRICA - PROGRAMA DE ANALISE DE REDES - V11.07.02                                 PAG.  21

    17.6000                                                                      
 RELATORIO DE EXECUCAO DO FLUXO DE POTENCIA CONTINUADO

 Opcoes Ativadas: CREM CTAP STEP BPSI NEWT RCVG RMON FILE CONT CELO ATCR INDC STPO CTAF CTAF

 X----X----------------X--------------------------X-------------X---------X
                            AUMENTO DA CARGA                               
  NUM.   CONVERGENCIA        ATIVA E REATIVA (%)   CARGA DA AREA PASSO MAX 
          STATUS    P/Q  MAXIMO    AREA    SISTEMA   MW / Mvar    P/Q (%)  
 X----X------------X---X--------X--------X--------X-------------X---------X

    22 Convergente    2   17.600   17.600   17.600 12097.40 MW      0.8000
                      2   22.000   22.000   22.000 -1085.05 Mvar    1.0000
    23 Convergente    2   18.400   18.400   18.400 12179.69 MW      0.8000
                      2   23.000   23.000   23.000 -1093.95 Mvar    1.0000
    24 Convergente    2   19.200   19.200   19.200 12261.99 MW      0.8000
                      2   24.000   24.000   24.000 -1102.84 Mvar    1.0000
    25 Convergente    2   20.000   20.000   20.000 12344.28 MW      0.8000
                      2   25.000   25.000   25.000 -1111.74 Mvar    1.0000
    26 Convergente    2   20.800   20.800   20.800 12426.58 MW      0.8000
                      2   26.000   26.000   26.000 -1120.63 Mvar    1.0000
    27 Convergente    2   21.600   21.600   21.600 12508.87 MW      0.8000
                      2   27.000   27.000   27.000 -1129.52 Mvar    1.0000
    28 Convergente    2   22.400   22.400   22.400 12591.17 MW      0.8000
                      2   28.000   28.000   28.000 -1138.42 Mvar    1.0000
    29 Convergente    2   23.200   23.200   23.200 12673.46 MW      0.8000
                      2   29.000   29.000   29.000 -1147.31 Mvar    1.0000
    30 Convergente    2   24.000   24.000   24.000 12755.76 MW      0.8000
                      2   30.000   30.000   30.000 -1156.21 Mvar    1.0000
 
 Numero maximo de iteracoes atingido
CEPEL - CENTRO DE PESQUISAS DE ENERGIA ELETRICA - PROGRAMA DE ANALISE DE REDES - V11.07.02                                 PAG.  22

 **EPE DECENAL 2032** PESADA ** ANO 2026 ** NORTE SECO                           
 RELATORIO DE TOTAIS DE AREA

 X----X--------X--------X--------X--------X--------X--------X--------X--------X
  AREA  GERACAO  INJ EQV   CARGA   ELO CC    SHUNT   EXPORT   IMPORT   PERDAS
  NUM.    MW/      MW/      MW/      MW/     Mvar/     MW/      MW/      MW/
         Mvar     Mvar     Mvar     Mvar     EQUIV    Mvar     Mvar     Mvar
 X----X--------X--------X--------X--------X--------X--------X--------X--------X

   200  13388.2      0.0  12755.8      0.0   2241.1      0.0      0.0    632.4
        -4500.4      0.0  -1156.2      0.0      0.0      0.0      0.0  -1103.1

 TOTAL  13388.2      0.0  12755.8      0.0   2241.1      0.0      0.0    632.4
        -4500.4      0.0  -1156.2      0.0      0.0      0.0      0.0  -1103.1
CEPEL - CENTRO DE PESQUISAS DE ENERGIA ELETRICA - PROGRAMA DE ANALISE DE REDES - V11.07.02                                 PAG.  23

 **EPE DECENAL 2032** PESADA ** ANO 2026 ** NORTE SECO                           
 Listagem dos casos armazenados de Fluxo de Potencia - ANAREDE
 Arquivo Historico: C:\USERS\JOAOPEDROPETERSBARBO\DROPBOX\GITPYANA\PYANA\SISTEMAS\EXIC\NE224-C1\EXLF
 X----X-------------------------------------------------------------------------------------X
  CASO                      INFORMACOES DO CASO GRAVADO
 X----X-------------------------------------------------------------------------------------X

     1 DATA: 09/01/2025 / HORA: 23:13:06   / VERSAO DO PROGRAMA: V11.07.02             
 --------------------------------------------------------------------------------
                                   Comentarios                                   
 --------------------------------------------------------------------------------
     (-------------------------------- Comentarios ------------------------------
 ---)                                                                            
 SISTEMA NE REDUZIDO                                                             
CEPEL - CENTRO DE PESQUISAS DE ENERGIA ELETRICA - PROGRAMA DE ANALISE DE REDES - V11.07.02                                 PAG.  24

 **EPE DECENAL 2032** PESADA ** ANO 2026 ** NORTE SECO                           
 RELATORIO DE PADRAO PARA OPCOES DE EXECUCAO

 X------X------X------X------X------X------X------X------X------X------X
  OPCAO  OPCAO  OPCAO  OPCAO  OPCAO  OPCAO  OPCAO  OPCAO  OPCAO  OPCAO
  NOME E NOME E NOME E NOME E NOME E NOME E NOME E NOME E NOME E NOME E
 X----X-X----X-X----X-X----X-X----X-X----X-X----X-X----X-X----X-X----X-X

  CREM L CTAP L STEP L NEWT L RCVG L RMON L FILE L SUBS L CONT L NOVO L
  CELO L MFCT L ATCR L INDC L AREG L STPO L VLCR L CPHS L


 *** AVISO ***: Nao foram encontradas inconsistencias no arquivo historico e ele sera restabelecido normalmente.
CEPEL - CENTRO DE PESQUISAS DE ENERGIA ELETRICA - PROGRAMA DE ANALISE DE REDES - V11.07.02                                 PAG.  25

 **EPE DECENAL 2032** PESADA ** ANO 2026 ** NORTE SECO                           
 RELATORIO DE CONVERGENCIA

 OPCOES ATIVADAS: CREM CTAP STEP BPSI NEWT RCVG RMON FILE CONT CELO ATCR INDC STPO VLCR CPHS





 CONVERGENCIA FINAL

 X-----------X------X------X---------------X---------------X---------------X
    ITERACAO          FREQ. ERRO MAX BARRA  ERRO MAX BARRA  ERRO MAX  CONV  
  FC  P  Q  V  M.O.   (Hz)      MW    NUM.     Mvar   NUM.  TENSAO %  NUM.  
 X--X--X--X--X------X------X---------X-----X---------X-----X---------X-----X

   0                             0.00     0      0.00     0
      0  0  0 1.0000 60.000      0.00   500      0.00   500     0.000     0
CEPEL - CENTRO DE PESQUISAS DE ENERGIA ELETRICA - PROGRAMA DE ANALISE DE REDES - V11.07.02                                 PAG.  26

 **EPE DECENAL 2032** PESADA ** ANO 2026 ** NORTE SECO                           

 --- CASO ANAREDE 04 GRAVADO. ---
 **EPE DECENAL 2032** PESADA ** ANO 2026 ** NORTE SECO                           

