CEPEL - CENTRO DE PESQUISAS DE ENERGIA ELETRICA - PROGRAMA DE ANALISE DE REDES - V11.07.02                                 PAG.   6

 **EPE DECENAL 2032** PESADA ** ANO 2026 ** NORTE SECO                           
 RELATORIO DE EXECUCAO DO FLUXO DE POTENCIA CONTINUADO

 Opcoes Ativadas: CREM CTAP STEP BPSI NEWT RCVG RMON FILE CONT CELO ATCR INDC STPO CTAF CTAF

 X----X----------------X--------------------------X-------------X---------X
                            AUMENTO DA CARGA                               
  NUM.   CONVERGENCIA        ATIVA E REATIVA (%)   CARGA DA AREA PASSO MAX 
          STATUS    P/Q  MAXIMO    AREA    SISTEMA   MW / Mvar    P/Q (%)  
 X----X------------X---X--------X--------X--------X-------------X---------X

     0 Convergente    1    0.000    0.000    0.000 15123.31 MW      0.6000
                      1    0.000    0.000    0.000  -628.69 Mvar    1.0000
     1 Convergente    2    0.600    0.600    0.600 15214.05 MW      0.6000
                      2    1.000    1.000    1.000  -634.98 Mvar    1.0000
     2 Convergente    2    1.200    1.200    1.200 15304.79 MW      0.6000
                      2    2.000    2.000    2.000  -641.27 Mvar    1.0000
     3 Convergente    2    1.800    1.800    1.800 15395.53 MW      0.6000
                      2    3.000    3.000    3.000  -647.55 Mvar    1.0000
     4 Convergente    2    2.400    2.400    2.400 15486.27 MW      0.6000
                      2    4.000    4.000    4.000  -653.84 Mvar    1.0000
     5 Convergente    2    3.000    3.000    3.000 15577.01 MW      0.6000
                      2    5.000    5.000    5.000  -660.13 Mvar    1.0000
     6 Convergente    2    3.600    3.600    3.600 15667.75 MW      0.6000
                      2    6.000    6.000    6.000  -666.42 Mvar    1.0000
     7 Convergente    2    4.200    4.200    4.200 15758.49 MW      0.6000
                      2    7.000    7.000    7.000  -672.70 Mvar    1.0000
     8 Convergente    2    4.800    4.800    4.800 15849.23 MW      0.6000
                      2    8.000    8.000    8.000  -678.99 Mvar    1.0000
     9 Convergente    2    5.400    5.400    5.400 15939.97 MW      0.6000
                      2    9.000    9.000    9.000  -685.28 Mvar    1.0000
    10 Convergente    2    6.000    6.000    6.000 16030.71 MW      0.6000
                      2   10.000   10.000   10.000  -691.56 Mvar    1.0000
    11 Convergente    2    6.600    6.600    6.600 16121.45 MW      0.6000
                      2   11.000   11.000   11.000  -697.85 Mvar    1.0000
    12 Convergente    2    7.200    7.200    7.200 16212.19 MW      0.6000
                      2   12.000   12.000   12.000  -704.14 Mvar    1.0000
    13 Convergente    3    7.800    7.800    7.800 16302.93 MW      0.6000
                      3   13.000   13.000   13.000  -710.42 Mvar    1.0000
    14 Convergente    2    8.400    8.400    8.400 16393.67 MW      0.6000
                      2   14.000   14.000   14.000  -716.71 Mvar    1.0000
    15 Convergente    2    9.000    9.000    9.000 16484.41 MW      0.6000
                      2   15.000   15.000   15.000  -723.00 Mvar    1.0000
    16 Convergente    2    9.600    9.600    9.600 16575.15 MW      0.6000
                      2   16.000   16.000   16.000  -729.29 Mvar    1.0000
    17 Convergente    2   10.200   10.200   10.200 16665.89 MW      0.6000
                      2   17.000   17.000   17.000  -735.57 Mvar    1.0000
    18 Convergente    2   10.800   10.800   10.800 16756.63 MW      0.6000
                      2   18.000   18.000   18.000  -741.86 Mvar    1.0000
    19 Convergente    3   11.400   11.400   11.400 16847.37 MW      0.6000
                      3   19.000   19.000   19.000  -748.15 Mvar    1.0000
    20 Convergente    2   12.000   12.000   12.000 16938.10 MW      0.6000
                      2   20.000   20.000   20.000  -754.43 Mvar    1.0000
    21 Convergente    2   12.600   12.600   12.600 17028.84 MW      0.6000
                      2   21.000   21.000   21.000  -760.72 Mvar    1.0000
CEPEL - CENTRO DE PESQUISAS DE ENERGIA ELETRICA - PROGRAMA DE ANALISE DE REDES - V11.07.02                                 PAG.   7

    13.2000                                                                      
 RELATORIO DE EXECUCAO DO FLUXO DE POTENCIA CONTINUADO

 Opcoes Ativadas: CREM CTAP STEP BPSI NEWT RCVG RMON FILE CONT CELO ATCR INDC STPO CTAF CTAF

 X----X----------------X--------------------------X-------------X---------X
                            AUMENTO DA CARGA                               
  NUM.   CONVERGENCIA        ATIVA E REATIVA (%)   CARGA DA AREA PASSO MAX 
          STATUS    P/Q  MAXIMO    AREA    SISTEMA   MW / Mvar    P/Q (%)  
 X----X------------X---X--------X--------X--------X-------------X---------X

    22 Convergente    2   13.200   13.200   13.200 17119.58 MW      0.6000
                      2   22.000   22.000   22.000  -767.01 Mvar    1.0000
    23 Convergente    2   13.800   13.800   13.800 17210.32 MW      0.6000
                      2   23.000   23.000   23.000  -773.29 Mvar    1.0000
    24 Convergente    2   14.400   14.400   14.400 17301.06 MW      0.6000
                      2   24.000   24.000   24.000  -779.58 Mvar    1.0000
    25 Convergente    2   15.000   15.000   15.000 17391.80 MW      0.6000
                      2   25.000   25.000   25.000  -785.87 Mvar    1.0000
    26 Convergente    2   15.600   15.600   15.600 17482.54 MW      0.6000
                      2   26.000   26.000   26.000  -792.15 Mvar    1.0000
    27 Convergente    2   16.200   16.200   16.200 17573.28 MW      0.6000
                      2   27.000   27.000   27.000  -798.44 Mvar    1.0000
    28 Convergente    2   16.800   16.800   16.800 17664.02 MW      0.6000
                      2   28.000   28.000   28.000  -804.73 Mvar    1.0000
    29 Convergente    2   17.400   17.400   17.400 17754.76 MW      0.6000
                      2   29.000   29.000   29.000  -811.02 Mvar    1.0000
    30 Convergente    2   18.000   18.000   18.000 17845.50 MW      0.6000
                      2   30.000   30.000   30.000  -817.30 Mvar    1.0000
 
 Numero maximo de iteracoes atingido
CEPEL - CENTRO DE PESQUISAS DE ENERGIA ELETRICA - PROGRAMA DE ANALISE DE REDES - V11.07.02                                 PAG.   8

 **EPE DECENAL 2032** PESADA ** ANO 2026 ** NORTE SECO                           
 RELATORIO DE TOTAIS DE AREA

 X----X--------X--------X--------X--------X--------X--------X--------X--------X
  AREA  GERACAO  INJ EQV   CARGA   ELO CC    SHUNT   EXPORT   IMPORT   PERDAS
  NUM.    MW/      MW/      MW/      MW/     Mvar/     MW/      MW/      MW/
         Mvar     Mvar     Mvar     Mvar     EQUIV    Mvar     Mvar     Mvar
 X----X--------X--------X--------X--------X--------X--------X--------X--------X

   200  18450.9      0.0  17845.5      0.0   2254.6      0.0      0.0    605.4
        -6013.6      0.0   -817.3      0.0      0.0      0.0      0.0  -2941.7

 TOTAL  18450.9      0.0  17845.5      0.0   2254.6      0.0      0.0    605.4
        -6013.6      0.0   -817.3      0.0      0.0      0.0      0.0  -2941.7
CEPEL - CENTRO DE PESQUISAS DE ENERGIA ELETRICA - PROGRAMA DE ANALISE DE REDES - V11.07.02                                 PAG.   9

 **EPE DECENAL 2032** PESADA ** ANO 2026 ** NORTE SECO                           
 Listagem dos casos armazenados de Fluxo de Potencia - ANAREDE
 Arquivo Historico: C:\USERS\JOAOPEDROPETERSBARBO\DROPBOX\GITPYANA\PYANA\SISTEMAS\EXIC\NE224-C1\EXLF
 X----X-------------------------------------------------------------------------------------X
  CASO                      INFORMACOES DO CASO GRAVADO
 X----X-------------------------------------------------------------------------------------X

     1 DATA: 09/01/2025 / HORA: 21:56:41   / VERSAO DO PROGRAMA: V11.07.02             
 --------------------------------------------------------------------------------
                                   Comentarios                                   
 --------------------------------------------------------------------------------
     (-------------------------------- Comentarios ------------------------------
 ---)                                                                            
 SISTEMA NE REDUZIDO                                                             
CEPEL - CENTRO DE PESQUISAS DE ENERGIA ELETRICA - PROGRAMA DE ANALISE DE REDES - V11.07.02                                 PAG.  10

 **EPE DECENAL 2032** PESADA ** ANO 2026 ** NORTE SECO                           
 RELATORIO DE PADRAO PARA OPCOES DE EXECUCAO

 X------X------X------X------X------X------X------X------X------X------X
  OPCAO  OPCAO  OPCAO  OPCAO  OPCAO  OPCAO  OPCAO  OPCAO  OPCAO  OPCAO
  NOME E NOME E NOME E NOME E NOME E NOME E NOME E NOME E NOME E NOME E
 X----X-X----X-X----X-X----X-X----X-X----X-X----X-X----X-X----X-X----X-X

  CREM L CTAP L STEP L NEWT L RCVG L RMON L FILE L SUBS L CONT L NOVO L
  CELO L MFCT L ATCR L INDC L AREG L STPO L VLCR L CPHS L


 *** AVISO ***: Nao foram encontradas inconsistencias no arquivo historico e ele sera restabelecido normalmente.
CEPEL - CENTRO DE PESQUISAS DE ENERGIA ELETRICA - PROGRAMA DE ANALISE DE REDES - V11.07.02                                 PAG.  11

 **EPE DECENAL 2032** PESADA ** ANO 2026 ** NORTE SECO                           
 RELATORIO DE CONVERGENCIA

 OPCOES ATIVADAS: CREM CTAP STEP BPSI NEWT RCVG RMON FILE CONT CELO ATCR INDC STPO VLCR CPHS





 CONVERGENCIA FINAL

 X-----------X------X------X---------------X---------------X---------------X
    ITERACAO          FREQ. ERRO MAX BARRA  ERRO MAX BARRA  ERRO MAX  CONV  
  FC  P  Q  V  M.O.   (Hz)      MW    NUM.     Mvar   NUM.  TENSAO %  NUM.  
 X--X--X--X--X------X------X---------X-----X---------X-----X---------X-----X

   0                             0.00     0      0.00     0
      0  0  0 1.0000 60.000      0.00   289      0.00   500     0.000     0
CEPEL - CENTRO DE PESQUISAS DE ENERGIA ELETRICA - PROGRAMA DE ANALISE DE REDES - V11.07.02                                 PAG.  12

 **EPE DECENAL 2032** PESADA ** ANO 2026 ** NORTE SECO                           

 --- CASO ANAREDE 02 GRAVADO. ---
 **EPE DECENAL 2032** PESADA ** ANO 2026 ** NORTE SECO                           

