CEPEL - CENTRO DE PESQUISAS DE ENERGIA ELETRICA - PROGRAMA DE ANALISE DE REDES - V11.07.02                                 PAG.  62

 **EPE DECENAL 2032** PESADA ** ANO 2026 ** NORTE SECO                           
 RELATORIO DE EXECUCAO DO FLUXO DE POTENCIA CONTINUADO

 Opcoes Ativadas: CREM CTAP STEP BPSI NEWT RCVG RMON FILE CONT CELO ATCR INDC STPO CTAF CTAF

 X----X----------------X--------------------------X-------------X---------X
                            AUMENTO DA CARGA                               
  NUM.   CONVERGENCIA        ATIVA E REATIVA (%)   CARGA DA AREA PASSO MAX 
          STATUS    P/Q  MAXIMO    AREA    SISTEMA   MW / Mvar    P/Q (%)  
 X----X------------X---X--------X--------X--------X-------------X---------X

     0 Convergente    1    0.000    0.000    0.000 10286.90 MW      1.0000
                      1    0.000    0.000    0.000  -889.39 Mvar    0.6000
     1 Convergente    3    1.000    1.000    1.000 10389.77 MW      1.0000
                      3    0.600    0.600    0.600  -894.73 Mvar    0.6000
     2 Convergente    3    2.000    2.000    2.000 10492.64 MW      1.0000
                      3    1.200    1.200    1.200  -900.06 Mvar    0.6000
     3 Convergente    3    3.000    3.000    3.000 10595.51 MW      1.0000
                      3    1.800    1.800    1.800  -905.40 Mvar    0.6000
     4 Convergente    3    4.000    4.000    4.000 10698.38 MW      1.0000
                      3    2.400    2.400    2.400  -910.73 Mvar    0.6000
     5 Convergente    3    5.000    5.000    5.000 10801.25 MW      1.0000
                      3    3.000    3.000    3.000  -916.07 Mvar    0.6000
     6 Convergente    3    6.000    6.000    6.000 10904.12 MW      1.0000
                      3    3.600    3.600    3.600  -921.41 Mvar    0.6000
     7 Convergente    3    7.000    7.000    7.000 11006.99 MW      1.0000
                      3    4.200    4.200    4.200  -926.74 Mvar    0.6000
     8 Convergente    3    8.000    8.000    8.000 11109.86 MW      1.0000
                      3    4.800    4.800    4.800  -932.08 Mvar    0.6000
     9 Convergente    3    9.000    9.000    9.000 11212.72 MW      1.0000
                      3    5.400    5.400    5.400  -937.42 Mvar    0.6000
    10 Convergente    3   10.000   10.000   10.000 11315.59 MW      1.0000
                      3    6.000    6.000    6.000  -942.75 Mvar    0.6000
    11 Convergente    3   11.000   11.000   11.000 11418.46 MW      1.0000
                      3    6.600    6.600    6.600  -948.09 Mvar    0.6000
    12 Convergente    3   12.000   12.000   12.000 11521.33 MW      1.0000
                      3    7.200    7.200    7.200  -953.43 Mvar    0.6000
    13 Convergente    3   13.000   13.000   13.000 11624.20 MW      1.0000
                      3    7.800    7.800    7.800  -958.76 Mvar    0.6000
    14 Convergente    3   14.000   14.000   14.000 11727.07 MW      1.0000
                      3    8.400    8.400    8.400  -964.10 Mvar    0.6000
    15 Convergente    3   15.000   15.000   15.000 11829.94 MW      1.0000
                      3    9.000    9.000    9.000  -969.43 Mvar    0.6000
    16 Convergente    3   16.000   16.000   16.000 11932.81 MW      1.0000
                      3    9.600    9.600    9.600  -974.77 Mvar    0.6000
    17 Convergente    3   17.000   17.000   17.000 12035.68 MW      1.0000
                      3   10.200   10.200   10.200  -980.11 Mvar    0.6000
    18 Convergente    3   18.000   18.000   18.000 12138.55 MW      1.0000
                      3   10.800   10.800   10.800  -985.44 Mvar    0.6000
    19 Convergente    3   19.000   19.000   19.000 12241.41 MW      1.0000
                      3   11.400   11.400   11.400  -990.78 Mvar    0.6000
    20 Convergente    3   20.000   20.000   20.000 12344.28 MW      1.0000
                      3   12.000   12.000   12.000  -996.12 Mvar    0.6000
    21 Convergente    3   21.000   21.000   21.000 12447.15 MW      1.0000
                      3   12.600   12.600   12.600 -1001.45 Mvar    0.6000
CEPEL - CENTRO DE PESQUISAS DE ENERGIA ELETRICA - PROGRAMA DE ANALISE DE REDES - V11.07.02                                 PAG.  63

    22.0000                                                                      
 RELATORIO DE EXECUCAO DO FLUXO DE POTENCIA CONTINUADO

 Opcoes Ativadas: CREM CTAP STEP BPSI NEWT RCVG RMON FILE CONT CELO ATCR INDC STPO CTAF CTAF

 X----X----------------X--------------------------X-------------X---------X
                            AUMENTO DA CARGA                               
  NUM.   CONVERGENCIA        ATIVA E REATIVA (%)   CARGA DA AREA PASSO MAX 
          STATUS    P/Q  MAXIMO    AREA    SISTEMA   MW / Mvar    P/Q (%)  
 X----X------------X---X--------X--------X--------X-------------X---------X

    22 Convergente    2   22.000   22.000   22.000 12550.02 MW      1.0000
                      2   13.200   13.200   13.200 -1006.79 Mvar    0.6000
    23 Convergente    2   23.000   23.000   23.000 12652.89 MW      1.0000
                      2   13.800   13.800   13.800 -1012.12 Mvar    0.6000
    24 Convergente    2   24.000   24.000   24.000 12755.76 MW      1.0000
                      2   14.400   14.400   14.400 -1017.46 Mvar    0.6000
    25 Convergente    2   25.000   25.000   25.000 12858.63 MW      1.0000
                      2   15.000   15.000   15.000 -1022.80 Mvar    0.6000
    26 Convergente    2   26.000   26.000   26.000 12961.50 MW      1.0000
                      2   15.600   15.600   15.600 -1028.13 Mvar    0.6000
    27 Convergente    2   27.000   27.000   27.000 13064.37 MW      1.0000
                      2   16.200   16.200   16.200 -1033.47 Mvar    0.6000
    28 Convergente    2   28.000   28.000   28.000 13167.24 MW      1.0000
                      2   16.800   16.800   16.800 -1038.81 Mvar    0.6000
    29 Convergente    2   29.000   29.000   29.000 13270.10 MW      1.0000
                      2   17.400   17.400   17.400 -1044.14 Mvar    0.6000
    30 Convergente    2   30.000   30.000   30.000 13372.97 MW      1.0000
                      2   18.000   18.000   18.000 -1049.48 Mvar    0.6000
 
 Numero maximo de iteracoes atingido
CEPEL - CENTRO DE PESQUISAS DE ENERGIA ELETRICA - PROGRAMA DE ANALISE DE REDES - V11.07.02                                 PAG.  64

 **EPE DECENAL 2032** PESADA ** ANO 2026 ** NORTE SECO                           
 RELATORIO DE TOTAIS DE AREA

 X----X--------X--------X--------X--------X--------X--------X--------X--------X
  AREA  GERACAO  INJ EQV   CARGA   ELO CC    SHUNT   EXPORT   IMPORT   PERDAS
  NUM.    MW/      MW/      MW/      MW/     Mvar/     MW/      MW/      MW/
         Mvar     Mvar     Mvar     Mvar     EQUIV    Mvar     Mvar     Mvar
 X----X--------X--------X--------X--------X--------X--------X--------X--------X

   200  13982.6      0.0  13373.0      0.0   2286.8      0.0      0.0    609.7
        -5264.6      0.0  -1049.5      0.0      0.0      0.0      0.0  -1928.3

 TOTAL  13982.6      0.0  13373.0      0.0   2286.8      0.0      0.0    609.7
        -5264.6      0.0  -1049.5      0.0      0.0      0.0      0.0  -1928.3
