CEPEL - CENTRO DE PESQUISAS DE ENERGIA ELETRICA - PROGRAMA DE ANALISE DE REDES - V11.07.02                                 PAG.  41

 **EPE DECENAL 2032** PESADA ** ANO 2026 ** NORTE SECO                           
 RELATORIO DE EXECUCAO DO FLUXO DE POTENCIA CONTINUADO

 Opcoes Ativadas: CREM CTAP STEP BPSI NEWT RCVG RMON FILE CONT CELO ATCR INDC STPO CTAF CTAF

 X----X----------------X--------------------------X-------------X---------X
                            AUMENTO DA CARGA                               
  NUM.   CONVERGENCIA        ATIVA E REATIVA (%)   CARGA DA AREA PASSO MAX 
          STATUS    P/Q  MAXIMO    AREA    SISTEMA   MW / Mvar    P/Q (%)  
 X----X------------X---X--------X--------X--------X-------------X---------X

     0 Convergente    1    0.000    0.000    0.000 15123.31 MW      1.0000
                      1    0.000    0.000    0.000  -628.69 Mvar    0.9000
     1 Convergente    3    1.000    1.000    1.000 15274.54 MW      1.0000
                      3    0.900    0.900    0.900  -634.35 Mvar    0.9000
     2 Convergente    3    2.000    2.000    2.000 15425.77 MW      1.0000
                      3    1.800    1.800    1.800  -640.01 Mvar    0.9000
     3 Convergente    3    3.000    3.000    3.000 15577.01 MW      1.0000
                      3    2.700    2.700    2.700  -645.67 Mvar    0.9000
     4 Convergente    3    4.000    4.000    4.000 15728.24 MW      1.0000
                      3    3.600    3.600    3.600  -651.33 Mvar    0.9000
     5 Convergente    3    5.000    5.000    5.000 15879.47 MW      1.0000
                      3    4.500    4.500    4.500  -656.99 Mvar    0.9000
     6 Convergente    3    6.000    6.000    6.000 16030.71 MW      1.0000
                      3    5.400    5.400    5.400  -662.64 Mvar    0.9000
     7 Convergente    3    7.000    7.000    7.000 16181.94 MW      1.0000
                      3    6.300    6.300    6.300  -668.30 Mvar    0.9000
     8 Convergente    3    8.000    8.000    8.000 16333.17 MW      1.0000
                      3    7.200    7.200    7.200  -673.96 Mvar    0.9000
     9 Convergente    3    9.000    9.000    9.000 16484.41 MW      1.0000
                      3    8.100    8.100    8.100  -679.62 Mvar    0.9000
    10 Convergente    3   10.000   10.000   10.000 16635.64 MW      1.0000
                      3    9.000    9.000    9.000  -685.28 Mvar    0.9000
    11 Convergente    3   11.000   11.000   11.000 16786.87 MW      1.0000
                      3    9.900    9.900    9.900  -690.93 Mvar    0.9000
    12 Convergente    2   12.000   12.000   12.000 16938.10 MW      1.0000
                      2   10.800   10.800   10.800  -696.59 Mvar    0.9000
    13 Convergente    2   13.000   13.000   13.000 17089.34 MW      1.0000
                      2   11.700   11.700   11.700  -702.25 Mvar    0.9000
    14 Convergente    3   14.000   14.000   14.000 17240.57 MW      1.0000
                      3   12.600   12.600   12.600  -707.91 Mvar    0.9000
    15 Convergente    2   15.000   15.000   15.000 17391.80 MW      1.0000
                      2   13.500   13.500   13.500  -713.57 Mvar    0.9000
    16 Convergente    2   16.000   16.000   16.000 17543.04 MW      1.0000
                      2   14.400   14.400   14.400  -719.23 Mvar    0.9000
    17 Convergente    2   17.000   17.000   17.000 17694.27 MW      1.0000
                      2   15.300   15.300   15.300  -724.88 Mvar    0.9000
    18 Convergente    2   18.000   18.000   18.000 17845.50 MW      1.0000
                      2   16.200   16.200   16.200  -730.54 Mvar    0.9000
    19 Convergente    2   19.000   19.000   19.000 17996.74 MW      1.0000
                      2   17.100   17.100   17.100  -736.20 Mvar    0.9000
    20 Convergente    2   20.000   20.000   20.000 18147.97 MW      1.0000
                      2   18.000   18.000   18.000  -741.86 Mvar    0.9000
    21 Convergente    2   21.000   21.000   21.000 18299.20 MW      1.0000
                      2   18.900   18.900   18.900  -747.52 Mvar    0.9000
CEPEL - CENTRO DE PESQUISAS DE ENERGIA ELETRICA - PROGRAMA DE ANALISE DE REDES - V11.07.02                                 PAG.  42

    22.0000                                                                      
 RELATORIO DE EXECUCAO DO FLUXO DE POTENCIA CONTINUADO

 Opcoes Ativadas: CREM CTAP STEP BPSI NEWT RCVG RMON FILE CONT CELO ATCR INDC STPO CTAF CTAF

 X----X----------------X--------------------------X-------------X---------X
                            AUMENTO DA CARGA                               
  NUM.   CONVERGENCIA        ATIVA E REATIVA (%)   CARGA DA AREA PASSO MAX 
          STATUS    P/Q  MAXIMO    AREA    SISTEMA   MW / Mvar    P/Q (%)  
 X----X------------X---X--------X--------X--------X-------------X---------X

    22 Convergente    2   22.000   22.000   22.000 18450.44 MW      1.0000
                      2   19.800   19.800   19.800  -753.18 Mvar    0.9000
    23 Convergente    2   23.000   23.000   23.000 18601.67 MW      1.0000
                      2   20.700   20.700   20.700  -758.83 Mvar    0.9000
    24 Convergente    2   24.000   24.000   24.000 18752.90 MW      1.0000
                      2   21.600   21.600   21.600  -764.49 Mvar    0.9000
    25 Convergente    2   25.000   25.000   25.000 18904.13 MW      1.0000
                      2   22.500   22.500   22.500  -770.15 Mvar    0.9000
    26 Convergente    2   26.000   26.000   26.000 19055.37 MW      1.0000
                      2   23.400   23.400   23.400  -775.81 Mvar    0.9000
    27 Convergente    2   27.000   27.000   27.000 19206.60 MW      1.0000
                      2   24.300   24.300   24.300  -781.47 Mvar    0.9000
    28 Convergente    2   28.000   28.000   28.000 19357.83 MW      1.0000
                      2   25.200   25.200   25.200  -787.12 Mvar    0.9000
    29 Convergente    2   29.000   29.000   29.000 19509.07 MW      1.0000
                      2   26.100   26.100   26.100  -792.78 Mvar    0.9000
    30 Convergente    2   30.000   30.000   30.000 19660.30 MW      1.0000
                      2   27.000   27.000   27.000  -798.44 Mvar    0.9000
 
 Numero maximo de iteracoes atingido
CEPEL - CENTRO DE PESQUISAS DE ENERGIA ELETRICA - PROGRAMA DE ANALISE DE REDES - V11.07.02                                 PAG.  43

 **EPE DECENAL 2032** PESADA ** ANO 2026 ** NORTE SECO                           
 RELATORIO DE TOTAIS DE AREA

 X----X--------X--------X--------X--------X--------X--------X--------X--------X
  AREA  GERACAO  INJ EQV   CARGA   ELO CC    SHUNT   EXPORT   IMPORT   PERDAS
  NUM.    MW/      MW/      MW/      MW/     Mvar/     MW/      MW/      MW/
         Mvar     Mvar     Mvar     Mvar     EQUIV    Mvar     Mvar     Mvar
 X----X--------X--------X--------X--------X--------X--------X--------X--------X

   200  20286.6      0.0  19660.3      0.0   2235.5      0.0      0.0    626.3
        -5703.7      0.0   -798.4      0.0      0.0      0.0      0.0  -2669.7

 TOTAL  20286.6      0.0  19660.3      0.0   2235.5      0.0      0.0    626.3
        -5703.7      0.0   -798.4      0.0      0.0      0.0      0.0  -2669.7
CEPEL - CENTRO DE PESQUISAS DE ENERGIA ELETRICA - PROGRAMA DE ANALISE DE REDES - V11.07.02                                 PAG.  44

 **EPE DECENAL 2032** PESADA ** ANO 2026 ** NORTE SECO                           
 Listagem dos casos armazenados de Fluxo de Potencia - ANAREDE
 Arquivo Historico: C:\USERS\JOAOPEDROPETERSBARBO\DROPBOX\GITPYANA\PYANA\SISTEMAS\EXIC\NE224-C1\EXLF
 X----X-------------------------------------------------------------------------------------X
  CASO                      INFORMACOES DO CASO GRAVADO
 X----X-------------------------------------------------------------------------------------X

     1 DATA: 09/01/2025 / HORA: 21:56:41   / VERSAO DO PROGRAMA: V11.07.02             
 --------------------------------------------------------------------------------
                                   Comentarios                                   
 --------------------------------------------------------------------------------
     (-------------------------------- Comentarios ------------------------------
 ---)                                                                            
 SISTEMA NE REDUZIDO                                                             
CEPEL - CENTRO DE PESQUISAS DE ENERGIA ELETRICA - PROGRAMA DE ANALISE DE REDES - V11.07.02                                 PAG.  45

 **EPE DECENAL 2032** PESADA ** ANO 2026 ** NORTE SECO                           
 RELATORIO DE PADRAO PARA OPCOES DE EXECUCAO

 X------X------X------X------X------X------X------X------X------X------X
  OPCAO  OPCAO  OPCAO  OPCAO  OPCAO  OPCAO  OPCAO  OPCAO  OPCAO  OPCAO
  NOME E NOME E NOME E NOME E NOME E NOME E NOME E NOME E NOME E NOME E
 X----X-X----X-X----X-X----X-X----X-X----X-X----X-X----X-X----X-X----X-X

  CREM L CTAP L STEP L NEWT L RCVG L RMON L FILE L SUBS L CONT L NOVO L
  CELO L MFCT L ATCR L INDC L AREG L STPO L VLCR L CPHS L


 *** AVISO ***: Nao foram encontradas inconsistencias no arquivo historico e ele sera restabelecido normalmente.
CEPEL - CENTRO DE PESQUISAS DE ENERGIA ELETRICA - PROGRAMA DE ANALISE DE REDES - V11.07.02                                 PAG.  46

 **EPE DECENAL 2032** PESADA ** ANO 2026 ** NORTE SECO                           
 RELATORIO DE CONVERGENCIA

 OPCOES ATIVADAS: CREM CTAP STEP BPSI NEWT RCVG RMON FILE CONT CELO ATCR INDC STPO VLCR CPHS





 CONVERGENCIA FINAL

 X-----------X------X------X---------------X---------------X---------------X
    ITERACAO          FREQ. ERRO MAX BARRA  ERRO MAX BARRA  ERRO MAX  CONV  
  FC  P  Q  V  M.O.   (Hz)      MW    NUM.     Mvar   NUM.  TENSAO %  NUM.  
 X--X--X--X--X------X------X---------X-----X---------X-----X---------X-----X

   0                             0.00     0      0.00     0
      0  0  0 1.0000 60.000      0.00   289      0.00   500     0.000     0
CEPEL - CENTRO DE PESQUISAS DE ENERGIA ELETRICA - PROGRAMA DE ANALISE DE REDES - V11.07.02                                 PAG.  47

 **EPE DECENAL 2032** PESADA ** ANO 2026 ** NORTE SECO                           

 --- CASO ANAREDE 07 GRAVADO. ---
 **EPE DECENAL 2032** PESADA ** ANO 2026 ** NORTE SECO                           

