CEPEL - CENTRO DE PESQUISAS DE ENERGIA ELETRICA - PROGRAMA DE ANALISE DE REDES - V11.07.02                                 PAG.  41

 **EPE DECENAL 2032** PESADA ** ANO 2026 ** NORTE SECO                           
 RELATORIO DE EXECUCAO DO FLUXO DE POTENCIA CONTINUADO

 Opcoes Ativadas: CREM CTAP STEP BPSI NEWT RCVG RMON FILE CONT CELO ATCR INDC STPO CTAF CTAF

 X----X----------------X--------------------------X-------------X---------X
                            AUMENTO DA CARGA                               
  NUM.   CONVERGENCIA        ATIVA E REATIVA (%)   CARGA DA AREA PASSO MAX 
          STATUS    P/Q  MAXIMO    AREA    SISTEMA   MW / Mvar    P/Q (%)  
 X----X------------X---X--------X--------X--------X-------------X---------X

     0 Convergente    1    0.000    0.000    0.000 10286.90 MW      1.0000
                      1    0.000    0.000    0.000  -889.39 Mvar    0.9000
     1 Convergente    3    1.000    1.000    1.000 10389.77 MW      1.0000
                      3    0.900    0.900    0.900  -897.39 Mvar    0.9000
     2 Convergente    3    2.000    2.000    2.000 10492.64 MW      1.0000
                      3    1.800    1.800    1.800  -905.40 Mvar    0.9000
     3 Convergente    3    3.000    3.000    3.000 10595.51 MW      1.0000
                      3    2.700    2.700    2.700  -913.40 Mvar    0.9000
     4 Convergente    3    4.000    4.000    4.000 10698.38 MW      1.0000
                      3    3.600    3.600    3.600  -921.41 Mvar    0.9000
     5 Convergente    3    5.000    5.000    5.000 10801.25 MW      1.0000
                      3    4.500    4.500    4.500  -929.41 Mvar    0.9000
     6 Convergente    3    6.000    6.000    6.000 10904.12 MW      1.0000
                      3    5.400    5.400    5.400  -937.42 Mvar    0.9000
     7 Convergente    3    7.000    7.000    7.000 11006.99 MW      1.0000
                      3    6.300    6.300    6.300  -945.42 Mvar    0.9000
     8 Convergente    3    8.000    8.000    8.000 11109.86 MW      1.0000
                      3    7.200    7.200    7.200  -953.43 Mvar    0.9000
     9 Convergente    3    9.000    9.000    9.000 11212.72 MW      1.0000
                      3    8.100    8.100    8.100  -961.43 Mvar    0.9000
    10 Convergente    3   10.000   10.000   10.000 11315.59 MW      1.0000
                      3    9.000    9.000    9.000  -969.43 Mvar    0.9000
    11 Convergente    3   11.000   11.000   11.000 11418.46 MW      1.0000
                      3    9.900    9.900    9.900  -977.44 Mvar    0.9000
    12 Convergente    3   12.000   12.000   12.000 11521.33 MW      1.0000
                      3   10.800   10.800   10.800  -985.44 Mvar    0.9000
    13 Convergente    3   13.000   13.000   13.000 11624.20 MW      1.0000
                      3   11.700   11.700   11.700  -993.45 Mvar    0.9000
    14 Convergente    3   14.000   14.000   14.000 11727.07 MW      1.0000
                      3   12.600   12.600   12.600 -1001.45 Mvar    0.9000
    15 Convergente    3   15.000   15.000   15.000 11829.94 MW      1.0000
                      3   13.500   13.500   13.500 -1009.46 Mvar    0.9000
    16 Convergente    3   16.000   16.000   16.000 11932.81 MW      1.0000
                      3   14.400   14.400   14.400 -1017.46 Mvar    0.9000
    17 Convergente    3   17.000   17.000   17.000 12035.68 MW      1.0000
                      3   15.300   15.300   15.300 -1025.47 Mvar    0.9000
    18 Convergente    3   18.000   18.000   18.000 12138.55 MW      1.0000
                      3   16.200   16.200   16.200 -1033.47 Mvar    0.9000
    19 Convergente    3   19.000   19.000   19.000 12241.41 MW      1.0000
                      3   17.100   17.100   17.100 -1041.47 Mvar    0.9000
    20 Convergente    3   20.000   20.000   20.000 12344.28 MW      1.0000
                      3   18.000   18.000   18.000 -1049.48 Mvar    0.9000
    21 Convergente    3   21.000   21.000   21.000 12447.15 MW      1.0000
                      3   18.900   18.900   18.900 -1057.48 Mvar    0.9000
CEPEL - CENTRO DE PESQUISAS DE ENERGIA ELETRICA - PROGRAMA DE ANALISE DE REDES - V11.07.02                                 PAG.  42

    22.0000                                                                      
 RELATORIO DE EXECUCAO DO FLUXO DE POTENCIA CONTINUADO

 Opcoes Ativadas: CREM CTAP STEP BPSI NEWT RCVG RMON FILE CONT CELO ATCR INDC STPO CTAF CTAF

 X----X----------------X--------------------------X-------------X---------X
                            AUMENTO DA CARGA                               
  NUM.   CONVERGENCIA        ATIVA E REATIVA (%)   CARGA DA AREA PASSO MAX 
          STATUS    P/Q  MAXIMO    AREA    SISTEMA   MW / Mvar    P/Q (%)  
 X----X------------X---X--------X--------X--------X-------------X---------X

    22 Convergente    2   22.000   22.000   22.000 12550.02 MW      1.0000
                      2   19.800   19.800   19.800 -1065.49 Mvar    0.9000
    23 Convergente    2   23.000   23.000   23.000 12652.89 MW      1.0000
                      2   20.700   20.700   20.700 -1073.49 Mvar    0.9000
    24 Convergente    2   24.000   24.000   24.000 12755.76 MW      1.0000
                      2   21.600   21.600   21.600 -1081.50 Mvar    0.9000
    25 Convergente    2   25.000   25.000   25.000 12858.63 MW      1.0000
                      2   22.500   22.500   22.500 -1089.50 Mvar    0.9000
    26 Convergente    2   26.000   26.000   26.000 12961.50 MW      1.0000
                      2   23.400   23.400   23.400 -1097.51 Mvar    0.9000
    27 Convergente    2   27.000   27.000   27.000 13064.37 MW      1.0000
                      2   24.300   24.300   24.300 -1105.51 Mvar    0.9000
    28 Convergente    2   28.000   28.000   28.000 13167.24 MW      1.0000
                      2   25.200   25.200   25.200 -1113.52 Mvar    0.9000
    29 Convergente    2   29.000   29.000   29.000 13270.10 MW      1.0000
                      2   26.100   26.100   26.100 -1121.52 Mvar    0.9000
    30 Convergente    2   30.000   30.000   30.000 13372.97 MW      1.0000
                      2   27.000   27.000   27.000 -1129.52 Mvar    0.9000
 
 Numero maximo de iteracoes atingido
CEPEL - CENTRO DE PESQUISAS DE ENERGIA ELETRICA - PROGRAMA DE ANALISE DE REDES - V11.07.02                                 PAG.  43

 **EPE DECENAL 2032** PESADA ** ANO 2026 ** NORTE SECO                           
 RELATORIO DE TOTAIS DE AREA

 X----X--------X--------X--------X--------X--------X--------X--------X--------X
  AREA  GERACAO  INJ EQV   CARGA   ELO CC    SHUNT   EXPORT   IMPORT   PERDAS
  NUM.    MW/      MW/      MW/      MW/     Mvar/     MW/      MW/      MW/
         Mvar     Mvar     Mvar     Mvar     EQUIV    Mvar     Mvar     Mvar
 X----X--------X--------X--------X--------X--------X--------X--------X--------X

   200  13984.0      0.0  13373.0      0.0   2278.0      0.0      0.0    611.0
        -5310.3      0.0  -1129.5      0.0      0.0      0.0      0.0  -1902.8

 TOTAL  13984.0      0.0  13373.0      0.0   2278.0      0.0      0.0    611.0
        -5310.3      0.0  -1129.5      0.0      0.0      0.0      0.0  -1902.8
CEPEL - CENTRO DE PESQUISAS DE ENERGIA ELETRICA - PROGRAMA DE ANALISE DE REDES - V11.07.02                                 PAG.  44

 **EPE DECENAL 2032** PESADA ** ANO 2026 ** NORTE SECO                           
 Listagem dos casos armazenados de Fluxo de Potencia - ANAREDE
 Arquivo Historico: C:\USERS\JOAOPEDROPETERSBARBO\DROPBOX\GITPYANA\PYANA\SISTEMAS\EXIC\NE224-C1\EXLF
 X----X-------------------------------------------------------------------------------------X
  CASO                      INFORMACOES DO CASO GRAVADO
 X----X-------------------------------------------------------------------------------------X

     1 DATA: 09/01/2025 / HORA: 23:13:06   / VERSAO DO PROGRAMA: V11.07.02             
 --------------------------------------------------------------------------------
                                   Comentarios                                   
 --------------------------------------------------------------------------------
     (-------------------------------- Comentarios ------------------------------
 ---)                                                                            
 SISTEMA NE REDUZIDO                                                             
CEPEL - CENTRO DE PESQUISAS DE ENERGIA ELETRICA - PROGRAMA DE ANALISE DE REDES - V11.07.02                                 PAG.  45

 **EPE DECENAL 2032** PESADA ** ANO 2026 ** NORTE SECO                           
 RELATORIO DE PADRAO PARA OPCOES DE EXECUCAO

 X------X------X------X------X------X------X------X------X------X------X
  OPCAO  OPCAO  OPCAO  OPCAO  OPCAO  OPCAO  OPCAO  OPCAO  OPCAO  OPCAO
  NOME E NOME E NOME E NOME E NOME E NOME E NOME E NOME E NOME E NOME E
 X----X-X----X-X----X-X----X-X----X-X----X-X----X-X----X-X----X-X----X-X

  CREM L CTAP L STEP L NEWT L RCVG L RMON L FILE L SUBS L CONT L NOVO L
  CELO L MFCT L ATCR L INDC L AREG L STPO L VLCR L CPHS L


 *** AVISO ***: Nao foram encontradas inconsistencias no arquivo historico e ele sera restabelecido normalmente.
CEPEL - CENTRO DE PESQUISAS DE ENERGIA ELETRICA - PROGRAMA DE ANALISE DE REDES - V11.07.02                                 PAG.  46

 **EPE DECENAL 2032** PESADA ** ANO 2026 ** NORTE SECO                           
 RELATORIO DE CONVERGENCIA

 OPCOES ATIVADAS: CREM CTAP STEP BPSI NEWT RCVG RMON FILE CONT CELO ATCR INDC STPO VLCR CPHS





 CONVERGENCIA FINAL

 X-----------X------X------X---------------X---------------X---------------X
    ITERACAO          FREQ. ERRO MAX BARRA  ERRO MAX BARRA  ERRO MAX  CONV  
  FC  P  Q  V  M.O.   (Hz)      MW    NUM.     Mvar   NUM.  TENSAO %  NUM.  
 X--X--X--X--X------X------X---------X-----X---------X-----X---------X-----X

   0                             0.00     0      0.00     0
      0  0  0 1.0000 60.000      0.00   500      0.00   500     0.000     0
CEPEL - CENTRO DE PESQUISAS DE ENERGIA ELETRICA - PROGRAMA DE ANALISE DE REDES - V11.07.02                                 PAG.  47

 **EPE DECENAL 2032** PESADA ** ANO 2026 ** NORTE SECO                           

 --- CASO ANAREDE 07 GRAVADO. ---
 **EPE DECENAL 2032** PESADA ** ANO 2026 ** NORTE SECO                           

