CEPEL - CENTRO DE PESQUISAS DE ENERGIA ELETRICA - PROGRAMA DE ANALISE DE REDES - V11.07.02                                 PAG.  48

 **EPE DECENAL 2032** PESADA ** ANO 2026 ** NORTE SECO                           
 RELATORIO DE EXECUCAO DO FLUXO DE POTENCIA CONTINUADO

 Opcoes Ativadas: CREM CTAP STEP BPSI NEWT RCVG RMON FILE CONT CELO ATCR INDC STPO CTAF CTAF

 X----X----------------X--------------------------X-------------X---------X
                            AUMENTO DA CARGA                               
  NUM.   CONVERGENCIA        ATIVA E REATIVA (%)   CARGA DA AREA PASSO MAX 
          STATUS    P/Q  MAXIMO    AREA    SISTEMA   MW / Mvar    P/Q (%)  
 X----X------------X---X--------X--------X--------X-------------X---------X

     0 Convergente    1    0.000    0.000    0.000 15123.31 MW      1.0000
                      1    0.000    0.000    0.000  -628.69 Mvar    0.8000
     1 Convergente    3    1.000    1.000    1.000 15274.54 MW      1.0000
                      3    0.800    0.800    0.800  -633.72 Mvar    0.8000
     2 Convergente    3    2.000    2.000    2.000 15425.77 MW      1.0000
                      3    1.600    1.600    1.600  -638.75 Mvar    0.8000
     3 Convergente    3    3.000    3.000    3.000 15577.01 MW      1.0000
                      3    2.400    2.400    2.400  -643.78 Mvar    0.8000
     4 Convergente    3    4.000    4.000    4.000 15728.24 MW      1.0000
                      3    3.200    3.200    3.200  -648.81 Mvar    0.8000
     5 Convergente    3    5.000    5.000    5.000 15879.47 MW      1.0000
                      3    4.000    4.000    4.000  -653.84 Mvar    0.8000
     6 Convergente    3    6.000    6.000    6.000 16030.71 MW      1.0000
                      3    4.800    4.800    4.800  -658.87 Mvar    0.8000
     7 Convergente    3    7.000    7.000    7.000 16181.94 MW      1.0000
                      3    5.600    5.600    5.600  -663.90 Mvar    0.8000
     8 Convergente    3    8.000    8.000    8.000 16333.17 MW      1.0000
                      3    6.400    6.400    6.400  -668.93 Mvar    0.8000
     9 Convergente    3    9.000    9.000    9.000 16484.41 MW      1.0000
                      3    7.200    7.200    7.200  -673.96 Mvar    0.8000
    10 Convergente    3   10.000   10.000   10.000 16635.64 MW      1.0000
                      3    8.000    8.000    8.000  -678.99 Mvar    0.8000
    11 Convergente    3   11.000   11.000   11.000 16786.87 MW      1.0000
                      3    8.800    8.800    8.800  -684.02 Mvar    0.8000
    12 Convergente    2   12.000   12.000   12.000 16938.10 MW      1.0000
                      2    9.600    9.600    9.600  -689.05 Mvar    0.8000
    13 Convergente    2   13.000   13.000   13.000 17089.34 MW      1.0000
                      2   10.400   10.400   10.400  -694.08 Mvar    0.8000
    14 Convergente    2   14.000   14.000   14.000 17240.57 MW      1.0000
                      2   11.200   11.200   11.200  -699.11 Mvar    0.8000
    15 Convergente    3   15.000   15.000   15.000 17391.80 MW      1.0000
                      3   12.000   12.000   12.000  -704.14 Mvar    0.8000
    16 Convergente    2   16.000   16.000   16.000 17543.04 MW      1.0000
                      2   12.800   12.800   12.800  -709.17 Mvar    0.8000
    17 Convergente    2   17.000   17.000   17.000 17694.27 MW      1.0000
                      2   13.600   13.600   13.600  -714.20 Mvar    0.8000
    18 Convergente    2   18.000   18.000   18.000 17845.50 MW      1.0000
                      2   14.400   14.400   14.400  -719.23 Mvar    0.8000
    19 Convergente    2   19.000   19.000   19.000 17996.74 MW      1.0000
                      2   15.200   15.200   15.200  -724.26 Mvar    0.8000
    20 Convergente    2   20.000   20.000   20.000 18147.97 MW      1.0000
                      2   16.000   16.000   16.000  -729.29 Mvar    0.8000
    21 Convergente    2   21.000   21.000   21.000 18299.20 MW      1.0000
                      2   16.800   16.800   16.800  -734.31 Mvar    0.8000
CEPEL - CENTRO DE PESQUISAS DE ENERGIA ELETRICA - PROGRAMA DE ANALISE DE REDES - V11.07.02                                 PAG.  49

    22.0000                                                                      
 RELATORIO DE EXECUCAO DO FLUXO DE POTENCIA CONTINUADO

 Opcoes Ativadas: CREM CTAP STEP BPSI NEWT RCVG RMON FILE CONT CELO ATCR INDC STPO CTAF CTAF

 X----X----------------X--------------------------X-------------X---------X
                            AUMENTO DA CARGA                               
  NUM.   CONVERGENCIA        ATIVA E REATIVA (%)   CARGA DA AREA PASSO MAX 
          STATUS    P/Q  MAXIMO    AREA    SISTEMA   MW / Mvar    P/Q (%)  
 X----X------------X---X--------X--------X--------X-------------X---------X

    22 Convergente    2   22.000   22.000   22.000 18450.44 MW      1.0000
                      2   17.600   17.600   17.600  -739.34 Mvar    0.8000
    23 Convergente    2   23.000   23.000   23.000 18601.67 MW      1.0000
                      2   18.400   18.400   18.400  -744.37 Mvar    0.8000
    24 Convergente    2   24.000   24.000   24.000 18752.90 MW      1.0000
                      2   19.200   19.200   19.200  -749.40 Mvar    0.8000
    25 Convergente    2   25.000   25.000   25.000 18904.13 MW      1.0000
                      2   20.000   20.000   20.000  -754.43 Mvar    0.8000
    26 Convergente    2   26.000   26.000   26.000 19055.37 MW      1.0000
                      2   20.800   20.800   20.800  -759.46 Mvar    0.8000
    27 Convergente    2   27.000   27.000   27.000 19206.60 MW      1.0000
                      2   21.600   21.600   21.600  -764.49 Mvar    0.8000
    28 Convergente    2   28.000   28.000   28.000 19357.83 MW      1.0000
                      2   22.400   22.400   22.400  -769.52 Mvar    0.8000
    29 Convergente    2   29.000   29.000   29.000 19509.07 MW      1.0000
                      2   23.200   23.200   23.200  -774.55 Mvar    0.8000
    30 Convergente    2   30.000   30.000   30.000 19660.30 MW      1.0000
                      2   24.000   24.000   24.000  -779.58 Mvar    0.8000
 
 Numero maximo de iteracoes atingido
CEPEL - CENTRO DE PESQUISAS DE ENERGIA ELETRICA - PROGRAMA DE ANALISE DE REDES - V11.07.02                                 PAG.  50

 **EPE DECENAL 2032** PESADA ** ANO 2026 ** NORTE SECO                           
 RELATORIO DE TOTAIS DE AREA

 X----X--------X--------X--------X--------X--------X--------X--------X--------X
  AREA  GERACAO  INJ EQV   CARGA   ELO CC    SHUNT   EXPORT   IMPORT   PERDAS
  NUM.    MW/      MW/      MW/      MW/     Mvar/     MW/      MW/      MW/
         Mvar     Mvar     Mvar     Mvar     EQUIV    Mvar     Mvar     Mvar
 X----X--------X--------X--------X--------X--------X--------X--------X--------X

   200  20285.3      0.0  19660.3      0.0   2240.7      0.0      0.0    625.0
        -5712.6      0.0   -779.6      0.0      0.0      0.0      0.0  -2692.3

 TOTAL  20285.3      0.0  19660.3      0.0   2240.7      0.0      0.0    625.0
        -5712.6      0.0   -779.6      0.0      0.0      0.0      0.0  -2692.3
CEPEL - CENTRO DE PESQUISAS DE ENERGIA ELETRICA - PROGRAMA DE ANALISE DE REDES - V11.07.02                                 PAG.  51

 **EPE DECENAL 2032** PESADA ** ANO 2026 ** NORTE SECO                           
 Listagem dos casos armazenados de Fluxo de Potencia - ANAREDE
 Arquivo Historico: C:\USERS\JOAOPEDROPETERSBARBO\DROPBOX\GITPYANA\PYANA\SISTEMAS\EXIC\NE224-C1\EXLF
 X----X-------------------------------------------------------------------------------------X
  CASO                      INFORMACOES DO CASO GRAVADO
 X----X-------------------------------------------------------------------------------------X

     1 DATA: 09/01/2025 / HORA: 21:56:41   / VERSAO DO PROGRAMA: V11.07.02             
 --------------------------------------------------------------------------------
                                   Comentarios                                   
 --------------------------------------------------------------------------------
     (-------------------------------- Comentarios ------------------------------
 ---)                                                                            
 SISTEMA NE REDUZIDO                                                             
CEPEL - CENTRO DE PESQUISAS DE ENERGIA ELETRICA - PROGRAMA DE ANALISE DE REDES - V11.07.02                                 PAG.  52

 **EPE DECENAL 2032** PESADA ** ANO 2026 ** NORTE SECO                           
 RELATORIO DE PADRAO PARA OPCOES DE EXECUCAO

 X------X------X------X------X------X------X------X------X------X------X
  OPCAO  OPCAO  OPCAO  OPCAO  OPCAO  OPCAO  OPCAO  OPCAO  OPCAO  OPCAO
  NOME E NOME E NOME E NOME E NOME E NOME E NOME E NOME E NOME E NOME E
 X----X-X----X-X----X-X----X-X----X-X----X-X----X-X----X-X----X-X----X-X

  CREM L CTAP L STEP L NEWT L RCVG L RMON L FILE L SUBS L CONT L NOVO L
  CELO L MFCT L ATCR L INDC L AREG L STPO L VLCR L CPHS L


 *** AVISO ***: Nao foram encontradas inconsistencias no arquivo historico e ele sera restabelecido normalmente.
CEPEL - CENTRO DE PESQUISAS DE ENERGIA ELETRICA - PROGRAMA DE ANALISE DE REDES - V11.07.02                                 PAG.  53

 **EPE DECENAL 2032** PESADA ** ANO 2026 ** NORTE SECO                           
 RELATORIO DE CONVERGENCIA

 OPCOES ATIVADAS: CREM CTAP STEP BPSI NEWT RCVG RMON FILE CONT CELO ATCR INDC STPO VLCR CPHS





 CONVERGENCIA FINAL

 X-----------X------X------X---------------X---------------X---------------X
    ITERACAO          FREQ. ERRO MAX BARRA  ERRO MAX BARRA  ERRO MAX  CONV  
  FC  P  Q  V  M.O.   (Hz)      MW    NUM.     Mvar   NUM.  TENSAO %  NUM.  
 X--X--X--X--X------X------X---------X-----X---------X-----X---------X-----X

   0                             0.00     0      0.00     0
      0  0  0 1.0000 60.000      0.00   289      0.00   500     0.000     0
CEPEL - CENTRO DE PESQUISAS DE ENERGIA ELETRICA - PROGRAMA DE ANALISE DE REDES - V11.07.02                                 PAG.  54

 **EPE DECENAL 2032** PESADA ** ANO 2026 ** NORTE SECO                           

 --- CASO ANAREDE 08 GRAVADO. ---
 **EPE DECENAL 2032** PESADA ** ANO 2026 ** NORTE SECO                           

