CEPEL - CENTRO DE PESQUISAS DE ENERGIA ELETRICA - PROGRAMA DE ANALISE DE REDES - V11.07.02                                 PAG.  34

 **EPE DECENAL 2032** PESADA ** ANO 2026 ** NORTE SECO                           
 RELATORIO DE EXECUCAO DO FLUXO DE POTENCIA CONTINUADO

 Opcoes Ativadas: CREM CTAP STEP BPSI NEWT RCVG RMON FILE CONT CELO ATCR INDC STPO CTAF CTAF

 X----X----------------X--------------------------X-------------X---------X
                            AUMENTO DA CARGA                               
  NUM.   CONVERGENCIA        ATIVA E REATIVA (%)   CARGA DA AREA PASSO MAX 
          STATUS    P/Q  MAXIMO    AREA    SISTEMA   MW / Mvar    P/Q (%)  
 X----X------------X---X--------X--------X--------X-------------X---------X

     0 Convergente    1    0.000    0.000    0.000 10286.90 MW      1.0000
                      1    0.000    0.000    0.000  -889.39 Mvar    1.0000
     1 Convergente    3    1.000    1.000    1.000 10389.77 MW      1.0000
                      3    1.000    1.000    1.000  -898.28 Mvar    1.0000
     2 Convergente    3    2.000    2.000    2.000 10492.64 MW      1.0000
                      3    2.000    2.000    2.000  -907.18 Mvar    1.0000
     3 Convergente    3    3.000    3.000    3.000 10595.51 MW      1.0000
                      3    3.000    3.000    3.000  -916.07 Mvar    1.0000
     4 Convergente    3    4.000    4.000    4.000 10698.38 MW      1.0000
                      3    4.000    4.000    4.000  -924.96 Mvar    1.0000
     5 Convergente    3    5.000    5.000    5.000 10801.25 MW      1.0000
                      3    5.000    5.000    5.000  -933.86 Mvar    1.0000
     6 Convergente    3    6.000    6.000    6.000 10904.12 MW      1.0000
                      3    6.000    6.000    6.000  -942.75 Mvar    1.0000
     7 Convergente    3    7.000    7.000    7.000 11006.99 MW      1.0000
                      3    7.000    7.000    7.000  -951.65 Mvar    1.0000
     8 Convergente    3    8.000    8.000    8.000 11109.86 MW      1.0000
                      3    8.000    8.000    8.000  -960.54 Mvar    1.0000
     9 Convergente    3    9.000    9.000    9.000 11212.72 MW      1.0000
                      3    9.000    9.000    9.000  -969.43 Mvar    1.0000
    10 Convergente    3   10.000   10.000   10.000 11315.59 MW      1.0000
                      3   10.000   10.000   10.000  -978.33 Mvar    1.0000
    11 Convergente    3   11.000   11.000   11.000 11418.46 MW      1.0000
                      3   11.000   11.000   11.000  -987.22 Mvar    1.0000
    12 Convergente    3   12.000   12.000   12.000 11521.33 MW      1.0000
                      3   12.000   12.000   12.000  -996.12 Mvar    1.0000
    13 Convergente    3   13.000   13.000   13.000 11624.20 MW      1.0000
                      3   13.000   13.000   13.000 -1005.01 Mvar    1.0000
    14 Convergente    3   14.000   14.000   14.000 11727.07 MW      1.0000
                      3   14.000   14.000   14.000 -1013.90 Mvar    1.0000
    15 Convergente    3   15.000   15.000   15.000 11829.94 MW      1.0000
                      3   15.000   15.000   15.000 -1022.80 Mvar    1.0000
    16 Convergente    3   16.000   16.000   16.000 11932.81 MW      1.0000
                      3   16.000   16.000   16.000 -1031.69 Mvar    1.0000
    17 Convergente    3   17.000   17.000   17.000 12035.68 MW      1.0000
                      3   17.000   17.000   17.000 -1040.59 Mvar    1.0000
    18 Convergente    3   18.000   18.000   18.000 12138.55 MW      1.0000
                      3   18.000   18.000   18.000 -1049.48 Mvar    1.0000
    19 Convergente    3   19.000   19.000   19.000 12241.41 MW      1.0000
                      3   19.000   19.000   19.000 -1058.37 Mvar    1.0000
    20 Convergente    3   20.000   20.000   20.000 12344.28 MW      1.0000
                      3   20.000   20.000   20.000 -1067.27 Mvar    1.0000
    21 Convergente    3   21.000   21.000   21.000 12447.15 MW      1.0000
                      3   21.000   21.000   21.000 -1076.16 Mvar    1.0000
CEPEL - CENTRO DE PESQUISAS DE ENERGIA ELETRICA - PROGRAMA DE ANALISE DE REDES - V11.07.02                                 PAG.  35

    22.0000                                                                      
 RELATORIO DE EXECUCAO DO FLUXO DE POTENCIA CONTINUADO

 Opcoes Ativadas: CREM CTAP STEP BPSI NEWT RCVG RMON FILE CONT CELO ATCR INDC STPO CTAF CTAF

 X----X----------------X--------------------------X-------------X---------X
                            AUMENTO DA CARGA                               
  NUM.   CONVERGENCIA        ATIVA E REATIVA (%)   CARGA DA AREA PASSO MAX 
          STATUS    P/Q  MAXIMO    AREA    SISTEMA   MW / Mvar    P/Q (%)  
 X----X------------X---X--------X--------X--------X-------------X---------X

    22 Convergente    2   22.000   22.000   22.000 12550.02 MW      1.0000
                      2   22.000   22.000   22.000 -1085.05 Mvar    1.0000
    23 Convergente    2   23.000   23.000   23.000 12652.89 MW      1.0000
                      2   23.000   23.000   23.000 -1093.95 Mvar    1.0000
    24 Convergente    2   24.000   24.000   24.000 12755.76 MW      1.0000
                      2   24.000   24.000   24.000 -1102.84 Mvar    1.0000
    25 Convergente    2   25.000   25.000   25.000 12858.63 MW      1.0000
                      2   25.000   25.000   25.000 -1111.74 Mvar    1.0000
    26 Convergente    2   26.000   26.000   26.000 12961.50 MW      1.0000
                      2   26.000   26.000   26.000 -1120.63 Mvar    1.0000
    27 Convergente    2   27.000   27.000   27.000 13064.37 MW      1.0000
                      2   27.000   27.000   27.000 -1129.52 Mvar    1.0000
    28 Convergente    2   28.000   28.000   28.000 13167.24 MW      1.0000
                      2   28.000   28.000   28.000 -1138.42 Mvar    1.0000
    29 Convergente    2   29.000   29.000   29.000 13270.10 MW      1.0000
                      2   29.000   29.000   29.000 -1147.31 Mvar    1.0000
    30 Convergente    2   30.000   30.000   30.000 13372.97 MW      1.0000
                      2   30.000   30.000   30.000 -1156.21 Mvar    1.0000
 
 Numero maximo de iteracoes atingido
CEPEL - CENTRO DE PESQUISAS DE ENERGIA ELETRICA - PROGRAMA DE ANALISE DE REDES - V11.07.02                                 PAG.  36

 **EPE DECENAL 2032** PESADA ** ANO 2026 ** NORTE SECO                           
 RELATORIO DE TOTAIS DE AREA

 X----X--------X--------X--------X--------X--------X--------X--------X--------X
  AREA  GERACAO  INJ EQV   CARGA   ELO CC    SHUNT   EXPORT   IMPORT   PERDAS
  NUM.    MW/      MW/      MW/      MW/     Mvar/     MW/      MW/      MW/
         Mvar     Mvar     Mvar     Mvar     EQUIV    Mvar     Mvar     Mvar
 X----X--------X--------X--------X--------X--------X--------X--------X--------X

   200  13984.4      0.0  13373.0      0.0   2275.0      0.0      0.0    611.5
        -5325.1      0.0  -1156.2      0.0      0.0      0.0      0.0  -1893.9

 TOTAL  13984.4      0.0  13373.0      0.0   2275.0      0.0      0.0    611.5
        -5325.1      0.0  -1156.2      0.0      0.0      0.0      0.0  -1893.9
CEPEL - CENTRO DE PESQUISAS DE ENERGIA ELETRICA - PROGRAMA DE ANALISE DE REDES - V11.07.02                                 PAG.  37

 **EPE DECENAL 2032** PESADA ** ANO 2026 ** NORTE SECO                           
 Listagem dos casos armazenados de Fluxo de Potencia - ANAREDE
 Arquivo Historico: C:\USERS\JOAOPEDROPETERSBARBO\DROPBOX\GITPYANA\PYANA\SISTEMAS\EXIC\NE224-C1\EXLF
 X----X-------------------------------------------------------------------------------------X
  CASO                      INFORMACOES DO CASO GRAVADO
 X----X-------------------------------------------------------------------------------------X

     1 DATA: 09/01/2025 / HORA: 23:13:06   / VERSAO DO PROGRAMA: V11.07.02             
 --------------------------------------------------------------------------------
                                   Comentarios                                   
 --------------------------------------------------------------------------------
     (-------------------------------- Comentarios ------------------------------
 ---)                                                                            
 SISTEMA NE REDUZIDO                                                             
CEPEL - CENTRO DE PESQUISAS DE ENERGIA ELETRICA - PROGRAMA DE ANALISE DE REDES - V11.07.02                                 PAG.  38

 **EPE DECENAL 2032** PESADA ** ANO 2026 ** NORTE SECO                           
 RELATORIO DE PADRAO PARA OPCOES DE EXECUCAO

 X------X------X------X------X------X------X------X------X------X------X
  OPCAO  OPCAO  OPCAO  OPCAO  OPCAO  OPCAO  OPCAO  OPCAO  OPCAO  OPCAO
  NOME E NOME E NOME E NOME E NOME E NOME E NOME E NOME E NOME E NOME E
 X----X-X----X-X----X-X----X-X----X-X----X-X----X-X----X-X----X-X----X-X

  CREM L CTAP L STEP L NEWT L RCVG L RMON L FILE L SUBS L CONT L NOVO L
  CELO L MFCT L ATCR L INDC L AREG L STPO L VLCR L CPHS L


 *** AVISO ***: Nao foram encontradas inconsistencias no arquivo historico e ele sera restabelecido normalmente.
CEPEL - CENTRO DE PESQUISAS DE ENERGIA ELETRICA - PROGRAMA DE ANALISE DE REDES - V11.07.02                                 PAG.  39

 **EPE DECENAL 2032** PESADA ** ANO 2026 ** NORTE SECO                           
 RELATORIO DE CONVERGENCIA

 OPCOES ATIVADAS: CREM CTAP STEP BPSI NEWT RCVG RMON FILE CONT CELO ATCR INDC STPO VLCR CPHS





 CONVERGENCIA FINAL

 X-----------X------X------X---------------X---------------X---------------X
    ITERACAO          FREQ. ERRO MAX BARRA  ERRO MAX BARRA  ERRO MAX  CONV  
  FC  P  Q  V  M.O.   (Hz)      MW    NUM.     Mvar   NUM.  TENSAO %  NUM.  
 X--X--X--X--X------X------X---------X-----X---------X-----X---------X-----X

   0                             0.00     0      0.00     0
      0  0  0 1.0000 60.000      0.00   500      0.00   500     0.000     0
CEPEL - CENTRO DE PESQUISAS DE ENERGIA ELETRICA - PROGRAMA DE ANALISE DE REDES - V11.07.02                                 PAG.  40

 **EPE DECENAL 2032** PESADA ** ANO 2026 ** NORTE SECO                           

 --- CASO ANAREDE 06 GRAVADO. ---
 **EPE DECENAL 2032** PESADA ** ANO 2026 ** NORTE SECO                           

