CEPEL - CENTRO DE PESQUISAS DE ENERGIA ELETRICA - PROGRAMA DE ANALISE DE REDES - V11.07.02                                 PAG.  27

 **EPE DECENAL 2032** PESADA ** ANO 2026 ** NORTE SECO                           
 RELATORIO DE EXECUCAO DO FLUXO DE POTENCIA CONTINUADO

 Opcoes Ativadas: CREM CTAP STEP BPSI NEWT RCVG RMON FILE CONT CELO ATCR INDC STPO CTAF CTAF

 X----X----------------X--------------------------X-------------X---------X
                            AUMENTO DA CARGA                               
  NUM.   CONVERGENCIA        ATIVA E REATIVA (%)   CARGA DA AREA PASSO MAX 
          STATUS    P/Q  MAXIMO    AREA    SISTEMA   MW / Mvar    P/Q (%)  
 X----X------------X---X--------X--------X--------X-------------X---------X

     0 Convergente    0    0.000    0.000    0.000 12676.08 MW      0.9000
                      0    0.000    0.000    0.000  -756.03 Mvar    1.0000
     1 Convergente    3    0.900    0.900    0.900 12790.16 MW      0.9000
                      3    1.000    1.000    1.000  -763.59 Mvar    1.0000
     2 Convergente    2    1.800    1.800    1.800 12904.25 MW      0.9000
                      2    2.000    2.000    2.000  -771.15 Mvar    1.0000
     3 Convergente    2    2.700    2.700    2.700 13018.33 MW      0.9000
                      2    3.000    3.000    3.000  -778.71 Mvar    1.0000
     4 Convergente    2    3.600    3.600    3.600 13132.42 MW      0.9000
                      2    4.000    4.000    4.000  -786.27 Mvar    1.0000
     5 Convergente    2    4.500    4.500    4.500 13246.50 MW      0.9000
                      2    5.000    5.000    5.000  -793.83 Mvar    1.0000
     6 Convergente    2    5.400    5.400    5.400 13360.59 MW      0.9000
                      2    6.000    6.000    6.000  -801.39 Mvar    1.0000
     7 Convergente    2    6.300    6.300    6.300 13474.67 MW      0.9000
                      2    7.000    7.000    7.000  -808.95 Mvar    1.0000
     8 Convergente    2    7.200    7.200    7.200 13588.75 MW      0.9000
                      2    8.000    8.000    8.000  -816.51 Mvar    1.0000
     9 Convergente    2    8.100    8.100    8.100 13702.84 MW      0.9000
                      2    9.000    9.000    9.000  -824.07 Mvar    1.0000
    10 Convergente    2    9.000    9.000    9.000 13816.92 MW      0.9000
                      2   10.000   10.000   10.000  -831.63 Mvar    1.0000
    11 Convergente    2    9.900    9.900    9.900 13931.01 MW      0.9000
                      2   11.000   11.000   11.000  -839.19 Mvar    1.0000
    12 Convergente    2   10.800   10.800   10.800 14045.09 MW      0.9000
                      2   12.000   12.000   12.000  -846.75 Mvar    1.0000
    13 Convergente    2   11.700   11.700   11.700 14159.18 MW      0.9000
                      2   13.000   13.000   13.000  -854.31 Mvar    1.0000
    14 Convergente    2   12.600   12.600   12.600 14273.26 MW      0.9000
                      2   14.000   14.000   14.000  -861.87 Mvar    1.0000
    15 Convergente    2   13.500   13.500   13.500 14387.35 MW      0.9000
                      2   15.000   15.000   15.000  -869.43 Mvar    1.0000
    16 Convergente    2   14.400   14.400   14.400 14501.43 MW      0.9000
                      2   16.000   16.000   16.000  -876.99 Mvar    1.0000
    17 Convergente    2   15.300   15.300   15.300 14615.52 MW      0.9000
                      2   17.000   17.000   17.000  -884.55 Mvar    1.0000
    18 Convergente    2   16.200   16.200   16.200 14729.60 MW      0.9000
                      2   18.000   18.000   18.000  -892.11 Mvar    1.0000
    19 Convergente    2   17.100   17.100   17.100 14843.69 MW      0.9000
                      2   19.000   19.000   19.000  -899.67 Mvar    1.0000
    20 Convergente    2   18.000   18.000   18.000 14957.77 MW      0.9000
                      2   20.000   20.000   20.000  -907.23 Mvar    1.0000
    21 Convergente    2   18.900   18.900   18.900 15071.86 MW      0.9000
                      2   21.000   21.000   21.000  -914.79 Mvar    1.0000
CEPEL - CENTRO DE PESQUISAS DE ENERGIA ELETRICA - PROGRAMA DE ANALISE DE REDES - V11.07.02                                 PAG.  28

    19.8000                                                                      
 RELATORIO DE EXECUCAO DO FLUXO DE POTENCIA CONTINUADO

 Opcoes Ativadas: CREM CTAP STEP BPSI NEWT RCVG RMON FILE CONT CELO ATCR INDC STPO CTAF CTAF

 X----X----------------X--------------------------X-------------X---------X
                            AUMENTO DA CARGA                               
  NUM.   CONVERGENCIA        ATIVA E REATIVA (%)   CARGA DA AREA PASSO MAX 
          STATUS    P/Q  MAXIMO    AREA    SISTEMA   MW / Mvar    P/Q (%)  
 X----X------------X---X--------X--------X--------X-------------X---------X

    22 Convergente    2   19.800   19.800   19.800 15185.94 MW      0.9000
                      2   22.000   22.000   22.000  -922.35 Mvar    1.0000
    23 Convergente    2   20.700   20.700   20.700 15300.02 MW      0.9000
                      2   23.000   23.000   23.000  -929.91 Mvar    1.0000
    24 Convergente    2   21.600   21.600   21.600 15414.11 MW      0.9000
                      2   24.000   24.000   24.000  -937.47 Mvar    1.0000
    25 Convergente    2   22.500   22.500   22.500 15528.19 MW      0.9000
                      2   25.000   25.000   25.000  -945.04 Mvar    1.0000
    26 Convergente    2   23.400   23.400   23.400 15642.28 MW      0.9000
                      2   26.000   26.000   26.000  -952.60 Mvar    1.0000
    27 Convergente    2   24.300   24.300   24.300 15756.36 MW      0.9000
                      2   27.000   27.000   27.000  -960.16 Mvar    1.0000
    28 Convergente    2   25.200   25.200   25.200 15870.45 MW      0.9000
                      2   28.000   28.000   28.000  -967.72 Mvar    1.0000
    29 Convergente    2   26.100   26.100   26.100 15984.53 MW      0.9000
                      2   29.000   29.000   29.000  -975.28 Mvar    1.0000
    30 Convergente    2   27.000   27.000   27.000 16098.62 MW      0.9000
                      2   30.000   30.000   30.000  -982.84 Mvar    1.0000
 
 Numero maximo de iteracoes atingido
CEPEL - CENTRO DE PESQUISAS DE ENERGIA ELETRICA - PROGRAMA DE ANALISE DE REDES - V11.07.02                                 PAG.  29

 **EPE DECENAL 2032** PESADA ** ANO 2026 ** NORTE SECO                           
 RELATORIO DE TOTAIS DE AREA

 X----X--------X--------X--------X--------X--------X--------X--------X--------X
  AREA  GERACAO  INJ EQV   CARGA   ELO CC    SHUNT   EXPORT   IMPORT   PERDAS
  NUM.    MW/      MW/      MW/      MW/     Mvar/     MW/      MW/      MW/
         Mvar     Mvar     Mvar     Mvar     EQUIV    Mvar     Mvar     Mvar
 X----X--------X--------X--------X--------X--------X--------X--------X--------X

   200  16681.2      0.0  16098.6      0.0   2308.3      0.0      0.0    582.6
        -6600.1      0.0   -982.8      0.0      0.0      0.0      0.0  -3309.0

 TOTAL  16681.2      0.0  16098.6      0.0   2308.3      0.0      0.0    582.6
        -6600.1      0.0   -982.8      0.0      0.0      0.0      0.0  -3309.0
CEPEL - CENTRO DE PESQUISAS DE ENERGIA ELETRICA - PROGRAMA DE ANALISE DE REDES - V11.07.02                                 PAG.  30

 **EPE DECENAL 2032** PESADA ** ANO 2026 ** NORTE SECO                           
 Listagem dos casos armazenados de Fluxo de Potencia - ANAREDE
 Arquivo Historico: C:\USERS\JOAOPEDROPETERSBARBO\DROPBOX\GITPYANA\PYANA\SISTEMAS\EXIC\NE224-C1\EXLF
 X----X-------------------------------------------------------------------------------------X
  CASO                      INFORMACOES DO CASO GRAVADO
 X----X-------------------------------------------------------------------------------------X

     1 DATA: 09/01/2025 / HORA: 23:17:57   / VERSAO DO PROGRAMA: V11.07.02             
 --------------------------------------------------------------------------------
                                   Comentarios                                   
 --------------------------------------------------------------------------------
     (-------------------------------- Comentarios ------------------------------
 ---)                                                                            
 SISTEMA NE REDUZIDO                                                             
CEPEL - CENTRO DE PESQUISAS DE ENERGIA ELETRICA - PROGRAMA DE ANALISE DE REDES - V11.07.02                                 PAG.  31

 **EPE DECENAL 2032** PESADA ** ANO 2026 ** NORTE SECO                           
 RELATORIO DE PADRAO PARA OPCOES DE EXECUCAO

 X------X------X------X------X------X------X------X------X------X------X
  OPCAO  OPCAO  OPCAO  OPCAO  OPCAO  OPCAO  OPCAO  OPCAO  OPCAO  OPCAO
  NOME E NOME E NOME E NOME E NOME E NOME E NOME E NOME E NOME E NOME E
 X----X-X----X-X----X-X----X-X----X-X----X-X----X-X----X-X----X-X----X-X

  CREM L CTAP L STEP L NEWT L RCVG L RMON L FILE L SUBS L CONT L NOVO L
  CELO L MFCT L ATCR L INDC L AREG L STPO L VLCR L CPHS L


 *** AVISO ***: Nao foram encontradas inconsistencias no arquivo historico e ele sera restabelecido normalmente.
CEPEL - CENTRO DE PESQUISAS DE ENERGIA ELETRICA - PROGRAMA DE ANALISE DE REDES - V11.07.02                                 PAG.  32

 **EPE DECENAL 2032** PESADA ** ANO 2026 ** NORTE SECO                           
 RELATORIO DE CONVERGENCIA

 OPCOES ATIVADAS: CREM CTAP STEP BPSI NEWT RCVG RMON FILE CONT CELO ATCR INDC STPO VLCR CPHS





 CONVERGENCIA FINAL

 X-----------X------X------X---------------X---------------X---------------X
    ITERACAO          FREQ. ERRO MAX BARRA  ERRO MAX BARRA  ERRO MAX  CONV  
  FC  P  Q  V  M.O.   (Hz)      MW    NUM.     Mvar   NUM.  TENSAO %  NUM.  
 X--X--X--X--X------X------X---------X-----X---------X-----X---------X-----X

   0                             0.00     0      0.00     0
      0  0  0 1.0000 60.000      0.00 11594      0.00   500     0.000     0
CEPEL - CENTRO DE PESQUISAS DE ENERGIA ELETRICA - PROGRAMA DE ANALISE DE REDES - V11.07.02                                 PAG.  33

 **EPE DECENAL 2032** PESADA ** ANO 2026 ** NORTE SECO                           

 --- CASO ANAREDE 05 GRAVADO. ---
 **EPE DECENAL 2032** PESADA ** ANO 2026 ** NORTE SECO                           

