!      ---- Modo de Desenho da Barra ---
BU
!      ---- Tamanho da Fonte das Legendas ---
F 1
!      ---- Cores (Fundo - Identificador - Numero - Valor - Grid - Fluxo Ativo - Fluxo Reativo)---
RF 255 255 255
RI 128 0 128
RN 128 0 128
RV 0 0 255
RG 0 0 0
RA 0 0 255
RR 255 0 0
!      ---- Grupos Base de Tensão ----
!Ten  lar  R   G   B ID
!    ---- Componentes ----
!Numero Tipo Rot Hac Px Py Cor sl SubTp ch1 ch2 ch3 ch4 Descrip
C 28  1 257 0 -55.938 -37.3701  0  0 -  1  0  0  0 0
C 29  1 257 0 173.429 -37.1181  0  0 -  2  0  0  0 0
C 31  4 1 0 -106.295 -21.124  0  0 -  1  1  0  0 0
C 40  5 3 0 270.756 -21.124  0  0 -  1  2  0  0 0
!      ---- Linhas ----
!Numero Tipo hac sl De Para ch1 nsg segmentos
L30 14 0 0  28  29  1  1 25 
!     ---- Ligacoes ----
!Numero Flags cor Inic Coni Fin Conf Linhas nqb quebras
U25 0  0  28   2  29   2  30   0 
U26 0  0  31   1  28   2  -1   0 
U27 0  0  40   1  29   2  -1   0 
!    ---- Posição de Legenda de Componentes ----
!NumCompo Label Rot Px Py
X  40  1  3    -8.00    -3.00
!     ---- Posição de Legenda de Ligacoes ----
!Lado NumLig Label Px Py
