!      ---- Modo de Desenho da Barra ---
BU
!      ---- Tamanho da Fonte das Legendas ---
F 1
!      ---- Cores (Fundo - Identificador - Numero - Valor - Grid - Fluxo Ativo - Fluxo Reativo)---
RF 255 255 255
RI 128 0 128
RN 128 0 128
RV 0 0 255
RG 0 0 0
RA 0 0 255
RR 255 0 0
!      ---- Grupos Base de Tensão ----
!Ten  lar  R   G   B ID
!    ---- Componentes ----
!Numero Tipo Rot Hac Px Py Cor sl SubTp ch1 ch2 ch3 ch4 Descrip
C 28  1 770 0    -32    -64  0  0 -  1  0  0  0 0
C 33  1 770 0    -32    224  0  0 -  2  0  0  0 0
C 37  1 770 0    160    -64  0  0 -  3  0  0  0 0
C 40  1 770 0    160    224  0  0 -  4  0  0  0 0
C 43  1 770 0    352    -64  0  0 -  5  0  0  0 0
C 46  1 770 0    352    224  0  0 - 41  0  0  0 0
C 49  1 770 0    544    -64  0  0 - 42  0  0  0 0
C 53  1 770 0    544    224  0  0 - 43  0  0  0 0
C 56  1 770 0    736    -64  0  0 - 46  0  0  0 0
C 59  1 770 0    736    224  0  0 - 47  0  0  0 0
C 62  1 770 0    928    -64  0  0 - 51  0  0  0 0
C 73  1 514 0   1040    -64  0  0 - 816  0  0  0 0
C 75  1 770 0    -32   -192  0  0 - 1041  0  0  0 0
C 84  1 770 0    160   -192  0  0 - 1043  0  0  0 0
C 90  1 770 0    352   -192  0  0 - 1045  0  0  0 0
C112  1 770 0    544   -192  0  0 - 4042  0  0  0 0
C118  1 770 0    736   -192  0  0 - 4046  0  0  0 0
C124  1 2050 0   1168   -192  0  0 - 4051  0  0  0 0
C145  1 770 0    -32     96  0  0 - 1042  0  0  0 0
C153  1 770 0    160     96  0  0 - 1044  0  0  0 0
C159  1 770 0    352     96  0  0 - 4041  0  0  0 0
C165  1 770 0    544     96  0  0 - 4043  0  0  0 0
C167  1 1794 0    928     96  0  0 - 4047  0  0  0 0
C174  1 770 0    -32    384  0  0 - 1011  0  0  0 0
C175  1 770 0    -32    512  0  0 - 11  0  0  0 0
C179  1 770 0    160    384  0  0 - 1012  0  0  0 0
C180  1 770 0    352    384  0  0 - 1013  0  0  0 0
C181  1 770 0    544    384  0  0 - 1022  0  0  0 0
C182  1 770 0    736    384  0  0 - 2031  0  0  0 0
C183  1 770 0    928    384  0  0 - 2032  0  0  0 0
C184  1 770 0    160    512  0  0 - 12  0  0  0 0
C186  1 770 0    352    512  0  0 - 13  0  0  0 0
C188  1 770 0    544    512  0  0 - 22  0  0  0 0
C190  1 770 0    736    512  0  0 - 31  0  0  0 0
C192  1 770 0    928    512  0  0 - 32  0  0  0 0
C205  1 770 0    -32    576  0  0 - 4061  0  0  0 0
C206  1 770 0    160    576  0  0 - 4062  0  0  0 0
C207  1 1794 0    544    576  0  0 - 4063  0  0  0 0
C208  1 770 0    736    576  0  0 - 4071  0  0  0 0
C209  1 770 0    928    576  0  0 - 4072  0  0  0 0
C210  1 770 0    -32    704  0  0 - 61  0  0  0 0
C212  1 770 0    160    704  0  0 - 62  0  0  0 0
C214  1 770 0    352    704  0  0 - 63  0  0  0 0
C216  1 770 0    736    704  0  0 - 71  0  0  0 0
C218  1 770 0    928    704  0  0 - 72  0  0  0 0
C221  1 514 0    464    704  0  0 - 818  0  0  0 0
C259  1 514 0    848    224  0  0 - 815  0  0  0 0
C268  1 770 0   1152     96  0  0 - 4032  0  0  0 0
C269  1 770 0   1152    288  0  0 - 4044  0  0  0 0
C285  1 514 0 560.56 704.034  0  0 - 8182  0  0  0 0
C320  1 514 0 943.978 223.543  0  0 - 8152  0  0  0 0
C339  1 512 0 1072.55 -66.8431  0  0 - 8162  0  0  0 0
C 29  5 10 0   -128     16  0  0 -  1  1  0  0 0
C 34  5 0 0   -128    304  0  0 -  1  2  0  0 0
C 38  5 0 0     64     16  0  0 -  1  3  0  0 0
C 41  5 0 0     64    304  0  0 -  1  4  0  0 0
C 44  5 0 0    256     16  0  0 -  1  5  0  0 0
C 47  5 0 0    256    304  0  0 -  1 41  0  0 0
C 51  5 0 0    448     16  0  0 -  1 42  0  0 0
C 54  5 0 0    448    304  0  0 -  1 43  0  0 0
C 57  5 0 0    640     16  0  0 -  1 46  0  0 0
C 60  5 0 0    640    304  0  0 -  1 47  0  0 0
C 63  5 0 0    832     16  0  0 -  1 51  0  0 0
C 74  4 0 0   1008     16  0  0 -  1 816  0  0 0
C 76  9 0 0    -96   -128  0  0 -  1 1041  1  0 0
C 85  9 0 0     96   -128  0  0 -  1 1043  3  0 0
C 91  9 0 0    288   -128  0  0 -  1 1045  5  0 0
C113  9 0 0    480   -128  0  0 -  1 4042 42  0 0
C119  9 0 0    672   -128  0  0 -  1 4046 46  0 0
C125  9 0 0    864   -128  0  0 -  1 4051 51  0 0
C136  9 0 0   1008   -128  0  0 -  1 4051 816  0 0
C146  9 0 0    -96    160  0  0 -  1 1042  2  0 0
C154  9 0 0     96    160  0  0 -  1 1044  4  0 0
C160  9 0 0    288    160  0  0 -  1 4041 41  0 0
C166  9 0 0    480    160  0  0 -  1 4043 43  0 0
C168  9 0 0    672    160  0  0 -  1 4047 47  0 0
C176  9 0 0    -96    448  0  0 -  1 1011 11  0 0
C185  9 0 0     96    448  0  0 -  1 1012 12  0 0
C187  9 0 0    288    448  0  0 -  1 1013 13  0 0
C189  9 0 0    480    448  0  0 -  1 1022 22  0 0
C191  9 0 0    672    448  0  0 -  1 2031 31  0 0
C193  9 0 0    864    448  0  0 -  1 2032 32  0 0
C211  9 0 0    -96    640  0  0 -  1 4061 61  0 0
C213  9 0 0     96    640  0  0 -  1 4062 62  0 0
C215  9 0 0    288    640  0  0 -  1 4063 63  0 0
C217  9 0 0    672    640  0  0 -  1 4071 71  0 0
C219  9 0 0    864    640  0  0 -  1 4072 72  0 0
C222  9 0 0    432    640  0  0 -  1 4063 818  0 0
C226  4 0 0    432    784  0  0 -  1 818  0  0 0
C260  9 0 0    816    160  0  0 -  1 4047 815  0 0
C261  4 0 0    816    304  0  0 -  1 815  0  0 0
C286  9 0 0 527.966 643.62  0  0 -  1 4063 8182  0 0
C306  4 0 0 528.006 783.259  0  0 -  1 8182  0  0 0
C321  9 0 0 912.244 160.628  0  0 -  1 4047 8152  0 0
C335  4 0 0 911.978 301.055  0  0 -  1 8152  0  0 0
C340  9 0 0 1136.41 -139.276  0  0 -  1 4051 8162  0 0
C341  4 0 0 1136.88 11.996  0  0 -  1 8162  0  0 0
!      ---- Linhas ----
!Numero Tipo hac sl De Para ch1 nsg segmentos
L270 14 0 0 268 269  1  1 126 
!     ---- Ligacoes ----
!Numero Flags cor Inic Coni Fin Conf Linhas nqb quebras
U25 0  0  29   1  28   7  -1   0 
U27 0  0  34   1  33   7  -1   0 
U29 0  0  38   1  37   7  -1   0 
U31 0  0  41   1  40   7  -1   0 
U33 0  0  44   1  43   7  -1   0 
U35 0  0  47   1  46   7  -1   0 
U38 0  0  51   1  49   7  -1   0 
U40 0  0  54   1  53   7  -1   0 
U42 0  0  57   1  56   7  -1   0 
U44 0  0  60   1  59   7  -1   0 
U46 0  0  63   1  62   7  -1   0 
U52 0  0  74   1  73   3  -1   0 
U53 0  0  75   5  76   1  -1   0 
U54 0  0  28   5  76   2  -1   0 
U55 0  0  84   5  85   1  -1   0 
U56 0  0  37   5  85   2  -1   0 
U57 0  0  90   5  91   1  -1   0 
U58 0  0  43   5  91   2  -1   0 
U70 0  0 112   5 113   1  -1   0 
U71 0  0  49   5 113   2  -1   0 
U72 0  0 118   5 119   1  -1   0 
U73 0  0  56   5 119   2  -1   0 
U74 0  0 124  20 125   1  -1   0 
U75 0  0  62   5 125   2  -1   0 
U76 0  0 124  11 136   1  -1   0 
U77 0  0  73   3 136   2  -1   0 
U82 0  0 145   5 146   1  -1   0 
U83 0  0  33   5 146   2  -1   0 
U84 0  0 153   5 154   1  -1   0 
U85 0  0  40   5 154   2  -1   0 
U86 0  0 159   5 160   1  -1   0 
U87 0  0  46   5 160   2  -1   0 
U88 0  0 165   5 166   1  -1   0 
U89 0  0  53   5 166   2  -1   0 
U90 0  0 167  17 168   1  -1   0 
U91 0  0  59   5 168   2  -1   0 
U92 0  0 174   5 176   1  -1   0 
U93 0  0 175   5 176   2  -1   0 
U94 0  0 179   5 185   1  -1   0 
U95 0  0 184   5 185   2  -1   0 
U96 0  0 180   5 187   1  -1   0 
U97 0  0 186   5 187   2  -1   0 
U98 0  0 181   5 189   1  -1   0 
U99 0  0 188   5 189   2  -1   0 
U100 0  0 182   5 191   1  -1   0 
U101 0  0 190   5 191   2  -1   0 
U102 0  0 183   5 193   1  -1   0 
U103 0  0 192   5 193   2  -1   0 
U104 0  0 205   5 211   1  -1   0 
U105 0  0 210   5 211   2  -1   0 
U106 0  0 206   5 213   1  -1   0 
U107 0  0 212   5 213   2  -1   0 
U108 0  0 207  17 215   1  -1   0 
U109 0  0 214   5 215   2  -1   0 
U110 0  0 208   5 217   1  -1   0 
U111 0  0 216   5 217   2  -1   0 
U112 0  0 209   5 219   1  -1   0 
U113 0  0 218   5 219   2  -1   0 
U114 0  0 207   8 222   1  -1   0 
U115 0  0 221   3 222   2  -1   0 
U116 0  0 226   1 221   3  -1   0 
U120 0  0 260   1 167   8  -1   0 
U121 0  0 260   2 259   3  -1   0 
U122 0  0 261   1 259   3  -1   0 
U126 0  0 268   4 269   4 270   0 
U138 0  0 207   2 286   1  -1   0 
U139 0  0 285   3 286   2  -1   0 
U140 0  0 306   1 285   3  -1   0 
U141 0  0 167   2 321   1  -1   0 
U142 0  0 320   3 321   2  -1   0 
U143 0  0 335   1 320   3  -1   0 
U144 0  0 124   3 340   1  -1   0 
U145 0  0 339   5 340   2  -1   0 
U146 0  0 341   1 339   5  -1   0 
!    ---- Posição de Legenda de Componentes ----
!NumCompo Label Rot Px Py
X 221  0  2     0.00   -20.00
X 221  1  2     0.00    -8.00
X 285  0  2     1.11   -21.12
X 285  1  2     0.00    -8.00
!     ---- Posição de Legenda de Ligacoes ----
!Lado NumLig Label Px Py
YI  57  1     0.00    -6.00
YI 115  1    -0.00    -6.00
YI 139  1    -4.16    13.33
YI 139  2    -1.74   -22.05
