CEPEL - CENTRO DE PESQUISAS DE ENERGIA ELETRICA - PROGRAMA DE ANALISE DE REDES - V11.07.02                                 PAG.  27

 **EPE DECENAL 2032** PESADA ** ANO 2026 ** NORTE SECO                           
 RELATORIO DE EXECUCAO DO FLUXO DE POTENCIA CONTINUADO

 Opcoes Ativadas: CREM CTAP STEP BPSI NEWT RCVG RMON FILE CONT CELO ATCR INDC STPO CTAF CTAF

 X----X----------------X--------------------------X-------------X---------X
                            AUMENTO DA CARGA                               
  NUM.   CONVERGENCIA        ATIVA E REATIVA (%)   CARGA DA AREA PASSO MAX 
          STATUS    P/Q  MAXIMO    AREA    SISTEMA   MW / Mvar    P/Q (%)  
 X----X------------X---X--------X--------X--------X-------------X---------X

     0 Convergente    1    0.000    0.000    0.000 13750.06 MW      0.9000
                      1    0.000    0.000    0.000  -698.14 Mvar    1.0000
     1 Convergente    3    0.900    0.900    0.900 13873.81 MW      0.9000
                      3    1.000    1.000    1.000  -705.12 Mvar    1.0000
     2 Convergente    3    1.800    1.800    1.800 13997.56 MW      0.9000
                      3    2.000    2.000    2.000  -712.10 Mvar    1.0000
     3 Convergente    3    2.700    2.700    2.700 14121.31 MW      0.9000
                      3    3.000    3.000    3.000  -719.08 Mvar    1.0000
     4 Convergente    3    3.600    3.600    3.600 14245.06 MW      0.9000
                      3    4.000    4.000    4.000  -726.06 Mvar    1.0000
     5 Convergente    3    4.500    4.500    4.500 14368.81 MW      0.9000
                      3    5.000    5.000    5.000  -733.04 Mvar    1.0000
     6 Convergente    3    5.400    5.400    5.400 14492.56 MW      0.9000
                      3    6.000    6.000    6.000  -740.03 Mvar    1.0000
     7 Convergente    3    6.300    6.300    6.300 14616.31 MW      0.9000
                      3    7.000    7.000    7.000  -747.01 Mvar    1.0000
     8 Convergente    3    7.200    7.200    7.200 14740.06 MW      0.9000
                      3    8.000    8.000    8.000  -753.99 Mvar    1.0000
     9 Convergente    3    8.100    8.100    8.100 14863.81 MW      0.9000
                      3    9.000    9.000    9.000  -760.97 Mvar    1.0000
    10 Convergente    3    9.000    9.000    9.000 14987.56 MW      0.9000
                      3   10.000   10.000   10.000  -767.95 Mvar    1.0000
    11 Convergente    3    9.900    9.900    9.900 15111.31 MW      0.9000
                      3   11.000   11.000   11.000  -774.93 Mvar    1.0000
    12 Convergente    3   10.800   10.800   10.800 15235.06 MW      0.9000
                      3   12.000   12.000   12.000  -781.91 Mvar    1.0000
    13 Convergente    3   11.700   11.700   11.700 15358.81 MW      0.9000
                      3   13.000   13.000   13.000  -788.89 Mvar    1.0000
    14 Convergente    3   12.600   12.600   12.600 15482.56 MW      0.9000
                      3   14.000   14.000   14.000  -795.88 Mvar    1.0000
    15 Convergente    3   13.500   13.500   13.500 15606.31 MW      0.9000
                      3   15.000   15.000   15.000  -802.86 Mvar    1.0000
    16 Convergente    3   14.400   14.400   14.400 15730.07 MW      0.9000
                      3   16.000   16.000   16.000  -809.84 Mvar    1.0000
    17 Convergente    3   15.300   15.300   15.300 15853.82 MW      0.9000
                      3   17.000   17.000   17.000  -816.82 Mvar    1.0000
    18 Convergente    3   16.200   16.200   16.200 15977.57 MW      0.9000
                      3   18.000   18.000   18.000  -823.80 Mvar    1.0000
    19 Convergente    3   17.100   17.100   17.100 16101.32 MW      0.9000
                      3   19.000   19.000   19.000  -830.78 Mvar    1.0000
    20 Convergente    3   18.000   18.000   18.000 16225.07 MW      0.9000
                      3   20.000   20.000   20.000  -837.76 Mvar    1.0000
    21 Convergente    3   18.900   18.900   18.900 16348.82 MW      0.9000
                      3   21.000   21.000   21.000  -844.75 Mvar    1.0000
CEPEL - CENTRO DE PESQUISAS DE ENERGIA ELETRICA - PROGRAMA DE ANALISE DE REDES - V11.07.02                                 PAG.  28

    19.8000                                                                      
 RELATORIO DE EXECUCAO DO FLUXO DE POTENCIA CONTINUADO

 Opcoes Ativadas: CREM CTAP STEP BPSI NEWT RCVG RMON FILE CONT CELO ATCR INDC STPO CTAF CTAF

 X----X----------------X--------------------------X-------------X---------X
                            AUMENTO DA CARGA                               
  NUM.   CONVERGENCIA        ATIVA E REATIVA (%)   CARGA DA AREA PASSO MAX 
          STATUS    P/Q  MAXIMO    AREA    SISTEMA   MW / Mvar    P/Q (%)  
 X----X------------X---X--------X--------X--------X-------------X---------X

    22 Convergente    2   19.800   19.800   19.800 16472.57 MW      0.9000
                      2   22.000   22.000   22.000  -851.73 Mvar    1.0000
    23 Convergente    2   20.700   20.700   20.700 16596.32 MW      0.9000
                      2   23.000   23.000   23.000  -858.71 Mvar    1.0000
    24 Convergente    2   21.600   21.600   21.600 16720.07 MW      0.9000
                      2   24.000   24.000   24.000  -865.69 Mvar    1.0000
    25 Convergente    2   22.500   22.500   22.500 16843.82 MW      0.9000
                      2   25.000   25.000   25.000  -872.67 Mvar    1.0000
    26 Convergente    2   23.400   23.400   23.400 16967.57 MW      0.9000
                      2   26.000   26.000   26.000  -879.65 Mvar    1.0000
    27 Convergente    2   24.300   24.300   24.300 17091.32 MW      0.9000
                      2   27.000   27.000   27.000  -886.63 Mvar    1.0000
    28 Convergente    2   25.200   25.200   25.200 17215.07 MW      0.9000
                      2   28.000   28.000   28.000  -893.62 Mvar    1.0000
    29 Convergente    2   26.100   26.100   26.100 17338.82 MW      0.9000
                      2   29.000   29.000   29.000  -900.60 Mvar    1.0000
    30 Convergente    2   27.000   27.000   27.000 17462.57 MW      0.9000
                      2   30.000   30.000   30.000  -907.58 Mvar    1.0000
 
 Numero maximo de iteracoes atingido
CEPEL - CENTRO DE PESQUISAS DE ENERGIA ELETRICA - PROGRAMA DE ANALISE DE REDES - V11.07.02                                 PAG.  29

 **EPE DECENAL 2032** PESADA ** ANO 2026 ** NORTE SECO                           
 RELATORIO DE TOTAIS DE AREA

 X----X--------X--------X--------X--------X--------X--------X--------X--------X
  AREA  GERACAO  INJ EQV   CARGA   ELO CC    SHUNT   EXPORT   IMPORT   PERDAS
  NUM.    MW/      MW/      MW/      MW/     Mvar/     MW/      MW/      MW/
         Mvar     Mvar     Mvar     Mvar     EQUIV    Mvar     Mvar     Mvar
 X----X--------X--------X--------X--------X--------X--------X--------X--------X

   200  18200.7      0.0  17462.6      0.0   2790.5      0.0      0.0    738.2
        -4895.0      0.0   -907.6      0.0      0.0      0.0      0.0  -1196.9

 TOTAL  18200.7      0.0  17462.6      0.0   2790.5      0.0      0.0    738.2
        -4895.0      0.0   -907.6      0.0      0.0      0.0      0.0  -1196.9
CEPEL - CENTRO DE PESQUISAS DE ENERGIA ELETRICA - PROGRAMA DE ANALISE DE REDES - V11.07.02                                 PAG.  30

 **EPE DECENAL 2032** PESADA ** ANO 2026 ** NORTE SECO                           
 Listagem dos casos armazenados de Fluxo de Potencia - ANAREDE
 Arquivo Historico: C:\USERS\JOAOPEDROPETERSBARBO\DROPBOX\GITPYANA\PYANA\SISTEMAS\EXIC\NE224-C2\EXLF
 X----X-------------------------------------------------------------------------------------X
  CASO                      INFORMACOES DO CASO GRAVADO
 X----X-------------------------------------------------------------------------------------X

     1 DATA: 12/01/2025 / HORA: 17:10:23   / VERSAO DO PROGRAMA: V11.07.02             
 --------------------------------------------------------------------------------
                                   Comentarios                                   
 --------------------------------------------------------------------------------
     (-------------------------------- Comentarios ------------------------------
 ---)                                                                            
 SISTEMA NE REDUZIDO                                                             
CEPEL - CENTRO DE PESQUISAS DE ENERGIA ELETRICA - PROGRAMA DE ANALISE DE REDES - V11.07.02                                 PAG.  31

 **EPE DECENAL 2032** PESADA ** ANO 2026 ** NORTE SECO                           
 RELATORIO DE PADRAO PARA OPCOES DE EXECUCAO

 X------X------X------X------X------X------X------X------X------X------X
  OPCAO  OPCAO  OPCAO  OPCAO  OPCAO  OPCAO  OPCAO  OPCAO  OPCAO  OPCAO
  NOME E NOME E NOME E NOME E NOME E NOME E NOME E NOME E NOME E NOME E
 X----X-X----X-X----X-X----X-X----X-X----X-X----X-X----X-X----X-X----X-X

  CREM L CTAP L STEP L NEWT L RCVG L RMON L FILE L SUBS L CONT L NOVO L
  CELO L MFCT L ATCR L INDC L AREG L STPO L VLCR L CPHS L


 *** AVISO ***: Nao foram encontradas inconsistencias no arquivo historico e ele sera restabelecido normalmente.
CEPEL - CENTRO DE PESQUISAS DE ENERGIA ELETRICA - PROGRAMA DE ANALISE DE REDES - V11.07.02                                 PAG.  32

 **EPE DECENAL 2032** PESADA ** ANO 2026 ** NORTE SECO                           
 RELATORIO DE CONVERGENCIA

 OPCOES ATIVADAS: CREM CTAP STEP BPSI NEWT RCVG RMON FILE CONT CELO ATCR INDC STPO VLCR CPHS





 CONVERGENCIA FINAL

 X-----------X------X------X---------------X---------------X---------------X
    ITERACAO          FREQ. ERRO MAX BARRA  ERRO MAX BARRA  ERRO MAX  CONV  
  FC  P  Q  V  M.O.   (Hz)      MW    NUM.     Mvar   NUM.  TENSAO %  NUM.  
 X--X--X--X--X------X------X---------X-----X---------X-----X---------X-----X

   0                             0.00     0      0.00     0
      0  0  0 1.0000 60.000      0.00   587      0.00   500     0.000     0
CEPEL - CENTRO DE PESQUISAS DE ENERGIA ELETRICA - PROGRAMA DE ANALISE DE REDES - V11.07.02                                 PAG.  33

 **EPE DECENAL 2032** PESADA ** ANO 2026 ** NORTE SECO                           

 --- CASO ANAREDE 05 GRAVADO. ---
 **EPE DECENAL 2032** PESADA ** ANO 2026 ** NORTE SECO                           

