CEPEL - CENTRO DE PESQUISAS DE ENERGIA ELETRICA - PROGRAMA DE ANALISE DE REDES - V11.07.02                                 PAG.  41

 **EPE DECENAL 2032** PESADA ** ANO 2026 ** NORTE SECO                           
 RELATORIO DE EXECUCAO DO FLUXO DE POTENCIA CONTINUADO

 Opcoes Ativadas: CREM CTAP STEP BPSI NEWT RCVG RMON FILE CONT CELO ATCR INDC STPO CTAF CTAF

 X----X----------------X--------------------------X-------------X---------X
                            AUMENTO DA CARGA                               
  NUM.   CONVERGENCIA        ATIVA E REATIVA (%)   CARGA DA AREA PASSO MAX 
          STATUS    P/Q  MAXIMO    AREA    SISTEMA   MW / Mvar    P/Q (%)  
 X----X------------X---X--------X--------X--------X-------------X---------X

     0 Convergente    1    0.000    0.000    0.000 13750.06 MW      1.0000
                      1    0.000    0.000    0.000  -698.14 Mvar    0.9000
     1 Convergente    3    1.000    1.000    1.000 13887.56 MW      1.0000
                      3    0.900    0.900    0.900  -704.42 Mvar    0.9000
     2 Convergente    3    2.000    2.000    2.000 14025.06 MW      1.0000
                      3    1.800    1.800    1.800  -710.70 Mvar    0.9000
     3 Convergente    3    3.000    3.000    3.000 14162.56 MW      1.0000
                      3    2.700    2.700    2.700  -716.99 Mvar    0.9000
     4 Convergente    3    4.000    4.000    4.000 14300.06 MW      1.0000
                      3    3.600    3.600    3.600  -723.27 Mvar    0.9000
     5 Convergente    3    5.000    5.000    5.000 14437.56 MW      1.0000
                      3    4.500    4.500    4.500  -729.55 Mvar    0.9000
     6 Convergente    3    6.000    6.000    6.000 14575.06 MW      1.0000
                      3    5.400    5.400    5.400  -735.84 Mvar    0.9000
     7 Convergente    3    7.000    7.000    7.000 14712.56 MW      1.0000
                      3    6.300    6.300    6.300  -742.12 Mvar    0.9000
     8 Convergente    3    8.000    8.000    8.000 14850.06 MW      1.0000
                      3    7.200    7.200    7.200  -748.40 Mvar    0.9000
     9 Convergente    3    9.000    9.000    9.000 14987.56 MW      1.0000
                      3    8.100    8.100    8.100  -754.69 Mvar    0.9000
    10 Convergente    3   10.000   10.000   10.000 15125.06 MW      1.0000
                      3    9.000    9.000    9.000  -760.97 Mvar    0.9000
    11 Convergente    3   11.000   11.000   11.000 15262.56 MW      1.0000
                      3    9.900    9.900    9.900  -767.25 Mvar    0.9000
    12 Convergente    3   12.000   12.000   12.000 15400.06 MW      1.0000
                      3   10.800   10.800   10.800  -773.54 Mvar    0.9000
    13 Convergente    3   13.000   13.000   13.000 15537.56 MW      1.0000
                      3   11.700   11.700   11.700  -779.82 Mvar    0.9000
    14 Convergente    3   14.000   14.000   14.000 15675.06 MW      1.0000
                      3   12.600   12.600   12.600  -786.10 Mvar    0.9000
    15 Convergente    3   15.000   15.000   15.000 15812.56 MW      1.0000
                      3   13.500   13.500   13.500  -792.39 Mvar    0.9000
    16 Convergente    3   16.000   16.000   16.000 15950.06 MW      1.0000
                      3   14.400   14.400   14.400  -798.67 Mvar    0.9000
    17 Convergente    3   17.000   17.000   17.000 16087.57 MW      1.0000
                      3   15.300   15.300   15.300  -804.95 Mvar    0.9000
    18 Convergente    3   18.000   18.000   18.000 16225.07 MW      1.0000
                      3   16.200   16.200   16.200  -811.24 Mvar    0.9000
    19 Convergente    3   19.000   19.000   19.000 16362.57 MW      1.0000
                      3   17.100   17.100   17.100  -817.52 Mvar    0.9000
    20 Convergente    3   20.000   20.000   20.000 16500.07 MW      1.0000
                      3   18.000   18.000   18.000  -823.80 Mvar    0.9000
    21 Convergente    3   21.000   21.000   21.000 16637.57 MW      1.0000
                      3   18.900   18.900   18.900  -830.09 Mvar    0.9000
CEPEL - CENTRO DE PESQUISAS DE ENERGIA ELETRICA - PROGRAMA DE ANALISE DE REDES - V11.07.02                                 PAG.  42

    22.0000                                                                      
 RELATORIO DE EXECUCAO DO FLUXO DE POTENCIA CONTINUADO

 Opcoes Ativadas: CREM CTAP STEP BPSI NEWT RCVG RMON FILE CONT CELO ATCR INDC STPO CTAF CTAF

 X----X----------------X--------------------------X-------------X---------X
                            AUMENTO DA CARGA                               
  NUM.   CONVERGENCIA        ATIVA E REATIVA (%)   CARGA DA AREA PASSO MAX 
          STATUS    P/Q  MAXIMO    AREA    SISTEMA   MW / Mvar    P/Q (%)  
 X----X------------X---X--------X--------X--------X-------------X---------X

    22 Convergente    3   22.000   22.000   22.000 16775.07 MW      1.0000
                      3   19.800   19.800   19.800  -836.37 Mvar    0.9000
    23 Convergente    3   23.000   23.000   23.000 16912.57 MW      1.0000
                      3   20.700   20.700   20.700  -842.65 Mvar    0.9000
    24 Convergente    3   24.000   24.000   24.000 17050.07 MW      1.0000
                      3   21.600   21.600   21.600  -848.94 Mvar    0.9000
    25 Convergente    3   25.000   25.000   25.000 17187.57 MW      1.0000
                      3   22.500   22.500   22.500  -855.22 Mvar    0.9000
    26 Convergente    3   26.000   26.000   26.000 17325.07 MW      1.0000
                      3   23.400   23.400   23.400  -861.50 Mvar    0.9000
    27 Convergente    3   27.000   27.000   27.000 17462.57 MW      1.0000
                      3   24.300   24.300   24.300  -867.79 Mvar    0.9000
    28 Convergente    3   28.000   28.000   28.000 17600.07 MW      1.0000
                      3   25.200   25.200   25.200  -874.07 Mvar    0.9000
    29 Convergente    3   29.000   29.000   29.000 17737.57 MW      1.0000
                      3   26.100   26.100   26.100  -880.35 Mvar    0.9000
    30 Convergente    3   30.000   30.000   30.000 17875.07 MW      1.0000
                      3   27.000   27.000   27.000  -886.64 Mvar    0.9000
 
 Numero maximo de iteracoes atingido
CEPEL - CENTRO DE PESQUISAS DE ENERGIA ELETRICA - PROGRAMA DE ANALISE DE REDES - V11.07.02                                 PAG.  43

 **EPE DECENAL 2032** PESADA ** ANO 2026 ** NORTE SECO                           
 RELATORIO DE TOTAIS DE AREA

 X----X--------X--------X--------X--------X--------X--------X--------X--------X
  AREA  GERACAO  INJ EQV   CARGA   ELO CC    SHUNT   EXPORT   IMPORT   PERDAS
  NUM.    MW/      MW/      MW/      MW/     Mvar/     MW/      MW/      MW/
         Mvar     Mvar     Mvar     Mvar     EQUIV    Mvar     Mvar     Mvar
 X----X--------X--------X--------X--------X--------X--------X--------X--------X

   200  18612.9      0.0  17875.1      0.0   2797.1      0.0      0.0    737.8
        -4982.5      0.0   -886.6      0.0      0.0      0.0      0.0  -1298.7

 TOTAL  18612.9      0.0  17875.1      0.0   2797.1      0.0      0.0    737.8
        -4982.5      0.0   -886.6      0.0      0.0      0.0      0.0  -1298.7
CEPEL - CENTRO DE PESQUISAS DE ENERGIA ELETRICA - PROGRAMA DE ANALISE DE REDES - V11.07.02                                 PAG.  44

 **EPE DECENAL 2032** PESADA ** ANO 2026 ** NORTE SECO                           
 Listagem dos casos armazenados de Fluxo de Potencia - ANAREDE
 Arquivo Historico: C:\USERS\JOAOPEDROPETERSBARBO\DROPBOX\GITPYANA\PYANA\SISTEMAS\EXIC\NE224-C2\EXLF
 X----X-------------------------------------------------------------------------------------X
  CASO                      INFORMACOES DO CASO GRAVADO
 X----X-------------------------------------------------------------------------------------X

     1 DATA: 12/01/2025 / HORA: 16:46:04   / VERSAO DO PROGRAMA: V11.07.02             
 --------------------------------------------------------------------------------
                                   Comentarios                                   
 --------------------------------------------------------------------------------
     (-------------------------------- Comentarios ------------------------------
 ---)                                                                            
 SISTEMA NE REDUZIDO                                                             
CEPEL - CENTRO DE PESQUISAS DE ENERGIA ELETRICA - PROGRAMA DE ANALISE DE REDES - V11.07.02                                 PAG.  45

 **EPE DECENAL 2032** PESADA ** ANO 2026 ** NORTE SECO                           
 RELATORIO DE PADRAO PARA OPCOES DE EXECUCAO

 X------X------X------X------X------X------X------X------X------X------X
  OPCAO  OPCAO  OPCAO  OPCAO  OPCAO  OPCAO  OPCAO  OPCAO  OPCAO  OPCAO
  NOME E NOME E NOME E NOME E NOME E NOME E NOME E NOME E NOME E NOME E
 X----X-X----X-X----X-X----X-X----X-X----X-X----X-X----X-X----X-X----X-X

  CREM L CTAP L STEP L NEWT L RCVG L RMON L FILE L SUBS L CONT L NOVO L
  CELO L MFCT L ATCR L INDC L AREG L STPO L VLCR L CPHS L


 *** AVISO ***: Nao foram encontradas inconsistencias no arquivo historico e ele sera restabelecido normalmente.
CEPEL - CENTRO DE PESQUISAS DE ENERGIA ELETRICA - PROGRAMA DE ANALISE DE REDES - V11.07.02                                 PAG.  46

 **EPE DECENAL 2032** PESADA ** ANO 2026 ** NORTE SECO                           
 RELATORIO DE CONVERGENCIA

 OPCOES ATIVADAS: CREM CTAP STEP BPSI NEWT RCVG RMON FILE CONT CELO ATCR INDC STPO VLCR CPHS





 CONVERGENCIA FINAL

 X-----------X------X------X---------------X---------------X---------------X
    ITERACAO          FREQ. ERRO MAX BARRA  ERRO MAX BARRA  ERRO MAX  CONV  
  FC  P  Q  V  M.O.   (Hz)      MW    NUM.     Mvar   NUM.  TENSAO %  NUM.  
 X--X--X--X--X------X------X---------X-----X---------X-----X---------X-----X

   0                             0.00     0      0.00     0
      0  0  0 1.0000 60.000      0.00   587      0.00   500     0.000     0
CEPEL - CENTRO DE PESQUISAS DE ENERGIA ELETRICA - PROGRAMA DE ANALISE DE REDES - V11.07.02                                 PAG.  47

 **EPE DECENAL 2032** PESADA ** ANO 2026 ** NORTE SECO                           

 --- CASO ANAREDE 07 GRAVADO. ---
 **EPE DECENAL 2032** PESADA ** ANO 2026 ** NORTE SECO                           

