CEPEL - CENTRO DE PESQUISAS DE ENERGIA ELETRICA - PROGRAMA DE ANALISE DE REDES - V11.07.02                                 PAG.  62

 **EPE DECENAL 2032** PESADA ** ANO 2026 ** NORTE SECO                           
 RELATORIO DE EXECUCAO DO FLUXO DE POTENCIA CONTINUADO

 Opcoes Ativadas: CREM CTAP STEP BPSI NEWT RCVG RMON FILE CONT CELO ATCR INDC STPO CTAF CTAF

 X----X----------------X--------------------------X-------------X---------X
                            AUMENTO DA CARGA                               
  NUM.   CONVERGENCIA        ATIVA E REATIVA (%)   CARGA DA AREA PASSO MAX 
          STATUS    P/Q  MAXIMO    AREA    SISTEMA   MW / Mvar    P/Q (%)  
 X----X------------X---X--------X--------X--------X-------------X---------X

     0 Convergente    1    0.000    0.000    0.000 13750.06 MW      1.0000
                      1    0.000    0.000    0.000  -698.14 Mvar    0.6000
     1 Convergente    3    1.000    1.000    1.000 13887.56 MW      1.0000
                      3    0.600    0.600    0.600  -702.33 Mvar    0.6000
     2 Convergente    3    2.000    2.000    2.000 14025.06 MW      1.0000
                      3    1.200    1.200    1.200  -706.51 Mvar    0.6000
     3 Convergente    3    3.000    3.000    3.000 14162.56 MW      1.0000
                      3    1.800    1.800    1.800  -710.70 Mvar    0.6000
     4 Convergente    3    4.000    4.000    4.000 14300.06 MW      1.0000
                      3    2.400    2.400    2.400  -714.89 Mvar    0.6000
     5 Convergente    3    5.000    5.000    5.000 14437.56 MW      1.0000
                      3    3.000    3.000    3.000  -719.08 Mvar    0.6000
     6 Convergente    3    6.000    6.000    6.000 14575.06 MW      1.0000
                      3    3.600    3.600    3.600  -723.27 Mvar    0.6000
     7 Convergente    3    7.000    7.000    7.000 14712.56 MW      1.0000
                      3    4.200    4.200    4.200  -727.46 Mvar    0.6000
     8 Convergente    3    8.000    8.000    8.000 14850.06 MW      1.0000
                      3    4.800    4.800    4.800  -731.65 Mvar    0.6000
     9 Convergente    3    9.000    9.000    9.000 14987.56 MW      1.0000
                      3    5.400    5.400    5.400  -735.84 Mvar    0.6000
    10 Convergente    3   10.000   10.000   10.000 15125.06 MW      1.0000
                      3    6.000    6.000    6.000  -740.03 Mvar    0.6000
    11 Convergente    3   11.000   11.000   11.000 15262.56 MW      1.0000
                      3    6.600    6.600    6.600  -744.21 Mvar    0.6000
    12 Convergente    3   12.000   12.000   12.000 15400.06 MW      1.0000
                      3    7.200    7.200    7.200  -748.40 Mvar    0.6000
    13 Convergente    3   13.000   13.000   13.000 15537.56 MW      1.0000
                      3    7.800    7.800    7.800  -752.59 Mvar    0.6000
    14 Convergente    3   14.000   14.000   14.000 15675.06 MW      1.0000
                      3    8.400    8.400    8.400  -756.78 Mvar    0.6000
    15 Convergente    3   15.000   15.000   15.000 15812.57 MW      1.0000
                      3    9.000    9.000    9.000  -760.97 Mvar    0.6000
    16 Convergente    3   16.000   16.000   16.000 15950.07 MW      1.0000
                      3    9.600    9.600    9.600  -765.16 Mvar    0.6000
    17 Convergente    3   17.000   17.000   17.000 16087.57 MW      1.0000
                      3   10.200   10.200   10.200  -769.35 Mvar    0.6000
    18 Convergente    3   18.000   18.000   18.000 16225.07 MW      1.0000
                      3   10.800   10.800   10.800  -773.54 Mvar    0.6000
    19 Convergente    3   19.000   19.000   19.000 16362.57 MW      1.0000
                      3   11.400   11.400   11.400  -777.72 Mvar    0.6000
    20 Convergente    3   20.000   20.000   20.000 16500.07 MW      1.0000
                      3   12.000   12.000   12.000  -781.91 Mvar    0.6000
    21 Convergente    3   21.000   21.000   21.000 16637.57 MW      1.0000
                      3   12.600   12.600   12.600  -786.10 Mvar    0.6000
CEPEL - CENTRO DE PESQUISAS DE ENERGIA ELETRICA - PROGRAMA DE ANALISE DE REDES - V11.07.02                                 PAG.  63

    22.0000                                                                      
 RELATORIO DE EXECUCAO DO FLUXO DE POTENCIA CONTINUADO

 Opcoes Ativadas: CREM CTAP STEP BPSI NEWT RCVG RMON FILE CONT CELO ATCR INDC STPO CTAF CTAF

 X----X----------------X--------------------------X-------------X---------X
                            AUMENTO DA CARGA                               
  NUM.   CONVERGENCIA        ATIVA E REATIVA (%)   CARGA DA AREA PASSO MAX 
          STATUS    P/Q  MAXIMO    AREA    SISTEMA   MW / Mvar    P/Q (%)  
 X----X------------X---X--------X--------X--------X-------------X---------X

    22 Convergente    3   22.000   22.000   22.000 16775.07 MW      1.0000
                      3   13.200   13.200   13.200  -790.29 Mvar    0.6000
    23 Convergente    3   23.000   23.000   23.000 16912.57 MW      1.0000
                      3   13.800   13.800   13.800  -794.48 Mvar    0.6000
    24 Convergente    3   24.000   24.000   24.000 17050.07 MW      1.0000
                      3   14.400   14.400   14.400  -798.67 Mvar    0.6000
    25 Convergente    3   25.000   25.000   25.000 17187.57 MW      1.0000
                      3   15.000   15.000   15.000  -802.86 Mvar    0.6000
    26 Convergente    3   26.000   26.000   26.000 17325.07 MW      1.0000
                      3   15.600   15.600   15.600  -807.05 Mvar    0.6000
    27 Convergente    3   27.000   27.000   27.000 17462.57 MW      1.0000
                      3   16.200   16.200   16.200  -811.24 Mvar    0.6000
    28 Convergente    3   28.000   28.000   28.000 17600.07 MW      1.0000
                      3   16.800   16.800   16.800  -815.42 Mvar    0.6000
    29 Convergente    3   29.000   29.000   29.000 17737.57 MW      1.0000
                      3   17.400   17.400   17.400  -819.61 Mvar    0.6000
    30 Convergente    3   30.000   30.000   30.000 17875.07 MW      1.0000
                      3   18.000   18.000   18.000  -823.80 Mvar    0.6000
 
 Numero maximo de iteracoes atingido
CEPEL - CENTRO DE PESQUISAS DE ENERGIA ELETRICA - PROGRAMA DE ANALISE DE REDES - V11.07.02                                 PAG.  64

 **EPE DECENAL 2032** PESADA ** ANO 2026 ** NORTE SECO                           
 RELATORIO DE TOTAIS DE AREA

 X----X--------X--------X--------X--------X--------X--------X--------X--------X
  AREA  GERACAO  INJ EQV   CARGA   ELO CC    SHUNT   EXPORT   IMPORT   PERDAS
  NUM.    MW/      MW/      MW/      MW/     Mvar/     MW/      MW/      MW/
         Mvar     Mvar     Mvar     Mvar     EQUIV    Mvar     Mvar     Mvar
 X----X--------X--------X--------X--------X--------X--------X--------X--------X

   200  18609.0      0.0  17875.1      0.0   2808.1      0.0      0.0    733.9
        -5000.7      0.0   -823.8      0.0      0.0      0.0      0.0  -1368.8

 TOTAL  18609.0      0.0  17875.1      0.0   2808.1      0.0      0.0    733.9
        -5000.7      0.0   -823.8      0.0      0.0      0.0      0.0  -1368.8
