CEPEL - CENTRO DE PESQUISAS DE ENERGIA ELETRICA - PROGRAMA DE ANALISE DE REDES - V11.07.02                                 PAG.   6

 **EPE DECENAL 2032** PESADA ** ANO 2026 ** NORTE SECO                           
 RELATORIO DE EXECUCAO DO FLUXO DE POTENCIA CONTINUADO

 Opcoes Ativadas: CREM CTAP STEP BPSI NEWT RCVG RMON FILE CONT CELO ATCR INDC STPO CTAF CTAF

 X----X----------------X--------------------------X-------------X---------X
                            AUMENTO DA CARGA                               
  NUM.   CONVERGENCIA        ATIVA E REATIVA (%)   CARGA DA AREA PASSO MAX 
          STATUS    P/Q  MAXIMO    AREA    SISTEMA   MW / Mvar    P/Q (%)  
 X----X------------X---X--------X--------X--------X-------------X---------X

     0 Convergente    1    0.000    0.000    0.000 13750.06 MW      0.6000
                      1    0.000    0.000    0.000  -698.14 Mvar    1.0000
     1 Convergente    2    0.600    0.600    0.600 13832.56 MW      0.6000
                      2    1.000    1.000    1.000  -705.12 Mvar    1.0000
     2 Convergente    2    1.200    1.200    1.200 13915.06 MW      0.6000
                      2    2.000    2.000    2.000  -712.10 Mvar    1.0000
     3 Convergente    2    1.800    1.800    1.800 13997.56 MW      0.6000
                      2    3.000    3.000    3.000  -719.08 Mvar    1.0000
     4 Convergente    2    2.400    2.400    2.400 14080.06 MW      0.6000
                      2    4.000    4.000    4.000  -726.06 Mvar    1.0000
     5 Convergente    2    3.000    3.000    3.000 14162.56 MW      0.6000
                      2    5.000    5.000    5.000  -733.04 Mvar    1.0000
     6 Convergente    2    3.600    3.600    3.600 14245.06 MW      0.6000
                      2    6.000    6.000    6.000  -740.03 Mvar    1.0000
     7 Convergente    2    4.200    4.200    4.200 14327.56 MW      0.6000
                      2    7.000    7.000    7.000  -747.01 Mvar    1.0000
     8 Convergente    2    4.800    4.800    4.800 14410.06 MW      0.6000
                      2    8.000    8.000    8.000  -753.99 Mvar    1.0000
     9 Convergente    2    5.400    5.400    5.400 14492.56 MW      0.6000
                      2    9.000    9.000    9.000  -760.97 Mvar    1.0000
    10 Convergente    2    6.000    6.000    6.000 14575.06 MW      0.6000
                      2   10.000   10.000   10.000  -767.95 Mvar    1.0000
    11 Convergente    2    6.600    6.600    6.600 14657.56 MW      0.6000
                      2   11.000   11.000   11.000  -774.93 Mvar    1.0000
    12 Convergente    2    7.200    7.200    7.200 14740.06 MW      0.6000
                      2   12.000   12.000   12.000  -781.91 Mvar    1.0000
    13 Convergente    2    7.800    7.800    7.800 14822.56 MW      0.6000
                      2   13.000   13.000   13.000  -788.89 Mvar    1.0000
    14 Convergente    2    8.400    8.400    8.400 14905.06 MW      0.6000
                      2   14.000   14.000   14.000  -795.88 Mvar    1.0000
    15 Convergente    2    9.000    9.000    9.000 14987.56 MW      0.6000
                      2   15.000   15.000   15.000  -802.86 Mvar    1.0000
    16 Convergente    2    9.600    9.600    9.600 15070.06 MW      0.6000
                      2   16.000   16.000   16.000  -809.84 Mvar    1.0000
    17 Convergente    2   10.200   10.200   10.200 15152.56 MW      0.6000
                      2   17.000   17.000   17.000  -816.82 Mvar    1.0000
    18 Convergente    2   10.800   10.800   10.800 15235.06 MW      0.6000
                      2   18.000   18.000   18.000  -823.80 Mvar    1.0000
    19 Convergente    2   11.400   11.400   11.400 15317.56 MW      0.6000
                      2   19.000   19.000   19.000  -830.78 Mvar    1.0000
    20 Convergente    2   12.000   12.000   12.000 15400.06 MW      0.6000
                      2   20.000   20.000   20.000  -837.76 Mvar    1.0000
    21 Convergente    2   12.600   12.600   12.600 15482.56 MW      0.6000
                      2   21.000   21.000   21.000  -844.75 Mvar    1.0000
CEPEL - CENTRO DE PESQUISAS DE ENERGIA ELETRICA - PROGRAMA DE ANALISE DE REDES - V11.07.02                                 PAG.   7

    13.2000                                                                      
 RELATORIO DE EXECUCAO DO FLUXO DE POTENCIA CONTINUADO

 Opcoes Ativadas: CREM CTAP STEP BPSI NEWT RCVG RMON FILE CONT CELO ATCR INDC STPO CTAF CTAF

 X----X----------------X--------------------------X-------------X---------X
                            AUMENTO DA CARGA                               
  NUM.   CONVERGENCIA        ATIVA E REATIVA (%)   CARGA DA AREA PASSO MAX 
          STATUS    P/Q  MAXIMO    AREA    SISTEMA   MW / Mvar    P/Q (%)  
 X----X------------X---X--------X--------X--------X-------------X---------X

    22 Convergente    2   13.200   13.200   13.200 15565.06 MW      0.6000
                      2   22.000   22.000   22.000  -851.73 Mvar    1.0000
    23 Convergente    2   13.800   13.800   13.800 15647.56 MW      0.6000
                      2   23.000   23.000   23.000  -858.71 Mvar    1.0000
    24 Convergente    2   14.400   14.400   14.400 15730.07 MW      0.6000
                      2   24.000   24.000   24.000  -865.69 Mvar    1.0000
    25 Convergente    2   15.000   15.000   15.000 15812.57 MW      0.6000
                      2   25.000   25.000   25.000  -872.67 Mvar    1.0000
    26 Convergente    2   15.600   15.600   15.600 15895.07 MW      0.6000
                      2   26.000   26.000   26.000  -879.65 Mvar    1.0000
    27 Convergente    2   16.200   16.200   16.200 15977.57 MW      0.6000
                      2   27.000   27.000   27.000  -886.63 Mvar    1.0000
    28 Convergente    2   16.800   16.800   16.800 16060.07 MW      0.6000
                      2   28.000   28.000   28.000  -893.62 Mvar    1.0000
    29 Convergente    2   17.400   17.400   17.400 16142.57 MW      0.6000
                      2   29.000   29.000   29.000  -900.60 Mvar    1.0000
    30 Convergente    2   18.000   18.000   18.000 16225.07 MW      0.6000
                      2   30.000   30.000   30.000  -907.58 Mvar    1.0000
 
 Numero maximo de iteracoes atingido
CEPEL - CENTRO DE PESQUISAS DE ENERGIA ELETRICA - PROGRAMA DE ANALISE DE REDES - V11.07.02                                 PAG.   8

 **EPE DECENAL 2032** PESADA ** ANO 2026 ** NORTE SECO                           
 RELATORIO DE TOTAIS DE AREA

 X----X--------X--------X--------X--------X--------X--------X--------X--------X
  AREA  GERACAO  INJ EQV   CARGA   ELO CC    SHUNT   EXPORT   IMPORT   PERDAS
  NUM.    MW/      MW/      MW/      MW/     Mvar/     MW/      MW/      MW/
         Mvar     Mvar     Mvar     Mvar     EQUIV    Mvar     Mvar     Mvar
 X----X--------X--------X--------X--------X--------X--------X--------X--------X

   200  16974.2      0.0  16225.1      0.0   2765.2      0.0      0.0    749.1
        -4274.0      0.0   -907.6      0.0      0.0      0.0      0.0   -601.3

 TOTAL  16974.2      0.0  16225.1      0.0   2765.2      0.0      0.0    749.1
        -4274.0      0.0   -907.6      0.0      0.0      0.0      0.0   -601.3
CEPEL - CENTRO DE PESQUISAS DE ENERGIA ELETRICA - PROGRAMA DE ANALISE DE REDES - V11.07.02                                 PAG.   9

 **EPE DECENAL 2032** PESADA ** ANO 2026 ** NORTE SECO                           
 Listagem dos casos armazenados de Fluxo de Potencia - ANAREDE
 Arquivo Historico: C:\USERS\JOAOPEDROPETERSBARBO\DROPBOX\GITPYANA\PYANA\SISTEMAS\EXIC\NE224-C2\EXLF
 X----X-------------------------------------------------------------------------------------X
  CASO                      INFORMACOES DO CASO GRAVADO
 X----X-------------------------------------------------------------------------------------X

     1 DATA: 12/01/2025 / HORA: 17:10:23   / VERSAO DO PROGRAMA: V11.07.02             
 --------------------------------------------------------------------------------
                                   Comentarios                                   
 --------------------------------------------------------------------------------
     (-------------------------------- Comentarios ------------------------------
 ---)                                                                            
 SISTEMA NE REDUZIDO                                                             
CEPEL - CENTRO DE PESQUISAS DE ENERGIA ELETRICA - PROGRAMA DE ANALISE DE REDES - V11.07.02                                 PAG.  10

 **EPE DECENAL 2032** PESADA ** ANO 2026 ** NORTE SECO                           
 RELATORIO DE PADRAO PARA OPCOES DE EXECUCAO

 X------X------X------X------X------X------X------X------X------X------X
  OPCAO  OPCAO  OPCAO  OPCAO  OPCAO  OPCAO  OPCAO  OPCAO  OPCAO  OPCAO
  NOME E NOME E NOME E NOME E NOME E NOME E NOME E NOME E NOME E NOME E
 X----X-X----X-X----X-X----X-X----X-X----X-X----X-X----X-X----X-X----X-X

  CREM L CTAP L STEP L NEWT L RCVG L RMON L FILE L SUBS L CONT L NOVO L
  CELO L MFCT L ATCR L INDC L AREG L STPO L VLCR L CPHS L


 *** AVISO ***: Nao foram encontradas inconsistencias no arquivo historico e ele sera restabelecido normalmente.
CEPEL - CENTRO DE PESQUISAS DE ENERGIA ELETRICA - PROGRAMA DE ANALISE DE REDES - V11.07.02                                 PAG.  11

 **EPE DECENAL 2032** PESADA ** ANO 2026 ** NORTE SECO                           
 RELATORIO DE CONVERGENCIA

 OPCOES ATIVADAS: CREM CTAP STEP BPSI NEWT RCVG RMON FILE CONT CELO ATCR INDC STPO VLCR CPHS





 CONVERGENCIA FINAL

 X-----------X------X------X---------------X---------------X---------------X
    ITERACAO          FREQ. ERRO MAX BARRA  ERRO MAX BARRA  ERRO MAX  CONV  
  FC  P  Q  V  M.O.   (Hz)      MW    NUM.     Mvar   NUM.  TENSAO %  NUM.  
 X--X--X--X--X------X------X---------X-----X---------X-----X---------X-----X

   0                             0.00     0      0.00     0
      0  0  0 1.0000 60.000      0.00   587      0.00   500     0.000     0
CEPEL - CENTRO DE PESQUISAS DE ENERGIA ELETRICA - PROGRAMA DE ANALISE DE REDES - V11.07.02                                 PAG.  12

 **EPE DECENAL 2032** PESADA ** ANO 2026 ** NORTE SECO                           

 --- CASO ANAREDE 02 GRAVADO. ---
 **EPE DECENAL 2032** PESADA ** ANO 2026 ** NORTE SECO                           

