CEPEL - CENTRO DE PESQUISAS DE ENERGIA ELETRICA - PROGRAMA DE ANALISE DE REDES - V11.07.02                                 PAG.  34

 **EPE DECENAL 2032** PESADA ** ANO 2026 ** NORTE SECO                           
 RELATORIO DE EXECUCAO DO FLUXO DE POTENCIA CONTINUADO

 Opcoes Ativadas: CREM CTAP STEP BPSI NEWT RCVG RMON FILE CONT CELO ATCR INDC STPO CTAF CTAF

 X----X----------------X--------------------------X-------------X---------X
                            AUMENTO DA CARGA                               
  NUM.   CONVERGENCIA        ATIVA E REATIVA (%)   CARGA DA AREA PASSO MAX 
          STATUS    P/Q  MAXIMO    AREA    SISTEMA   MW / Mvar    P/Q (%)  
 X----X------------X---X--------X--------X--------X-------------X---------X

     0 Convergente    1    0.000    0.000    0.000 11822.30 MW      1.0000
                      1    0.000    0.000    0.000  -804.73 Mvar    1.0000
     1 Convergente    5    1.000    1.000    1.000 11940.53 MW      1.0000
                      5    1.000    1.000    1.000  -812.78 Mvar    1.0000
     2 Convergente    3    2.000    2.000    2.000 12058.75 MW      1.0000
                      3    2.000    2.000    2.000  -820.83 Mvar    1.0000
     3 Convergente    3    3.000    3.000    3.000 12176.97 MW      1.0000
                      3    3.000    3.000    3.000  -828.87 Mvar    1.0000
     4 Convergente    4    4.000    4.000    4.000 12295.19 MW      1.0000
                      4    4.000    4.000    4.000  -836.92 Mvar    1.0000
     5 Convergente    3    5.000    5.000    5.000 12413.42 MW      1.0000
                      3    5.000    5.000    5.000  -844.97 Mvar    1.0000
     6 Convergente    3    6.000    6.000    6.000 12531.64 MW      1.0000
                      3    6.000    6.000    6.000  -853.02 Mvar    1.0000
     7 Convergente    3    7.000    7.000    7.000 12649.86 MW      1.0000
                      3    7.000    7.000    7.000  -861.06 Mvar    1.0000
     8 Convergente    4    8.000    8.000    8.000 12768.09 MW      1.0000
                      4    8.000    8.000    8.000  -869.11 Mvar    1.0000
     9 Convergente    3    9.000    9.000    9.000 12886.31 MW      1.0000
                      3    9.000    9.000    9.000  -877.16 Mvar    1.0000
    10 Convergente    3   10.000   10.000   10.000 13004.53 MW      1.0000
                      3   10.000   10.000   10.000  -885.21 Mvar    1.0000
    11 Convergente    3   11.000   11.000   11.000 13122.76 MW      1.0000
                      3   11.000   11.000   11.000  -893.25 Mvar    1.0000
    12 Convergente    3   12.000   12.000   12.000 13240.98 MW      1.0000
                      3   12.000   12.000   12.000  -901.30 Mvar    1.0000
    13 Convergente    3   13.000   13.000   13.000 13359.20 MW      1.0000
                      3   13.000   13.000   13.000  -909.35 Mvar    1.0000
    14 Convergente    3   14.000   14.000   14.000 13477.42 MW      1.0000
                      3   14.000   14.000   14.000  -917.40 Mvar    1.0000
    15 Convergente    3   15.000   15.000   15.000 13595.65 MW      1.0000
                      3   15.000   15.000   15.000  -925.44 Mvar    1.0000
    16 Convergente    3   16.000   16.000   16.000 13713.87 MW      1.0000
                      3   16.000   16.000   16.000  -933.49 Mvar    1.0000
    17 Convergente    3   17.000   17.000   17.000 13832.09 MW      1.0000
                      3   17.000   17.000   17.000  -941.54 Mvar    1.0000
    18 Convergente    3   18.000   18.000   18.000 13950.32 MW      1.0000
                      3   18.000   18.000   18.000  -949.58 Mvar    1.0000
    19 Convergente    3   19.000   19.000   19.000 14068.54 MW      1.0000
                      3   19.000   19.000   19.000  -957.63 Mvar    1.0000
    20 Convergente    3   20.000   20.000   20.000 14186.76 MW      1.0000
                      3   20.000   20.000   20.000  -965.68 Mvar    1.0000
    21 Convergente    3   21.000   21.000   21.000 14304.99 MW      1.0000
                      3   21.000   21.000   21.000  -973.73 Mvar    1.0000
CEPEL - CENTRO DE PESQUISAS DE ENERGIA ELETRICA - PROGRAMA DE ANALISE DE REDES - V11.07.02                                 PAG.  35

    22.0000                                                                      
 RELATORIO DE EXECUCAO DO FLUXO DE POTENCIA CONTINUADO

 Opcoes Ativadas: CREM CTAP STEP BPSI NEWT RCVG RMON FILE CONT CELO ATCR INDC STPO CTAF CTAF

 X----X----------------X--------------------------X-------------X---------X
                            AUMENTO DA CARGA                               
  NUM.   CONVERGENCIA        ATIVA E REATIVA (%)   CARGA DA AREA PASSO MAX 
          STATUS    P/Q  MAXIMO    AREA    SISTEMA   MW / Mvar    P/Q (%)  
 X----X------------X---X--------X--------X--------X-------------X---------X

    22 Convergente    3   22.000   22.000   22.000 14423.21 MW      1.0000
                      3   22.000   22.000   22.000  -981.77 Mvar    1.0000
    23 Convergente    3   23.000   23.000   23.000 14541.43 MW      1.0000
                      3   23.000   23.000   23.000  -989.82 Mvar    1.0000
    24 Convergente    3   24.000   24.000   24.000 14659.65 MW      1.0000
                      3   24.000   24.000   24.000  -997.87 Mvar    1.0000
    25 Convergente    3   25.000   25.000   25.000 14777.88 MW      1.0000
                      3   25.000   25.000   25.000 -1005.92 Mvar    1.0000
    26 Convergente    3   26.000   26.000   26.000 14896.10 MW      1.0000
                      3   26.000   26.000   26.000 -1013.96 Mvar    1.0000
    27 Convergente    3   27.000   27.000   27.000 15014.32 MW      1.0000
                      3   27.000   27.000   27.000 -1022.01 Mvar    1.0000
    28 Convergente    3   28.000   28.000   28.000 15132.55 MW      1.0000
                      3   28.000   28.000   28.000 -1030.06 Mvar    1.0000
    29 Convergente    3   29.000   29.000   29.000 15250.77 MW      1.0000
                      3   29.000   29.000   29.000 -1038.11 Mvar    1.0000
    30 Convergente    3   30.000   30.000   30.000 15368.99 MW      1.0000
                      3   30.000   30.000   30.000 -1046.15 Mvar    1.0000
 
 Numero maximo de iteracoes atingido
CEPEL - CENTRO DE PESQUISAS DE ENERGIA ELETRICA - PROGRAMA DE ANALISE DE REDES - V11.07.02                                 PAG.  36

 **EPE DECENAL 2032** PESADA ** ANO 2026 ** NORTE SECO                           
 RELATORIO DE TOTAIS DE AREA

 X----X--------X--------X--------X--------X--------X--------X--------X--------X
  AREA  GERACAO  INJ EQV   CARGA   ELO CC    SHUNT   EXPORT   IMPORT   PERDAS
  NUM.    MW/      MW/      MW/      MW/     Mvar/     MW/      MW/      MW/
         Mvar     Mvar     Mvar     Mvar     EQUIV    Mvar     Mvar     Mvar
 X----X--------X--------X--------X--------X--------X--------X--------X--------X

   200  16123.9      0.0  15369.0      0.0   2766.1      0.0      0.0    754.9
        -4049.2      0.0  -1046.2      0.0      0.0      0.0      0.0   -236.9

 TOTAL  16123.9      0.0  15369.0      0.0   2766.1      0.0      0.0    754.9
        -4049.2      0.0  -1046.2      0.0      0.0      0.0      0.0   -236.9
CEPEL - CENTRO DE PESQUISAS DE ENERGIA ELETRICA - PROGRAMA DE ANALISE DE REDES - V11.07.02                                 PAG.  37

 **EPE DECENAL 2032** PESADA ** ANO 2026 ** NORTE SECO                           
 Listagem dos casos armazenados de Fluxo de Potencia - ANAREDE
 Arquivo Historico: C:\USERS\JOAOPEDROPETERSBARBO\DROPBOX\GITPYANA\PYANA\SISTEMAS\EXIC\NE224-C2\EXLF
 X----X-------------------------------------------------------------------------------------X
  CASO                      INFORMACOES DO CASO GRAVADO
 X----X-------------------------------------------------------------------------------------X

     1 DATA: 12/01/2025 / HORA: 21:44:53   / VERSAO DO PROGRAMA: V11.07.02             
 --------------------------------------------------------------------------------
                                   Comentarios                                   
 --------------------------------------------------------------------------------
     (-------------------------------- Comentarios ------------------------------
 ---)                                                                            
 SISTEMA NE REDUZIDO                                                             
CEPEL - CENTRO DE PESQUISAS DE ENERGIA ELETRICA - PROGRAMA DE ANALISE DE REDES - V11.07.02                                 PAG.  38

 **EPE DECENAL 2032** PESADA ** ANO 2026 ** NORTE SECO                           
 RELATORIO DE PADRAO PARA OPCOES DE EXECUCAO

 X------X------X------X------X------X------X------X------X------X------X
  OPCAO  OPCAO  OPCAO  OPCAO  OPCAO  OPCAO  OPCAO  OPCAO  OPCAO  OPCAO
  NOME E NOME E NOME E NOME E NOME E NOME E NOME E NOME E NOME E NOME E
 X----X-X----X-X----X-X----X-X----X-X----X-X----X-X----X-X----X-X----X-X

  CREM L CTAP L STEP L NEWT L RCVG L RMON L FILE L SUBS L CONT L NOVO L
  CELO L MFCT L ATCR L INDC L AREG L STPO L VLCR L CPHS L


 *** AVISO ***: Nao foram encontradas inconsistencias no arquivo historico e ele sera restabelecido normalmente.
CEPEL - CENTRO DE PESQUISAS DE ENERGIA ELETRICA - PROGRAMA DE ANALISE DE REDES - V11.07.02                                 PAG.  39

 **EPE DECENAL 2032** PESADA ** ANO 2026 ** NORTE SECO                           
 RELATORIO DE CONVERGENCIA

 OPCOES ATIVADAS: CREM CTAP STEP BPSI NEWT RCVG RMON FILE CONT CELO ATCR INDC STPO VLCR CPHS





 CONVERGENCIA FINAL

 X-----------X------X------X---------------X---------------X---------------X
    ITERACAO          FREQ. ERRO MAX BARRA  ERRO MAX BARRA  ERRO MAX  CONV  
  FC  P  Q  V  M.O.   (Hz)      MW    NUM.     Mvar   NUM.  TENSAO %  NUM.  
 X--X--X--X--X------X------X---------X-----X---------X-----X---------X-----X

   0                             0.00     0      0.00     0
      0  0  0 1.0000 60.000      0.00   587      0.00   500     0.000     0
CEPEL - CENTRO DE PESQUISAS DE ENERGIA ELETRICA - PROGRAMA DE ANALISE DE REDES - V11.07.02                                 PAG.  40

 **EPE DECENAL 2032** PESADA ** ANO 2026 ** NORTE SECO                           

 --- CASO ANAREDE 06 GRAVADO. ---
 **EPE DECENAL 2032** PESADA ** ANO 2026 ** NORTE SECO                           

