CEPEL - CENTRO DE PESQUISAS DE ENERGIA ELETRICA - PROGRAMA DE ANALISE DE REDES - V11.07.02                                 PAG.  34

 **EPE DECENAL 2032** PESADA ** ANO 2026 ** NORTE SECO                           
 RELATORIO DE EXECUCAO DO FLUXO DE POTENCIA CONTINUADO

 Opcoes Ativadas: CREM CTAP STEP BPSI NEWT RCVG RMON FILE CONT CELO ATCR INDC STPO CTAF CTAF

 X----X----------------X--------------------------X-------------X---------X
                            AUMENTO DA CARGA                               
  NUM.   CONVERGENCIA        ATIVA E REATIVA (%)   CARGA DA AREA PASSO MAX 
          STATUS    P/Q  MAXIMO    AREA    SISTEMA   MW / Mvar    P/Q (%)  
 X----X------------X---X--------X--------X--------X-------------X---------X

     0 Convergente    1    0.000    0.000    0.000 12710.11 MW      1.0000
                      1    0.000    0.000    0.000  -756.00 Mvar    1.0000
     1 Convergente    3    1.000    1.000    1.000 12837.21 MW      1.0000
                      3    1.000    1.000    1.000  -763.56 Mvar    1.0000
     2 Convergente    3    2.000    2.000    2.000 12964.31 MW      1.0000
                      3    2.000    2.000    2.000  -771.12 Mvar    1.0000
     3 Convergente    3    3.000    3.000    3.000 13091.41 MW      1.0000
                      3    3.000    3.000    3.000  -778.68 Mvar    1.0000
     4 Convergente    3    4.000    4.000    4.000 13218.51 MW      1.0000
                      3    4.000    4.000    4.000  -786.24 Mvar    1.0000
     5 Convergente    3    5.000    5.000    5.000 13345.62 MW      1.0000
                      3    5.000    5.000    5.000  -793.80 Mvar    1.0000
     6 Convergente    3    6.000    6.000    6.000 13472.72 MW      1.0000
                      3    6.000    6.000    6.000  -801.36 Mvar    1.0000
     7 Convergente    2    7.000    7.000    7.000 13599.82 MW      1.0000
                      2    7.000    7.000    7.000  -808.92 Mvar    1.0000
     8 Convergente    3    8.000    8.000    8.000 13726.92 MW      1.0000
                      3    8.000    8.000    8.000  -816.48 Mvar    1.0000
     9 Convergente    2    9.000    9.000    9.000 13854.02 MW      1.0000
                      2    9.000    9.000    9.000  -824.04 Mvar    1.0000
    10 Convergente    2   10.000   10.000   10.000 13981.12 MW      1.0000
                      2   10.000   10.000   10.000  -831.60 Mvar    1.0000
    11 Convergente    2   11.000   11.000   11.000 14108.22 MW      1.0000
                      2   11.000   11.000   11.000  -839.16 Mvar    1.0000
    12 Convergente    2   12.000   12.000   12.000 14235.32 MW      1.0000
                      2   12.000   12.000   12.000  -846.72 Mvar    1.0000
    13 Convergente    2   13.000   13.000   13.000 14362.42 MW      1.0000
                      2   13.000   13.000   13.000  -854.28 Mvar    1.0000
    14 Convergente    2   14.000   14.000   14.000 14489.53 MW      1.0000
                      2   14.000   14.000   14.000  -861.84 Mvar    1.0000
    15 Convergente    2   15.000   15.000   15.000 14616.63 MW      1.0000
                      2   15.000   15.000   15.000  -869.40 Mvar    1.0000
    16 Convergente    2   16.000   16.000   16.000 14743.73 MW      1.0000
                      2   16.000   16.000   16.000  -876.96 Mvar    1.0000
    17 Convergente    2   17.000   17.000   17.000 14870.83 MW      1.0000
                      2   17.000   17.000   17.000  -884.52 Mvar    1.0000
    18 Convergente    2   18.000   18.000   18.000 14997.93 MW      1.0000
                      2   18.000   18.000   18.000  -892.08 Mvar    1.0000
    19 Convergente    2   19.000   19.000   19.000 15125.03 MW      1.0000
                      2   19.000   19.000   19.000  -899.64 Mvar    1.0000
    20 Convergente    2   20.000   20.000   20.000 15252.13 MW      1.0000
                      2   20.000   20.000   20.000  -907.20 Mvar    1.0000
    21 Convergente    2   21.000   21.000   21.000 15379.23 MW      1.0000
                      2   21.000   21.000   21.000  -914.76 Mvar    1.0000
CEPEL - CENTRO DE PESQUISAS DE ENERGIA ELETRICA - PROGRAMA DE ANALISE DE REDES - V11.07.02                                 PAG.  35

    22.0000                                                                      
 RELATORIO DE EXECUCAO DO FLUXO DE POTENCIA CONTINUADO

 Opcoes Ativadas: CREM CTAP STEP BPSI NEWT RCVG RMON FILE CONT CELO ATCR INDC STPO CTAF CTAF

 X----X----------------X--------------------------X-------------X---------X
                            AUMENTO DA CARGA                               
  NUM.   CONVERGENCIA        ATIVA E REATIVA (%)   CARGA DA AREA PASSO MAX 
          STATUS    P/Q  MAXIMO    AREA    SISTEMA   MW / Mvar    P/Q (%)  
 X----X------------X---X--------X--------X--------X-------------X---------X

    22 Convergente    2   22.000   22.000   22.000 15506.33 MW      1.0000
                      2   22.000   22.000   22.000  -922.32 Mvar    1.0000
    23 Convergente    2   23.000   23.000   23.000 15633.44 MW      1.0000
                      2   23.000   23.000   23.000  -929.88 Mvar    1.0000
    24 Convergente    2   24.000   24.000   24.000 15760.54 MW      1.0000
                      2   24.000   24.000   24.000  -937.44 Mvar    1.0000
    25 Convergente    2   25.000   25.000   25.000 15887.64 MW      1.0000
                      2   25.000   25.000   25.000  -945.00 Mvar    1.0000
    26 Convergente    2   26.000   26.000   26.000 16014.74 MW      1.0000
                      2   26.000   26.000   26.000  -952.56 Mvar    1.0000
    27 Convergente    2   27.000   27.000   27.000 16141.84 MW      1.0000
                      2   27.000   27.000   27.000  -960.12 Mvar    1.0000
    28 Convergente    2   28.000   28.000   28.000 16268.94 MW      1.0000
                      2   28.000   28.000   28.000  -967.68 Mvar    1.0000
    29 Convergente    2   29.000   29.000   29.000 16396.04 MW      1.0000
                      2   29.000   29.000   29.000  -975.24 Mvar    1.0000
    30 Convergente    2   30.000   30.000   30.000 16523.14 MW      1.0000
                      2   30.000   30.000   30.000  -982.80 Mvar    1.0000
 
 Numero maximo de iteracoes atingido
CEPEL - CENTRO DE PESQUISAS DE ENERGIA ELETRICA - PROGRAMA DE ANALISE DE REDES - V11.07.02                                 PAG.  36

 **EPE DECENAL 2032** PESADA ** ANO 2026 ** NORTE SECO                           
 RELATORIO DE TOTAIS DE AREA

 X----X--------X--------X--------X--------X--------X--------X--------X--------X
  AREA  GERACAO  INJ EQV   CARGA   ELO CC    SHUNT   EXPORT   IMPORT   PERDAS
  NUM.    MW/      MW/      MW/      MW/     Mvar/     MW/      MW/      MW/
         Mvar     Mvar     Mvar     Mvar     EQUIV    Mvar     Mvar     Mvar
 X----X--------X--------X--------X--------X--------X--------X--------X--------X

   200  17113.7      0.0  16523.1      0.0   2922.8      0.0      0.0    590.6
        -7599.0      0.0   -982.8      0.0      0.0      0.0      0.0  -3693.4

 TOTAL  17113.7      0.0  16523.1      0.0   2922.8      0.0      0.0    590.6
        -7599.0      0.0   -982.8      0.0      0.0      0.0      0.0  -3693.4
CEPEL - CENTRO DE PESQUISAS DE ENERGIA ELETRICA - PROGRAMA DE ANALISE DE REDES - V11.07.02                                 PAG.  37

 **EPE DECENAL 2032** PESADA ** ANO 2026 ** NORTE SECO                           
 Listagem dos casos armazenados de Fluxo de Potencia - ANAREDE
 Arquivo Historico: C:\USERS\JOAOPEDROPETERSBARBO\DROPBOX\GITPYANA\PYANA\SISTEMAS\EXIC\NE224-C3\EXLF
 X----X-------------------------------------------------------------------------------------X
  CASO                      INFORMACOES DO CASO GRAVADO
 X----X-------------------------------------------------------------------------------------X

     1 DATA: 14/01/2025 / HORA: 19:02:11   / VERSAO DO PROGRAMA: V11.07.02             
 --------------------------------------------------------------------------------
                                   Comentarios                                   
 --------------------------------------------------------------------------------
     (-------------------------------- Comentarios ------------------------------
 ---)                                                                            
 SISTEMA NE REDUZIDO                                                             
CEPEL - CENTRO DE PESQUISAS DE ENERGIA ELETRICA - PROGRAMA DE ANALISE DE REDES - V11.07.02                                 PAG.  38

 **EPE DECENAL 2032** PESADA ** ANO 2026 ** NORTE SECO                           
 RELATORIO DE PADRAO PARA OPCOES DE EXECUCAO

 X------X------X------X------X------X------X------X------X------X------X
  OPCAO  OPCAO  OPCAO  OPCAO  OPCAO  OPCAO  OPCAO  OPCAO  OPCAO  OPCAO
  NOME E NOME E NOME E NOME E NOME E NOME E NOME E NOME E NOME E NOME E
 X----X-X----X-X----X-X----X-X----X-X----X-X----X-X----X-X----X-X----X-X

  CREM L CTAP L STEP L NEWT L RCVG L RMON L FILE L SUBS L CONT L NOVO L
  CELO L MFCT L ATCR L INDC L AREG L STPO L VLCR L CPHS L


 *** AVISO ***: Nao foram encontradas inconsistencias no arquivo historico e ele sera restabelecido normalmente.
CEPEL - CENTRO DE PESQUISAS DE ENERGIA ELETRICA - PROGRAMA DE ANALISE DE REDES - V11.07.02                                 PAG.  39

 **EPE DECENAL 2032** PESADA ** ANO 2026 ** NORTE SECO                           
 RELATORIO DE CONVERGENCIA

 OPCOES ATIVADAS: CREM CTAP STEP BPSI NEWT RCVG RMON FILE CONT CELO ATCR INDC STPO VLCR CPHS





 CONVERGENCIA FINAL

 X-----------X------X------X---------------X---------------X---------------X
    ITERACAO          FREQ. ERRO MAX BARRA  ERRO MAX BARRA  ERRO MAX  CONV  
  FC  P  Q  V  M.O.   (Hz)      MW    NUM.     Mvar   NUM.  TENSAO %  NUM.  
 X--X--X--X--X------X------X---------X-----X---------X-----X---------X-----X

   0                             0.00     0      0.00     0
      0  0  0 1.0000 60.000      0.00   587      0.00   500     0.000     0
CEPEL - CENTRO DE PESQUISAS DE ENERGIA ELETRICA - PROGRAMA DE ANALISE DE REDES - V11.07.02                                 PAG.  40

 **EPE DECENAL 2032** PESADA ** ANO 2026 ** NORTE SECO                           

 --- CASO ANAREDE 06 GRAVADO. ---
 **EPE DECENAL 2032** PESADA ** ANO 2026 ** NORTE SECO                           

