CEPEL - CENTRO DE PESQUISAS DE ENERGIA ELETRICA - PROGRAMA DE ANALISE DE REDES - V11.07.02                                 PAG.  13

 **EPE DECENAL 2032** PESADA ** ANO 2026 ** NORTE SECO                           
 RELATORIO DE EXECUCAO DO FLUXO DE POTENCIA CONTINUADO

 Opcoes Ativadas: CREM CTAP STEP BPSI NEWT RCVG RMON FILE CONT CELO ATCR INDC STPO CTAF CTAF

 X----X----------------X--------------------------X-------------X---------X
                            AUMENTO DA CARGA                               
  NUM.   CONVERGENCIA        ATIVA E REATIVA (%)   CARGA DA AREA PASSO MAX 
          STATUS    P/Q  MAXIMO    AREA    SISTEMA   MW / Mvar    P/Q (%)  
 X----X------------X---X--------X--------X--------X-------------X---------X

     0 Convergente    1    0.000    0.000    0.000 12710.11 MW      0.7000
                      1    0.000    0.000    0.000  -756.00 Mvar    1.0000
     1 Convergente    2    0.700    0.700    0.700 12799.08 MW      0.7000
                      2    1.000    1.000    1.000  -763.56 Mvar    1.0000
     2 Convergente    2    1.400    1.400    1.400 12888.05 MW      0.7000
                      2    2.000    2.000    2.000  -771.12 Mvar    1.0000
     3 Convergente    2    2.100    2.100    2.100 12977.02 MW      0.7000
                      2    3.000    3.000    3.000  -778.68 Mvar    1.0000
     4 Convergente    2    2.800    2.800    2.800 13065.99 MW      0.7000
                      2    4.000    4.000    4.000  -786.24 Mvar    1.0000
     5 Convergente    2    3.500    3.500    3.500 13154.96 MW      0.7000
                      2    5.000    5.000    5.000  -793.80 Mvar    1.0000
     6 Convergente    2    4.200    4.200    4.200 13243.93 MW      0.7000
                      2    6.000    6.000    6.000  -801.36 Mvar    1.0000
     7 Convergente    2    4.900    4.900    4.900 13332.91 MW      0.7000
                      2    7.000    7.000    7.000  -808.92 Mvar    1.0000
     8 Convergente    2    5.600    5.600    5.600 13421.88 MW      0.7000
                      2    8.000    8.000    8.000  -816.48 Mvar    1.0000
     9 Convergente    2    6.300    6.300    6.300 13510.85 MW      0.7000
                      2    9.000    9.000    9.000  -824.04 Mvar    1.0000
    10 Convergente    3    7.000    7.000    7.000 13599.82 MW      0.7000
                      3   10.000   10.000   10.000  -831.60 Mvar    1.0000
    11 Convergente    2    7.700    7.700    7.700 13688.79 MW      0.7000
                      2   11.000   11.000   11.000  -839.16 Mvar    1.0000
    12 Convergente    2    8.400    8.400    8.400 13777.76 MW      0.7000
                      2   12.000   12.000   12.000  -846.72 Mvar    1.0000
    13 Convergente    2    9.100    9.100    9.100 13866.73 MW      0.7000
                      2   13.000   13.000   13.000  -854.28 Mvar    1.0000
    14 Convergente    2    9.800    9.800    9.800 13955.70 MW      0.7000
                      2   14.000   14.000   14.000  -861.84 Mvar    1.0000
    15 Convergente    2   10.500   10.500   10.500 14044.67 MW      0.7000
                      2   15.000   15.000   15.000  -869.40 Mvar    1.0000
    16 Convergente    2   11.200   11.200   11.200 14133.64 MW      0.7000
                      2   16.000   16.000   16.000  -876.96 Mvar    1.0000
    17 Convergente    2   11.900   11.900   11.900 14222.61 MW      0.7000
                      2   17.000   17.000   17.000  -884.52 Mvar    1.0000
    18 Convergente    2   12.600   12.600   12.600 14311.58 MW      0.7000
                      2   18.000   18.000   18.000  -892.08 Mvar    1.0000
    19 Convergente    2   13.300   13.300   13.300 14400.55 MW      0.7000
                      2   19.000   19.000   19.000  -899.64 Mvar    1.0000
    20 Convergente    2   14.000   14.000   14.000 14489.53 MW      0.7000
                      2   20.000   20.000   20.000  -907.20 Mvar    1.0000
    21 Convergente    2   14.700   14.700   14.700 14578.50 MW      0.7000
                      2   21.000   21.000   21.000  -914.76 Mvar    1.0000
CEPEL - CENTRO DE PESQUISAS DE ENERGIA ELETRICA - PROGRAMA DE ANALISE DE REDES - V11.07.02                                 PAG.  14

    15.4000                                                                      
 RELATORIO DE EXECUCAO DO FLUXO DE POTENCIA CONTINUADO

 Opcoes Ativadas: CREM CTAP STEP BPSI NEWT RCVG RMON FILE CONT CELO ATCR INDC STPO CTAF CTAF

 X----X----------------X--------------------------X-------------X---------X
                            AUMENTO DA CARGA                               
  NUM.   CONVERGENCIA        ATIVA E REATIVA (%)   CARGA DA AREA PASSO MAX 
          STATUS    P/Q  MAXIMO    AREA    SISTEMA   MW / Mvar    P/Q (%)  
 X----X------------X---X--------X--------X--------X-------------X---------X

    22 Convergente    2   15.400   15.400   15.400 14667.47 MW      0.7000
                      2   22.000   22.000   22.000  -922.32 Mvar    1.0000
    23 Convergente    2   16.100   16.100   16.100 14756.44 MW      0.7000
                      2   23.000   23.000   23.000  -929.88 Mvar    1.0000
    24 Convergente    2   16.800   16.800   16.800 14845.41 MW      0.7000
                      2   24.000   24.000   24.000  -937.44 Mvar    1.0000
    25 Convergente    2   17.500   17.500   17.500 14934.38 MW      0.7000
                      2   25.000   25.000   25.000  -945.00 Mvar    1.0000
    26 Convergente    2   18.200   18.200   18.200 15023.35 MW      0.7000
                      2   26.000   26.000   26.000  -952.56 Mvar    1.0000
    27 Convergente    2   18.900   18.900   18.900 15112.32 MW      0.7000
                      2   27.000   27.000   27.000  -960.12 Mvar    1.0000
    28 Convergente    2   19.600   19.600   19.600 15201.29 MW      0.7000
                      2   28.000   28.000   28.000  -967.68 Mvar    1.0000
    29 Convergente    2   20.300   20.300   20.300 15290.26 MW      0.7000
                      2   29.000   29.000   29.000  -975.24 Mvar    1.0000
    30 Convergente    2   21.000   21.000   21.000 15379.23 MW      0.7000
                      2   30.000   30.000   30.000  -982.80 Mvar    1.0000
 
 Numero maximo de iteracoes atingido
CEPEL - CENTRO DE PESQUISAS DE ENERGIA ELETRICA - PROGRAMA DE ANALISE DE REDES - V11.07.02                                 PAG.  15

 **EPE DECENAL 2032** PESADA ** ANO 2026 ** NORTE SECO                           
 RELATORIO DE TOTAIS DE AREA

 X----X--------X--------X--------X--------X--------X--------X--------X--------X
  AREA  GERACAO  INJ EQV   CARGA   ELO CC    SHUNT   EXPORT   IMPORT   PERDAS
  NUM.    MW/      MW/      MW/      MW/     Mvar/     MW/      MW/      MW/
         Mvar     Mvar     Mvar     Mvar     EQUIV    Mvar     Mvar     Mvar
 X----X--------X--------X--------X--------X--------X--------X--------X--------X

   200  15969.7      0.0  15379.2      0.0   2909.1      0.0      0.0    590.4
        -7312.1      0.0   -982.8      0.0      0.0      0.0      0.0  -3420.2

 TOTAL  15969.7      0.0  15379.2      0.0   2909.1      0.0      0.0    590.4
        -7312.1      0.0   -982.8      0.0      0.0      0.0      0.0  -3420.2
CEPEL - CENTRO DE PESQUISAS DE ENERGIA ELETRICA - PROGRAMA DE ANALISE DE REDES - V11.07.02                                 PAG.  16

 **EPE DECENAL 2032** PESADA ** ANO 2026 ** NORTE SECO                           
 Listagem dos casos armazenados de Fluxo de Potencia - ANAREDE
 Arquivo Historico: C:\USERS\JOAOPEDROPETERSBARBO\DROPBOX\GITPYANA\PYANA\SISTEMAS\EXIC\NE224-C3\EXLF
 X----X-------------------------------------------------------------------------------------X
  CASO                      INFORMACOES DO CASO GRAVADO
 X----X-------------------------------------------------------------------------------------X

     1 DATA: 14/01/2025 / HORA: 19:02:11   / VERSAO DO PROGRAMA: V11.07.02             
 --------------------------------------------------------------------------------
                                   Comentarios                                   
 --------------------------------------------------------------------------------
     (-------------------------------- Comentarios ------------------------------
 ---)                                                                            
 SISTEMA NE REDUZIDO                                                             
CEPEL - CENTRO DE PESQUISAS DE ENERGIA ELETRICA - PROGRAMA DE ANALISE DE REDES - V11.07.02                                 PAG.  17

 **EPE DECENAL 2032** PESADA ** ANO 2026 ** NORTE SECO                           
 RELATORIO DE PADRAO PARA OPCOES DE EXECUCAO

 X------X------X------X------X------X------X------X------X------X------X
  OPCAO  OPCAO  OPCAO  OPCAO  OPCAO  OPCAO  OPCAO  OPCAO  OPCAO  OPCAO
  NOME E NOME E NOME E NOME E NOME E NOME E NOME E NOME E NOME E NOME E
 X----X-X----X-X----X-X----X-X----X-X----X-X----X-X----X-X----X-X----X-X

  CREM L CTAP L STEP L NEWT L RCVG L RMON L FILE L SUBS L CONT L NOVO L
  CELO L MFCT L ATCR L INDC L AREG L STPO L VLCR L CPHS L


 *** AVISO ***: Nao foram encontradas inconsistencias no arquivo historico e ele sera restabelecido normalmente.
CEPEL - CENTRO DE PESQUISAS DE ENERGIA ELETRICA - PROGRAMA DE ANALISE DE REDES - V11.07.02                                 PAG.  18

 **EPE DECENAL 2032** PESADA ** ANO 2026 ** NORTE SECO                           
 RELATORIO DE CONVERGENCIA

 OPCOES ATIVADAS: CREM CTAP STEP BPSI NEWT RCVG RMON FILE CONT CELO ATCR INDC STPO VLCR CPHS





 CONVERGENCIA FINAL

 X-----------X------X------X---------------X---------------X---------------X
    ITERACAO          FREQ. ERRO MAX BARRA  ERRO MAX BARRA  ERRO MAX  CONV  
  FC  P  Q  V  M.O.   (Hz)      MW    NUM.     Mvar   NUM.  TENSAO %  NUM.  
 X--X--X--X--X------X------X---------X-----X---------X-----X---------X-----X

   0                             0.00     0      0.00     0
      0  0  0 1.0000 60.000      0.00   587      0.00   500     0.000     0
CEPEL - CENTRO DE PESQUISAS DE ENERGIA ELETRICA - PROGRAMA DE ANALISE DE REDES - V11.07.02                                 PAG.  19

 **EPE DECENAL 2032** PESADA ** ANO 2026 ** NORTE SECO                           

 --- CASO ANAREDE 03 GRAVADO. ---
 **EPE DECENAL 2032** PESADA ** ANO 2026 ** NORTE SECO                           

