CEPEL - CENTRO DE PESQUISAS DE ENERGIA ELETRICA - PROGRAMA DE ANALISE DE REDES - V11.07.02                                 PAG.  62

 **EPE DECENAL 2032** PESADA ** ANO 2026 ** NORTE SECO                           
 RELATORIO DE EXECUCAO DO FLUXO DE POTENCIA CONTINUADO

 Opcoes Ativadas: CREM CTAP STEP BPSI NEWT RCVG RMON FILE CONT CELO ATCR INDC STPO CTAF CTAF

 X----X----------------X--------------------------X-------------X---------X
                            AUMENTO DA CARGA                               
  NUM.   CONVERGENCIA        ATIVA E REATIVA (%)   CARGA DA AREA PASSO MAX 
          STATUS    P/Q  MAXIMO    AREA    SISTEMA   MW / Mvar    P/Q (%)  
 X----X------------X---X--------X--------X--------X-------------X---------X

     0 Convergente    1    0.000    0.000    0.000 12710.11 MW      1.0000
                      1    0.000    0.000    0.000  -756.00 Mvar    0.6000
     1 Convergente    3    1.000    1.000    1.000 12837.21 MW      1.0000
                      3    0.600    0.600    0.600  -760.53 Mvar    0.6000
     2 Convergente    3    2.000    2.000    2.000 12964.31 MW      1.0000
                      3    1.200    1.200    1.200  -765.07 Mvar    0.6000
     3 Convergente    3    3.000    3.000    3.000 13091.41 MW      1.0000
                      3    1.800    1.800    1.800  -769.61 Mvar    0.6000
     4 Convergente    3    4.000    4.000    4.000 13218.51 MW      1.0000
                      3    2.400    2.400    2.400  -774.14 Mvar    0.6000
     5 Convergente    3    5.000    5.000    5.000 13345.62 MW      1.0000
                      3    3.000    3.000    3.000  -778.68 Mvar    0.6000
     6 Convergente    2    6.000    6.000    6.000 13472.72 MW      1.0000
                      2    3.600    3.600    3.600  -783.21 Mvar    0.6000
     7 Convergente    2    7.000    7.000    7.000 13599.82 MW      1.0000
                      2    4.200    4.200    4.200  -787.75 Mvar    0.6000
     8 Convergente    2    8.000    8.000    8.000 13726.92 MW      1.0000
                      2    4.800    4.800    4.800  -792.29 Mvar    0.6000
     9 Convergente    3    9.000    9.000    9.000 13854.02 MW      1.0000
                      3    5.400    5.400    5.400  -796.82 Mvar    0.6000
    10 Convergente    2   10.000   10.000   10.000 13981.12 MW      1.0000
                      2    6.000    6.000    6.000  -801.36 Mvar    0.6000
    11 Convergente    2   11.000   11.000   11.000 14108.22 MW      1.0000
                      2    6.600    6.600    6.600  -805.89 Mvar    0.6000
    12 Convergente    2   12.000   12.000   12.000 14235.32 MW      1.0000
                      2    7.200    7.200    7.200  -810.43 Mvar    0.6000
    13 Convergente    2   13.000   13.000   13.000 14362.42 MW      1.0000
                      2    7.800    7.800    7.800  -814.97 Mvar    0.6000
    14 Convergente    2   14.000   14.000   14.000 14489.53 MW      1.0000
                      2    8.400    8.400    8.400  -819.50 Mvar    0.6000
    15 Convergente    2   15.000   15.000   15.000 14616.63 MW      1.0000
                      2    9.000    9.000    9.000  -824.04 Mvar    0.6000
    16 Convergente    2   16.000   16.000   16.000 14743.73 MW      1.0000
                      2    9.600    9.600    9.600  -828.57 Mvar    0.6000
    17 Convergente    2   17.000   17.000   17.000 14870.83 MW      1.0000
                      2   10.200   10.200   10.200  -833.11 Mvar    0.6000
    18 Convergente    2   18.000   18.000   18.000 14997.93 MW      1.0000
                      2   10.800   10.800   10.800  -837.65 Mvar    0.6000
    19 Convergente    2   19.000   19.000   19.000 15125.03 MW      1.0000
                      2   11.400   11.400   11.400  -842.18 Mvar    0.6000
    20 Convergente    2   20.000   20.000   20.000 15252.13 MW      1.0000
                      2   12.000   12.000   12.000  -846.72 Mvar    0.6000
    21 Convergente    2   21.000   21.000   21.000 15379.23 MW      1.0000
                      2   12.600   12.600   12.600  -851.25 Mvar    0.6000
CEPEL - CENTRO DE PESQUISAS DE ENERGIA ELETRICA - PROGRAMA DE ANALISE DE REDES - V11.07.02                                 PAG.  63

    22.0000                                                                      
 RELATORIO DE EXECUCAO DO FLUXO DE POTENCIA CONTINUADO

 Opcoes Ativadas: CREM CTAP STEP BPSI NEWT RCVG RMON FILE CONT CELO ATCR INDC STPO CTAF CTAF

 X----X----------------X--------------------------X-------------X---------X
                            AUMENTO DA CARGA                               
  NUM.   CONVERGENCIA        ATIVA E REATIVA (%)   CARGA DA AREA PASSO MAX 
          STATUS    P/Q  MAXIMO    AREA    SISTEMA   MW / Mvar    P/Q (%)  
 X----X------------X---X--------X--------X--------X-------------X---------X

    22 Convergente    2   22.000   22.000   22.000 15506.33 MW      1.0000
                      2   13.200   13.200   13.200  -855.79 Mvar    0.6000
    23 Convergente    2   23.000   23.000   23.000 15633.44 MW      1.0000
                      2   13.800   13.800   13.800  -860.33 Mvar    0.6000
    24 Convergente    2   24.000   24.000   24.000 15760.54 MW      1.0000
                      2   14.400   14.400   14.400  -864.86 Mvar    0.6000
    25 Convergente    2   25.000   25.000   25.000 15887.64 MW      1.0000
                      2   15.000   15.000   15.000  -869.40 Mvar    0.6000
    26 Convergente    2   26.000   26.000   26.000 16014.74 MW      1.0000
                      2   15.600   15.600   15.600  -873.93 Mvar    0.6000
    27 Convergente    2   27.000   27.000   27.000 16141.84 MW      1.0000
                      2   16.200   16.200   16.200  -878.47 Mvar    0.6000
    28 Convergente    2   28.000   28.000   28.000 16268.94 MW      1.0000
                      2   16.800   16.800   16.800  -883.01 Mvar    0.6000
    29 Convergente    2   29.000   29.000   29.000 16396.04 MW      1.0000
                      2   17.400   17.400   17.400  -887.54 Mvar    0.6000
    30 Convergente    2   30.000   30.000   30.000 16523.14 MW      1.0000
                      2   18.000   18.000   18.000  -892.08 Mvar    0.6000
 
 Numero maximo de iteracoes atingido
CEPEL - CENTRO DE PESQUISAS DE ENERGIA ELETRICA - PROGRAMA DE ANALISE DE REDES - V11.07.02                                 PAG.  64

 **EPE DECENAL 2032** PESADA ** ANO 2026 ** NORTE SECO                           
 RELATORIO DE TOTAIS DE AREA

 X----X--------X--------X--------X--------X--------X--------X--------X--------X
  AREA  GERACAO  INJ EQV   CARGA   ELO CC    SHUNT   EXPORT   IMPORT   PERDAS
  NUM.    MW/      MW/      MW/      MW/     Mvar/     MW/      MW/      MW/
         Mvar     Mvar     Mvar     Mvar     EQUIV    Mvar     Mvar     Mvar
 X----X--------X--------X--------X--------X--------X--------X--------X--------X

   200  17111.3      0.0  16523.1      0.0   2932.8      0.0      0.0    588.1
        -7567.2      0.0   -892.1      0.0      0.0      0.0      0.0  -3742.3

 TOTAL  17111.3      0.0  16523.1      0.0   2932.8      0.0      0.0    588.1
        -7567.2      0.0   -892.1      0.0      0.0      0.0      0.0  -3742.3
