CEPEL - CENTRO DE PESQUISAS DE ENERGIA ELETRICA - PROGRAMA DE ANALISE DE REDES - V11.07.02                                 PAG.  41

 **EPE DECENAL 2032** PESADA ** ANO 2026 ** NORTE SECO                           
 RELATORIO DE EXECUCAO DO FLUXO DE POTENCIA CONTINUADO

 Opcoes Ativadas: CREM CTAP STEP BPSI NEWT RCVG RMON FILE CONT CELO ATCR INDC STPO CTAF CTAF

 X----X----------------X--------------------------X-------------X---------X
                            AUMENTO DA CARGA                               
  NUM.   CONVERGENCIA        ATIVA E REATIVA (%)   CARGA DA AREA PASSO MAX 
          STATUS    P/Q  MAXIMO    AREA    SISTEMA   MW / Mvar    P/Q (%)  
 X----X------------X---X--------X--------X--------X-------------X---------X

     0 Convergente    1    0.000    0.000    0.000 12710.11 MW      1.0000
                      1    0.000    0.000    0.000  -756.00 Mvar    0.9000
     1 Convergente    3    1.000    1.000    1.000 12837.21 MW      1.0000
                      3    0.900    0.900    0.900  -762.80 Mvar    0.9000
     2 Convergente    3    2.000    2.000    2.000 12964.31 MW      1.0000
                      3    1.800    1.800    1.800  -769.61 Mvar    0.9000
     3 Convergente    3    3.000    3.000    3.000 13091.41 MW      1.0000
                      3    2.700    2.700    2.700  -776.41 Mvar    0.9000
     4 Convergente    3    4.000    4.000    4.000 13218.51 MW      1.0000
                      3    3.600    3.600    3.600  -783.21 Mvar    0.9000
     5 Convergente    3    5.000    5.000    5.000 13345.62 MW      1.0000
                      3    4.500    4.500    4.500  -790.02 Mvar    0.9000
     6 Convergente    3    6.000    6.000    6.000 13472.72 MW      1.0000
                      3    5.400    5.400    5.400  -796.82 Mvar    0.9000
     7 Convergente    2    7.000    7.000    7.000 13599.82 MW      1.0000
                      2    6.300    6.300    6.300  -803.63 Mvar    0.9000
     8 Convergente    3    8.000    8.000    8.000 13726.92 MW      1.0000
                      3    7.200    7.200    7.200  -810.43 Mvar    0.9000
     9 Convergente    2    9.000    9.000    9.000 13854.02 MW      1.0000
                      2    8.100    8.100    8.100  -817.23 Mvar    0.9000
    10 Convergente    2   10.000   10.000   10.000 13981.12 MW      1.0000
                      2    9.000    9.000    9.000  -824.04 Mvar    0.9000
    11 Convergente    2   11.000   11.000   11.000 14108.22 MW      1.0000
                      2    9.900    9.900    9.900  -830.84 Mvar    0.9000
    12 Convergente    2   12.000   12.000   12.000 14235.32 MW      1.0000
                      2   10.800   10.800   10.800  -837.65 Mvar    0.9000
    13 Convergente    2   13.000   13.000   13.000 14362.42 MW      1.0000
                      2   11.700   11.700   11.700  -844.45 Mvar    0.9000
    14 Convergente    2   14.000   14.000   14.000 14489.53 MW      1.0000
                      2   12.600   12.600   12.600  -851.25 Mvar    0.9000
    15 Convergente    2   15.000   15.000   15.000 14616.63 MW      1.0000
                      2   13.500   13.500   13.500  -858.06 Mvar    0.9000
    16 Convergente    2   16.000   16.000   16.000 14743.73 MW      1.0000
                      2   14.400   14.400   14.400  -864.86 Mvar    0.9000
    17 Convergente    2   17.000   17.000   17.000 14870.83 MW      1.0000
                      2   15.300   15.300   15.300  -871.67 Mvar    0.9000
    18 Convergente    2   18.000   18.000   18.000 14997.93 MW      1.0000
                      2   16.200   16.200   16.200  -878.47 Mvar    0.9000
    19 Convergente    2   19.000   19.000   19.000 15125.03 MW      1.0000
                      2   17.100   17.100   17.100  -885.27 Mvar    0.9000
    20 Convergente    2   20.000   20.000   20.000 15252.13 MW      1.0000
                      2   18.000   18.000   18.000  -892.08 Mvar    0.9000
    21 Convergente    2   21.000   21.000   21.000 15379.23 MW      1.0000
                      2   18.900   18.900   18.900  -898.88 Mvar    0.9000
CEPEL - CENTRO DE PESQUISAS DE ENERGIA ELETRICA - PROGRAMA DE ANALISE DE REDES - V11.07.02                                 PAG.  42

    22.0000                                                                      
 RELATORIO DE EXECUCAO DO FLUXO DE POTENCIA CONTINUADO

 Opcoes Ativadas: CREM CTAP STEP BPSI NEWT RCVG RMON FILE CONT CELO ATCR INDC STPO CTAF CTAF

 X----X----------------X--------------------------X-------------X---------X
                            AUMENTO DA CARGA                               
  NUM.   CONVERGENCIA        ATIVA E REATIVA (%)   CARGA DA AREA PASSO MAX 
          STATUS    P/Q  MAXIMO    AREA    SISTEMA   MW / Mvar    P/Q (%)  
 X----X------------X---X--------X--------X--------X-------------X---------X

    22 Convergente    2   22.000   22.000   22.000 15506.33 MW      1.0000
                      2   19.800   19.800   19.800  -905.69 Mvar    0.9000
    23 Convergente    2   23.000   23.000   23.000 15633.44 MW      1.0000
                      2   20.700   20.700   20.700  -912.49 Mvar    0.9000
    24 Convergente    2   24.000   24.000   24.000 15760.54 MW      1.0000
                      2   21.600   21.600   21.600  -919.29 Mvar    0.9000
    25 Convergente    2   25.000   25.000   25.000 15887.64 MW      1.0000
                      2   22.500   22.500   22.500  -926.10 Mvar    0.9000
    26 Convergente    2   26.000   26.000   26.000 16014.74 MW      1.0000
                      2   23.400   23.400   23.400  -932.90 Mvar    0.9000
    27 Convergente    2   27.000   27.000   27.000 16141.84 MW      1.0000
                      2   24.300   24.300   24.300  -939.71 Mvar    0.9000
    28 Convergente    2   28.000   28.000   28.000 16268.94 MW      1.0000
                      2   25.200   25.200   25.200  -946.51 Mvar    0.9000
    29 Convergente    2   29.000   29.000   29.000 16396.04 MW      1.0000
                      2   26.100   26.100   26.100  -953.31 Mvar    0.9000
    30 Convergente    2   30.000   30.000   30.000 16523.14 MW      1.0000
                      2   27.000   27.000   27.000  -960.12 Mvar    0.9000
 
 Numero maximo de iteracoes atingido
CEPEL - CENTRO DE PESQUISAS DE ENERGIA ELETRICA - PROGRAMA DE ANALISE DE REDES - V11.07.02                                 PAG.  43

 **EPE DECENAL 2032** PESADA ** ANO 2026 ** NORTE SECO                           
 RELATORIO DE TOTAIS DE AREA

 X----X--------X--------X--------X--------X--------X--------X--------X--------X
  AREA  GERACAO  INJ EQV   CARGA   ELO CC    SHUNT   EXPORT   IMPORT   PERDAS
  NUM.    MW/      MW/      MW/      MW/     Mvar/     MW/      MW/      MW/
         Mvar     Mvar     Mvar     Mvar     EQUIV    Mvar     Mvar     Mvar
 X----X--------X--------X--------X--------X--------X--------X--------X--------X

   200  17113.1      0.0  16523.1      0.0   2925.3      0.0      0.0    589.9
        -7591.6      0.0   -960.1      0.0      0.0      0.0      0.0  -3706.2

 TOTAL  17113.1      0.0  16523.1      0.0   2925.3      0.0      0.0    589.9
        -7591.6      0.0   -960.1      0.0      0.0      0.0      0.0  -3706.2
CEPEL - CENTRO DE PESQUISAS DE ENERGIA ELETRICA - PROGRAMA DE ANALISE DE REDES - V11.07.02                                 PAG.  44

 **EPE DECENAL 2032** PESADA ** ANO 2026 ** NORTE SECO                           
 Listagem dos casos armazenados de Fluxo de Potencia - ANAREDE
 Arquivo Historico: C:\USERS\JOAOPEDROPETERSBARBO\DROPBOX\GITPYANA\PYANA\SISTEMAS\EXIC\NE224-C3\EXLF
 X----X-------------------------------------------------------------------------------------X
  CASO                      INFORMACOES DO CASO GRAVADO
 X----X-------------------------------------------------------------------------------------X

     1 DATA: 14/01/2025 / HORA: 19:02:11   / VERSAO DO PROGRAMA: V11.07.02             
 --------------------------------------------------------------------------------
                                   Comentarios                                   
 --------------------------------------------------------------------------------
     (-------------------------------- Comentarios ------------------------------
 ---)                                                                            
 SISTEMA NE REDUZIDO                                                             
CEPEL - CENTRO DE PESQUISAS DE ENERGIA ELETRICA - PROGRAMA DE ANALISE DE REDES - V11.07.02                                 PAG.  45

 **EPE DECENAL 2032** PESADA ** ANO 2026 ** NORTE SECO                           
 RELATORIO DE PADRAO PARA OPCOES DE EXECUCAO

 X------X------X------X------X------X------X------X------X------X------X
  OPCAO  OPCAO  OPCAO  OPCAO  OPCAO  OPCAO  OPCAO  OPCAO  OPCAO  OPCAO
  NOME E NOME E NOME E NOME E NOME E NOME E NOME E NOME E NOME E NOME E
 X----X-X----X-X----X-X----X-X----X-X----X-X----X-X----X-X----X-X----X-X

  CREM L CTAP L STEP L NEWT L RCVG L RMON L FILE L SUBS L CONT L NOVO L
  CELO L MFCT L ATCR L INDC L AREG L STPO L VLCR L CPHS L


 *** AVISO ***: Nao foram encontradas inconsistencias no arquivo historico e ele sera restabelecido normalmente.
CEPEL - CENTRO DE PESQUISAS DE ENERGIA ELETRICA - PROGRAMA DE ANALISE DE REDES - V11.07.02                                 PAG.  46

 **EPE DECENAL 2032** PESADA ** ANO 2026 ** NORTE SECO                           
 RELATORIO DE CONVERGENCIA

 OPCOES ATIVADAS: CREM CTAP STEP BPSI NEWT RCVG RMON FILE CONT CELO ATCR INDC STPO VLCR CPHS





 CONVERGENCIA FINAL

 X-----------X------X------X---------------X---------------X---------------X
    ITERACAO          FREQ. ERRO MAX BARRA  ERRO MAX BARRA  ERRO MAX  CONV  
  FC  P  Q  V  M.O.   (Hz)      MW    NUM.     Mvar   NUM.  TENSAO %  NUM.  
 X--X--X--X--X------X------X---------X-----X---------X-----X---------X-----X

   0                             0.00     0      0.00     0
      0  0  0 1.0000 60.000      0.00   587      0.00   500     0.000     0
CEPEL - CENTRO DE PESQUISAS DE ENERGIA ELETRICA - PROGRAMA DE ANALISE DE REDES - V11.07.02                                 PAG.  47

 **EPE DECENAL 2032** PESADA ** ANO 2026 ** NORTE SECO                           

 --- CASO ANAREDE 07 GRAVADO. ---
 **EPE DECENAL 2032** PESADA ** ANO 2026 ** NORTE SECO                           

